[1.125s] DEBUG:colcon:Command line arguments: ['/usr/bin/colcon', 'build', '--symlink-install']
[1.125s] DEBUG:colcon:Parsed command line arguments: Namespace(log_base=None, log_level=None, verb_name='build', build_base='build', install_base='install', merge_install=False, symlink_install=True, test_result_base=None, continue_on_error=False, executor='parallel', parallel_workers=4, event_handlers=None, ignore_user_meta=False, metas=['./colcon.meta'], base_paths=['.'], packages_ignore=None, packages_ignore_regex=None, paths=None, packages_up_to=None, packages_up_to_regex=None, packages_above=None, packages_above_and_dependencies=None, packages_above_depth=None, packages_select_by_dep=None, packages_skip_by_dep=None, packages_skip_up_to=None, packages_select_build_failed=False, packages_skip_build_finished=False, packages_select_test_failures=False, packages_skip_test_passed=False, packages_select=None, packages_skip=None, packages_select_regex=None, packages_skip_regex=None, packages_start=None, packages_end=None, allow_overriding=[], cmake_args=None, cmake_target=None, cmake_target_skip_unavailable=False, cmake_clean_cache=False, cmake_clean_first=False, cmake_force_configure=False, ament_cmake_args=None, catkin_cmake_args=None, catkin_skip_building_tests=False, verb_parser=<colcon_defaults.argument_parser.defaults.DefaultArgumentsDecorator object at 0x7f363e6064a0>, verb_extension=<colcon_core.verb.build.BuildVerb object at 0x7f363e766590>, main=<bound method BuildVerb.main of <colcon_core.verb.build.BuildVerb object at 0x7f363e766590>>)
[1.182s] Level 1:colcon.colcon_core.package_discovery:discover_packages(colcon_meta) check parameters
[1.182s] Level 1:colcon.colcon_core.package_discovery:discover_packages(recursive) check parameters
[1.182s] Level 1:colcon.colcon_core.package_discovery:discover_packages(ignore) check parameters
[1.182s] Level 1:colcon.colcon_core.package_discovery:discover_packages(path) check parameters
[1.182s] Level 1:colcon.colcon_core.package_discovery:discover_packages(colcon_meta) discover
[1.182s] Level 1:colcon.colcon_core.package_discovery:discover_packages(recursive) discover
[1.182s] INFO:colcon.colcon_core.package_discovery:Crawling recursively for packages in '/home/epsdelta/Documents/RoboticaMovil/ros2_ws_2401'
[1.182s] Level 1:colcon.colcon_core.package_identification:_identify(.) by extensions ['ignore', 'ignore_ament_install']
[1.182s] Level 1:colcon.colcon_core.package_identification:_identify(.) by extension 'ignore'
[1.182s] Level 1:colcon.colcon_core.package_identification:_identify(.) by extension 'ignore_ament_install'
[1.182s] Level 1:colcon.colcon_core.package_identification:_identify(.) by extensions ['colcon_pkg']
[1.183s] Level 1:colcon.colcon_core.package_identification:_identify(.) by extension 'colcon_pkg'
[1.183s] Level 1:colcon.colcon_core.package_identification:_identify(.) by extensions ['colcon_meta']
[1.183s] Level 1:colcon.colcon_core.package_identification:_identify(.) by extension 'colcon_meta'
[1.183s] Level 1:colcon.colcon_core.package_identification:_identify(.) by extensions ['ros']
[1.183s] Level 1:colcon.colcon_core.package_identification:_identify(.) by extension 'ros'
[1.194s] Level 1:colcon.colcon_core.package_identification:_identify(.) by extensions ['cmake', 'python']
[1.194s] Level 1:colcon.colcon_core.package_identification:_identify(.) by extension 'cmake'
[1.194s] Level 1:colcon.colcon_core.package_identification:_identify(.) by extension 'python'
[1.194s] Level 1:colcon.colcon_core.package_identification:_identify(.) by extensions ['python_setup_py']
[1.194s] Level 1:colcon.colcon_core.package_identification:_identify(.) by extension 'python_setup_py'
[1.194s] Level 1:colcon.colcon_core.package_identification:_identify(build) by extensions ['ignore', 'ignore_ament_install']
[1.194s] Level 1:colcon.colcon_core.package_identification:_identify(build) by extension 'ignore'
[1.194s] Level 1:colcon.colcon_core.package_identification:_identify(build) ignored
[1.194s] Level 1:colcon.colcon_core.package_identification:_identify(install) by extensions ['ignore', 'ignore_ament_install']
[1.195s] Level 1:colcon.colcon_core.package_identification:_identify(install) by extension 'ignore'
[1.195s] Level 1:colcon.colcon_core.package_identification:_identify(install) ignored
[1.195s] Level 1:colcon.colcon_core.package_identification:_identify(log) by extensions ['ignore', 'ignore_ament_install']
[1.195s] Level 1:colcon.colcon_core.package_identification:_identify(log) by extension 'ignore'
[1.195s] Level 1:colcon.colcon_core.package_identification:_identify(log) ignored
[1.195s] Level 1:colcon.colcon_core.package_identification:_identify(src) by extensions ['ignore', 'ignore_ament_install']
[1.195s] Level 1:colcon.colcon_core.package_identification:_identify(src) by extension 'ignore'
[1.195s] Level 1:colcon.colcon_core.package_identification:_identify(src) by extension 'ignore_ament_install'
[1.195s] Level 1:colcon.colcon_core.package_identification:_identify(src) by extensions ['colcon_pkg']
[1.195s] Level 1:colcon.colcon_core.package_identification:_identify(src) by extension 'colcon_pkg'
[1.195s] Level 1:colcon.colcon_core.package_identification:_identify(src) by extensions ['colcon_meta']
[1.195s] Level 1:colcon.colcon_core.package_identification:_identify(src) by extension 'colcon_meta'
[1.195s] Level 1:colcon.colcon_core.package_identification:_identify(src) by extensions ['ros']
[1.195s] Level 1:colcon.colcon_core.package_identification:_identify(src) by extension 'ros'
[1.195s] Level 1:colcon.colcon_core.package_identification:_identify(src) by extensions ['cmake', 'python']
[1.195s] Level 1:colcon.colcon_core.package_identification:_identify(src) by extension 'cmake'
[1.195s] Level 1:colcon.colcon_core.package_identification:_identify(src) by extension 'python'
[1.195s] Level 1:colcon.colcon_core.package_identification:_identify(src) by extensions ['python_setup_py']
[1.196s] Level 1:colcon.colcon_core.package_identification:_identify(src) by extension 'python_setup_py'
[1.196s] Level 1:colcon.colcon_core.package_identification:_identify(src/f112th_sim_2401_alpha) by extensions ['ignore', 'ignore_ament_install']
[1.196s] Level 1:colcon.colcon_core.package_identification:_identify(src/f112th_sim_2401_alpha) by extension 'ignore'
[1.196s] Level 1:colcon.colcon_core.package_identification:_identify(src/f112th_sim_2401_alpha) by extension 'ignore_ament_install'
[1.196s] Level 1:colcon.colcon_core.package_identification:_identify(src/f112th_sim_2401_alpha) by extensions ['colcon_pkg']
[1.196s] Level 1:colcon.colcon_core.package_identification:_identify(src/f112th_sim_2401_alpha) by extension 'colcon_pkg'
[1.196s] Level 1:colcon.colcon_core.package_identification:_identify(src/f112th_sim_2401_alpha) by extensions ['colcon_meta']
[1.196s] Level 1:colcon.colcon_core.package_identification:_identify(src/f112th_sim_2401_alpha) by extension 'colcon_meta'
[1.196s] Level 1:colcon.colcon_core.package_identification:_identify(src/f112th_sim_2401_alpha) by extensions ['ros']
[1.196s] Level 1:colcon.colcon_core.package_identification:_identify(src/f112th_sim_2401_alpha) by extension 'ros'
[1.227s] DEBUG:colcon.colcon_core.package_identification:Package 'src/f112th_sim_2401_alpha' with type 'ros.ament_cmake' and name 'f112th_sim_2401_alpha'
[1.227s] Level 1:colcon.colcon_core.package_discovery:discover_packages(recursive) using defaults
[1.227s] Level 1:colcon.colcon_core.package_discovery:discover_packages(ignore) discover
[1.227s] Level 1:colcon.colcon_core.package_discovery:discover_packages(ignore) using defaults
[1.227s] Level 1:colcon.colcon_core.package_discovery:discover_packages(path) discover
[1.227s] Level 1:colcon.colcon_core.package_discovery:discover_packages(path) using defaults
[1.331s] Level 1:colcon.colcon_core.package_discovery:discover_packages(prefix_path) check parameters
[1.331s] Level 1:colcon.colcon_core.package_discovery:discover_packages(prefix_path) discover
[1.365s] DEBUG:colcon.colcon_installed_package_information.package_discovery:Found 1 installed packages in /home/epsdelta/tresdemodelo/install
[1.392s] DEBUG:colcon.colcon_installed_package_information.package_discovery:Found 2 installed packages in /home/epsdelta/nododos/install
[1.408s] DEBUG:colcon.colcon_installed_package_information.package_discovery:Found 2 installed packages in /home/epsdelta/ros2_ws_tut/install
[1.426s] DEBUG:colcon.colcon_installed_package_information.package_discovery:Found 298 installed packages in /opt/ros/iron
[1.427s] Level 1:colcon.colcon_core.package_discovery:discover_packages(prefix_path) using defaults
[1.518s] Level 5:colcon.colcon_core.verb:set package 'f112th_sim_2401_alpha' build argument 'cmake_args' from command line to 'None'
[1.518s] Level 5:colcon.colcon_core.verb:set package 'f112th_sim_2401_alpha' build argument 'cmake_target' from command line to 'None'
[1.518s] Level 5:colcon.colcon_core.verb:set package 'f112th_sim_2401_alpha' build argument 'cmake_target_skip_unavailable' from command line to 'False'
[1.518s] Level 5:colcon.colcon_core.verb:set package 'f112th_sim_2401_alpha' build argument 'cmake_clean_cache' from command line to 'False'
[1.518s] Level 5:colcon.colcon_core.verb:set package 'f112th_sim_2401_alpha' build argument 'cmake_clean_first' from command line to 'False'
[1.518s] Level 5:colcon.colcon_core.verb:set package 'f112th_sim_2401_alpha' build argument 'cmake_force_configure' from command line to 'False'
[1.518s] Level 5:colcon.colcon_core.verb:set package 'f112th_sim_2401_alpha' build argument 'ament_cmake_args' from command line to 'None'
[1.518s] Level 5:colcon.colcon_core.verb:set package 'f112th_sim_2401_alpha' build argument 'catkin_cmake_args' from command line to 'None'
[1.518s] Level 5:colcon.colcon_core.verb:set package 'f112th_sim_2401_alpha' build argument 'catkin_skip_building_tests' from command line to 'False'
[1.518s] DEBUG:colcon.colcon_core.verb:Building package 'f112th_sim_2401_alpha' with the following arguments: {'ament_cmake_args': None, 'build_base': '/home/epsdelta/Documents/RoboticaMovil/ros2_ws_2401/build/f112th_sim_2401_alpha', 'catkin_cmake_args': None, 'catkin_skip_building_tests': False, 'cmake_args': None, 'cmake_clean_cache': False, 'cmake_clean_first': False, 'cmake_force_configure': False, 'cmake_target': None, 'cmake_target_skip_unavailable': False, 'install_base': '/home/epsdelta/Documents/RoboticaMovil/ros2_ws_2401/install/f112th_sim_2401_alpha', 'merge_install': False, 'path': '/home/epsdelta/Documents/RoboticaMovil/ros2_ws_2401/src/f112th_sim_2401_alpha', 'symlink_install': True, 'test_result_base': None}
[1.534s] INFO:colcon.colcon_core.executor:Executing jobs using 'parallel' executor
[1.551s] DEBUG:colcon.colcon_parallel_executor.executor.parallel:run_until_complete
[1.551s] INFO:colcon.colcon_ros.task.ament_cmake.build:Building ROS package in '/home/epsdelta/Documents/RoboticaMovil/ros2_ws_2401/src/f112th_sim_2401_alpha' with build type 'ament_cmake'
[1.551s] INFO:colcon.colcon_cmake.task.cmake.build:Building CMake package in '/home/epsdelta/Documents/RoboticaMovil/ros2_ws_2401/src/f112th_sim_2401_alpha'
[1.570s] INFO:colcon.colcon_core.plugin_system:Skipping extension 'colcon_core.shell.bat': Not used on non-Windows systems
[1.570s] INFO:colcon.colcon_core.shell:Skip shell extension 'powershell' for command environment: Not usable outside of PowerShell
[1.570s] DEBUG:colcon.colcon_core.shell:Skip shell extension 'dsv' for command environment
[1.673s] DEBUG:colcon.colcon_core.event_handler.log_command:Invoking command in '/home/epsdelta/Documents/RoboticaMovil/ros2_ws_2401/build/f112th_sim_2401_alpha': CMAKE_PREFIX_PATH=/home/epsdelta/tresdemodelo/install/modelrobot_pkg_gYY:/home/epsdelta/nododos/install/turtle_move_pkg_gYY:/home/epsdelta/nododos/install/launch_pkg_gYY:/home/epsdelta/ros2_ws_tut/install/py_pubsub:/home/epsdelta/ros2_ws_tut/install/my_robot_controller:/opt/ros/iron /usr/bin/cmake /home/epsdelta/Documents/RoboticaMovil/ros2_ws_2401/src/f112th_sim_2401_alpha -DAMENT_CMAKE_SYMLINK_INSTALL=1 -DCMAKE_INSTALL_PREFIX=/home/epsdelta/Documents/RoboticaMovil/ros2_ws_2401/install/f112th_sim_2401_alpha
[3.099s] DEBUG:colcon.colcon_core.event_handler.log_command:Invoked command in '/home/epsdelta/Documents/RoboticaMovil/ros2_ws_2401/build/f112th_sim_2401_alpha' returned '1': CMAKE_PREFIX_PATH=/home/epsdelta/tresdemodelo/install/modelrobot_pkg_gYY:/home/epsdelta/nododos/install/turtle_move_pkg_gYY:/home/epsdelta/nododos/install/launch_pkg_gYY:/home/epsdelta/ros2_ws_tut/install/py_pubsub:/home/epsdelta/ros2_ws_tut/install/my_robot_controller:/opt/ros/iron /usr/bin/cmake /home/epsdelta/Documents/RoboticaMovil/ros2_ws_2401/src/f112th_sim_2401_alpha -DAMENT_CMAKE_SYMLINK_INSTALL=1 -DCMAKE_INSTALL_PREFIX=/home/epsdelta/Documents/RoboticaMovil/ros2_ws_2401/install/f112th_sim_2401_alpha
[3.109s] Level 1:colcon.colcon_core.environment:create_environment_scripts_only(f112th_sim_2401_alpha)
[3.206s] Level 1:colcon.colcon_core.environment:checking '/home/epsdelta/Documents/RoboticaMovil/ros2_ws_2401/install/f112th_sim_2401_alpha' for CMake module files
[3.208s] Level 1:colcon.colcon_core.environment:checking '/home/epsdelta/Documents/RoboticaMovil/ros2_ws_2401/install/f112th_sim_2401_alpha' for CMake config files
[3.209s] Level 1:colcon.colcon_core.environment:checking '/home/epsdelta/Documents/RoboticaMovil/ros2_ws_2401/install/f112th_sim_2401_alpha/bin'
[3.209s] Level 1:colcon.colcon_core.environment:checking '/home/epsdelta/Documents/RoboticaMovil/ros2_ws_2401/install/f112th_sim_2401_alpha/lib/pkgconfig/f112th_sim_2401_alpha.pc'
[3.210s] Level 1:colcon.colcon_core.environment:checking '/home/epsdelta/Documents/RoboticaMovil/ros2_ws_2401/install/f112th_sim_2401_alpha/lib/python3.10/site-packages'
[3.211s] Level 1:colcon.colcon_core.environment:checking '/home/epsdelta/Documents/RoboticaMovil/ros2_ws_2401/install/f112th_sim_2401_alpha/bin'
[3.242s] INFO:colcon.colcon_core.shell:Creating package script '/home/epsdelta/Documents/RoboticaMovil/ros2_ws_2401/install/f112th_sim_2401_alpha/share/f112th_sim_2401_alpha/package.ps1'
[3.243s] INFO:colcon.colcon_core.shell:Creating package descriptor '/home/epsdelta/Documents/RoboticaMovil/ros2_ws_2401/install/f112th_sim_2401_alpha/share/f112th_sim_2401_alpha/package.dsv'
[3.243s] INFO:colcon.colcon_core.shell:Creating package script '/home/epsdelta/Documents/RoboticaMovil/ros2_ws_2401/install/f112th_sim_2401_alpha/share/f112th_sim_2401_alpha/package.sh'
[3.244s] INFO:colcon.colcon_core.shell:Creating package script '/home/epsdelta/Documents/RoboticaMovil/ros2_ws_2401/install/f112th_sim_2401_alpha/share/f112th_sim_2401_alpha/package.bash'
[3.245s] INFO:colcon.colcon_core.shell:Creating package script '/home/epsdelta/Documents/RoboticaMovil/ros2_ws_2401/install/f112th_sim_2401_alpha/share/f112th_sim_2401_alpha/package.zsh'
[3.245s] Level 1:colcon.colcon_core.environment:create_file_with_runtime_dependencies(/home/epsdelta/Documents/RoboticaMovil/ros2_ws_2401/install/f112th_sim_2401_alpha/share/colcon-core/packages/f112th_sim_2401_alpha)
[3.246s] DEBUG:colcon.colcon_parallel_executor.executor.parallel:closing loop
[3.246s] DEBUG:colcon.colcon_parallel_executor.executor.parallel:loop closed
[3.246s] DEBUG:colcon.colcon_parallel_executor.executor.parallel:run_until_complete finished with '1'
[3.246s] DEBUG:colcon.colcon_core.event_reactor:joining thread
[3.268s] INFO:colcon.colcon_core.plugin_system:Skipping extension 'colcon_notification.desktop_notification.terminal_notifier': Not used on non-Darwin systems
[3.268s] INFO:colcon.colcon_core.plugin_system:Skipping extension 'colcon_notification.desktop_notification.win32': Not used on non-Windows systems
[3.269s] INFO:colcon.colcon_notification.desktop_notification:Sending desktop notification using 'notify2'
[3.277s] DEBUG:colcon.colcon_core.event_reactor:joined thread
[3.294s] INFO:colcon.colcon_core.shell:Creating prefix script '/home/epsdelta/Documents/RoboticaMovil/ros2_ws_2401/install/local_setup.ps1'
[3.294s] INFO:colcon.colcon_core.shell:Creating prefix util module '/home/epsdelta/Documents/RoboticaMovil/ros2_ws_2401/install/_local_setup_util_ps1.py'
[3.296s] INFO:colcon.colcon_core.shell:Creating prefix chain script '/home/epsdelta/Documents/RoboticaMovil/ros2_ws_2401/install/setup.ps1'
[3.316s] INFO:colcon.colcon_core.shell:Creating prefix script '/home/epsdelta/Documents/RoboticaMovil/ros2_ws_2401/install/local_setup.sh'
[3.317s] INFO:colcon.colcon_core.shell:Creating prefix util module '/home/epsdelta/Documents/RoboticaMovil/ros2_ws_2401/install/_local_setup_util_sh.py'
[3.317s] INFO:colcon.colcon_core.shell:Creating prefix chain script '/home/epsdelta/Documents/RoboticaMovil/ros2_ws_2401/install/setup.sh'
[3.336s] INFO:colcon.colcon_core.shell:Creating prefix script '/home/epsdelta/Documents/RoboticaMovil/ros2_ws_2401/install/local_setup.bash'
[3.337s] INFO:colcon.colcon_core.shell:Creating prefix chain script '/home/epsdelta/Documents/RoboticaMovil/ros2_ws_2401/install/setup.bash'
[3.354s] INFO:colcon.colcon_core.shell:Creating prefix script '/home/epsdelta/Documents/RoboticaMovil/ros2_ws_2401/install/local_setup.zsh'
[3.355s] INFO:colcon.colcon_core.shell:Creating prefix chain script '/home/epsdelta/Documents/RoboticaMovil/ros2_ws_2401/install/setup.zsh'
