[1.745s] DEBUG:colcon:Command line arguments: ['/usr/bin/colcon', 'build', '--symlink-install']
[1.745s] DEBUG:colcon:Parsed command line arguments: Namespace(log_base=None, log_level=None, verb_name='build', build_base='build', install_base='install', merge_install=False, symlink_install=True, test_result_base=None, continue_on_error=False, executor='parallel', parallel_workers=4, event_handlers=None, ignore_user_meta=False, metas=['./colcon.meta'], base_paths=['.'], packages_ignore=None, packages_ignore_regex=None, paths=None, packages_up_to=None, packages_up_to_regex=None, packages_above=None, packages_above_and_dependencies=None, packages_above_depth=None, packages_select_by_dep=None, packages_skip_by_dep=None, packages_skip_up_to=None, packages_select_build_failed=False, packages_skip_build_finished=False, packages_select_test_failures=False, packages_skip_test_passed=False, packages_select=None, packages_skip=None, packages_select_regex=None, packages_skip_regex=None, packages_start=None, packages_end=None, allow_overriding=[], cmake_args=None, cmake_target=None, cmake_target_skip_unavailable=False, cmake_clean_cache=False, cmake_clean_first=False, cmake_force_configure=False, ament_cmake_args=None, catkin_cmake_args=None, catkin_skip_building_tests=False, verb_parser=<colcon_defaults.argument_parser.defaults.DefaultArgumentsDecorator object at 0x7f757d0d9300>, verb_extension=<colcon_core.verb.build.BuildVerb object at 0x7f757d0da230>, main=<bound method BuildVerb.main of <colcon_core.verb.build.BuildVerb object at 0x7f757d0da230>>)
[1.823s] Level 1:colcon.colcon_core.package_discovery:discover_packages(colcon_meta) check parameters
[1.824s] Level 1:colcon.colcon_core.package_discovery:discover_packages(recursive) check parameters
[1.824s] Level 1:colcon.colcon_core.package_discovery:discover_packages(ignore) check parameters
[1.824s] Level 1:colcon.colcon_core.package_discovery:discover_packages(path) check parameters
[1.825s] Level 1:colcon.colcon_core.package_discovery:discover_packages(colcon_meta) discover
[1.825s] Level 1:colcon.colcon_core.package_discovery:discover_packages(recursive) discover
[1.825s] INFO:colcon.colcon_core.package_discovery:Crawling recursively for packages in '/home/epsdelta/Documents/RoboticaMovil/ros2_ws_2401'
[1.825s] Level 1:colcon.colcon_core.package_identification:_identify(.) by extensions ['ignore', 'ignore_ament_install']
[1.825s] Level 1:colcon.colcon_core.package_identification:_identify(.) by extension 'ignore'
[1.826s] Level 1:colcon.colcon_core.package_identification:_identify(.) by extension 'ignore_ament_install'
[1.826s] Level 1:colcon.colcon_core.package_identification:_identify(.) by extensions ['colcon_pkg']
[1.826s] Level 1:colcon.colcon_core.package_identification:_identify(.) by extension 'colcon_pkg'
[1.826s] Level 1:colcon.colcon_core.package_identification:_identify(.) by extensions ['colcon_meta']
[1.826s] Level 1:colcon.colcon_core.package_identification:_identify(.) by extension 'colcon_meta'
[1.826s] Level 1:colcon.colcon_core.package_identification:_identify(.) by extensions ['ros']
[1.826s] Level 1:colcon.colcon_core.package_identification:_identify(.) by extension 'ros'
[1.844s] Level 1:colcon.colcon_core.package_identification:_identify(.) by extensions ['cmake', 'python']
[1.844s] Level 1:colcon.colcon_core.package_identification:_identify(.) by extension 'cmake'
[1.845s] Level 1:colcon.colcon_core.package_identification:_identify(.) by extension 'python'
[1.845s] Level 1:colcon.colcon_core.package_identification:_identify(.) by extensions ['python_setup_py']
[1.845s] Level 1:colcon.colcon_core.package_identification:_identify(.) by extension 'python_setup_py'
[1.845s] Level 1:colcon.colcon_core.package_identification:_identify(build) by extensions ['ignore', 'ignore_ament_install']
[1.846s] Level 1:colcon.colcon_core.package_identification:_identify(build) by extension 'ignore'
[1.846s] Level 1:colcon.colcon_core.package_identification:_identify(build) ignored
[1.846s] Level 1:colcon.colcon_core.package_identification:_identify(install) by extensions ['ignore', 'ignore_ament_install']
[1.846s] Level 1:colcon.colcon_core.package_identification:_identify(install) by extension 'ignore'
[1.846s] Level 1:colcon.colcon_core.package_identification:_identify(install) ignored
[1.846s] Level 1:colcon.colcon_core.package_identification:_identify(log) by extensions ['ignore', 'ignore_ament_install']
[1.847s] Level 1:colcon.colcon_core.package_identification:_identify(log) by extension 'ignore'
[1.847s] Level 1:colcon.colcon_core.package_identification:_identify(log) ignored
[1.847s] Level 1:colcon.colcon_core.package_identification:_identify(src) by extensions ['ignore', 'ignore_ament_install']
[1.847s] Level 1:colcon.colcon_core.package_identification:_identify(src) by extension 'ignore'
[1.847s] Level 1:colcon.colcon_core.package_identification:_identify(src) by extension 'ignore_ament_install'
[1.847s] Level 1:colcon.colcon_core.package_identification:_identify(src) by extensions ['colcon_pkg']
[1.847s] Level 1:colcon.colcon_core.package_identification:_identify(src) by extension 'colcon_pkg'
[1.847s] Level 1:colcon.colcon_core.package_identification:_identify(src) by extensions ['colcon_meta']
[1.847s] Level 1:colcon.colcon_core.package_identification:_identify(src) by extension 'colcon_meta'
[1.847s] Level 1:colcon.colcon_core.package_identification:_identify(src) by extensions ['ros']
[1.847s] Level 1:colcon.colcon_core.package_identification:_identify(src) by extension 'ros'
[1.847s] Level 1:colcon.colcon_core.package_identification:_identify(src) by extensions ['cmake', 'python']
[1.847s] Level 1:colcon.colcon_core.package_identification:_identify(src) by extension 'cmake'
[1.848s] Level 1:colcon.colcon_core.package_identification:_identify(src) by extension 'python'
[1.848s] Level 1:colcon.colcon_core.package_identification:_identify(src) by extensions ['python_setup_py']
[1.848s] Level 1:colcon.colcon_core.package_identification:_identify(src) by extension 'python_setup_py'
[1.848s] Level 1:colcon.colcon_core.package_identification:_identify(src/f112th_sim_2401_alpha) by extensions ['ignore', 'ignore_ament_install']
[1.848s] Level 1:colcon.colcon_core.package_identification:_identify(src/f112th_sim_2401_alpha) by extension 'ignore'
[1.848s] Level 1:colcon.colcon_core.package_identification:_identify(src/f112th_sim_2401_alpha) by extension 'ignore_ament_install'
[1.848s] Level 1:colcon.colcon_core.package_identification:_identify(src/f112th_sim_2401_alpha) by extensions ['colcon_pkg']
[1.848s] Level 1:colcon.colcon_core.package_identification:_identify(src/f112th_sim_2401_alpha) by extension 'colcon_pkg'
[1.848s] Level 1:colcon.colcon_core.package_identification:_identify(src/f112th_sim_2401_alpha) by extensions ['colcon_meta']
[1.848s] Level 1:colcon.colcon_core.package_identification:_identify(src/f112th_sim_2401_alpha) by extension 'colcon_meta'
[1.848s] Level 1:colcon.colcon_core.package_identification:_identify(src/f112th_sim_2401_alpha) by extensions ['ros']
[1.848s] Level 1:colcon.colcon_core.package_identification:_identify(src/f112th_sim_2401_alpha) by extension 'ros'
[1.852s] DEBUG:colcon.colcon_core.package_identification:Package 'src/f112th_sim_2401_alpha' with type 'ros.ament_cmake' and name 'f112th_sim_2401_alpha'
[1.852s] Level 1:colcon.colcon_core.package_identification:_identify(src/joy_tester) by extensions ['ignore', 'ignore_ament_install']
[1.853s] Level 1:colcon.colcon_core.package_identification:_identify(src/joy_tester) by extension 'ignore'
[1.853s] Level 1:colcon.colcon_core.package_identification:_identify(src/joy_tester) by extension 'ignore_ament_install'
[1.853s] Level 1:colcon.colcon_core.package_identification:_identify(src/joy_tester) by extensions ['colcon_pkg']
[1.853s] Level 1:colcon.colcon_core.package_identification:_identify(src/joy_tester) by extension 'colcon_pkg'
[1.853s] Level 1:colcon.colcon_core.package_identification:_identify(src/joy_tester) by extensions ['colcon_meta']
[1.853s] Level 1:colcon.colcon_core.package_identification:_identify(src/joy_tester) by extension 'colcon_meta'
[1.853s] Level 1:colcon.colcon_core.package_identification:_identify(src/joy_tester) by extensions ['ros']
[1.853s] Level 1:colcon.colcon_core.package_identification:_identify(src/joy_tester) by extension 'ros'
[1.854s] DEBUG:colcon.colcon_core.package_identification:Package 'src/joy_tester' with type 'ros.ament_python' and name 'joy_tester'
[1.855s] Level 1:colcon.colcon_core.package_identification:_identify(src/wall_following_alpha) by extensions ['ignore', 'ignore_ament_install']
[1.855s] Level 1:colcon.colcon_core.package_identification:_identify(src/wall_following_alpha) by extension 'ignore'
[1.855s] Level 1:colcon.colcon_core.package_identification:_identify(src/wall_following_alpha) by extension 'ignore_ament_install'
[1.855s] Level 1:colcon.colcon_core.package_identification:_identify(src/wall_following_alpha) by extensions ['colcon_pkg']
[1.855s] Level 1:colcon.colcon_core.package_identification:_identify(src/wall_following_alpha) by extension 'colcon_pkg'
[1.855s] Level 1:colcon.colcon_core.package_identification:_identify(src/wall_following_alpha) by extensions ['colcon_meta']
[1.855s] Level 1:colcon.colcon_core.package_identification:_identify(src/wall_following_alpha) by extension 'colcon_meta'
[1.855s] Level 1:colcon.colcon_core.package_identification:_identify(src/wall_following_alpha) by extensions ['ros']
[1.855s] Level 1:colcon.colcon_core.package_identification:_identify(src/wall_following_alpha) by extension 'ros'
[1.856s] DEBUG:colcon.colcon_core.package_identification:Package 'src/wall_following_alpha' with type 'ros.ament_python' and name 'wall_following_alpha'
[1.856s] Level 1:colcon.colcon_core.package_discovery:discover_packages(recursive) using defaults
[1.856s] Level 1:colcon.colcon_core.package_discovery:discover_packages(ignore) discover
[1.856s] Level 1:colcon.colcon_core.package_discovery:discover_packages(ignore) using defaults
[1.857s] Level 1:colcon.colcon_core.package_discovery:discover_packages(path) discover
[1.857s] Level 1:colcon.colcon_core.package_discovery:discover_packages(path) using defaults
[2.008s] Level 1:colcon.colcon_core.package_discovery:discover_packages(prefix_path) check parameters
[2.008s] Level 1:colcon.colcon_core.package_discovery:discover_packages(prefix_path) discover
[2.058s] DEBUG:colcon.colcon_installed_package_information.package_discovery:Found 3 installed packages in /home/epsdelta/Documents/RoboticaMovil/ros2_ws_2401/install
[2.099s] DEBUG:colcon.colcon_installed_package_information.package_discovery:Found 392 installed packages in /opt/ros/humble
[2.102s] Level 1:colcon.colcon_core.package_discovery:discover_packages(prefix_path) using defaults
[2.295s] Level 5:colcon.colcon_core.verb:set package 'f112th_sim_2401_alpha' build argument 'cmake_args' from command line to 'None'
[2.295s] Level 5:colcon.colcon_core.verb:set package 'f112th_sim_2401_alpha' build argument 'cmake_target' from command line to 'None'
[2.295s] Level 5:colcon.colcon_core.verb:set package 'f112th_sim_2401_alpha' build argument 'cmake_target_skip_unavailable' from command line to 'False'
[2.295s] Level 5:colcon.colcon_core.verb:set package 'f112th_sim_2401_alpha' build argument 'cmake_clean_cache' from command line to 'False'
[2.295s] Level 5:colcon.colcon_core.verb:set package 'f112th_sim_2401_alpha' build argument 'cmake_clean_first' from command line to 'False'
[2.295s] Level 5:colcon.colcon_core.verb:set package 'f112th_sim_2401_alpha' build argument 'cmake_force_configure' from command line to 'False'
[2.295s] Level 5:colcon.colcon_core.verb:set package 'f112th_sim_2401_alpha' build argument 'ament_cmake_args' from command line to 'None'
[2.295s] Level 5:colcon.colcon_core.verb:set package 'f112th_sim_2401_alpha' build argument 'catkin_cmake_args' from command line to 'None'
[2.295s] Level 5:colcon.colcon_core.verb:set package 'f112th_sim_2401_alpha' build argument 'catkin_skip_building_tests' from command line to 'False'
[2.296s] DEBUG:colcon.colcon_core.verb:Building package 'f112th_sim_2401_alpha' with the following arguments: {'ament_cmake_args': None, 'build_base': '/home/epsdelta/Documents/RoboticaMovil/ros2_ws_2401/build/f112th_sim_2401_alpha', 'catkin_cmake_args': None, 'catkin_skip_building_tests': False, 'cmake_args': None, 'cmake_clean_cache': False, 'cmake_clean_first': False, 'cmake_force_configure': False, 'cmake_target': None, 'cmake_target_skip_unavailable': False, 'install_base': '/home/epsdelta/Documents/RoboticaMovil/ros2_ws_2401/install/f112th_sim_2401_alpha', 'merge_install': False, 'path': '/home/epsdelta/Documents/RoboticaMovil/ros2_ws_2401/src/f112th_sim_2401_alpha', 'symlink_install': True, 'test_result_base': None}
[2.321s] Level 5:colcon.colcon_core.verb:set package 'joy_tester' build argument 'cmake_args' from command line to 'None'
[2.321s] Level 5:colcon.colcon_core.verb:set package 'joy_tester' build argument 'cmake_target' from command line to 'None'
[2.322s] Level 5:colcon.colcon_core.verb:set package 'joy_tester' build argument 'cmake_target_skip_unavailable' from command line to 'False'
[2.322s] Level 5:colcon.colcon_core.verb:set package 'joy_tester' build argument 'cmake_clean_cache' from command line to 'False'
[2.322s] Level 5:colcon.colcon_core.verb:set package 'joy_tester' build argument 'cmake_clean_first' from command line to 'False'
[2.322s] Level 5:colcon.colcon_core.verb:set package 'joy_tester' build argument 'cmake_force_configure' from command line to 'False'
[2.322s] Level 5:colcon.colcon_core.verb:set package 'joy_tester' build argument 'ament_cmake_args' from command line to 'None'
[2.322s] Level 5:colcon.colcon_core.verb:set package 'joy_tester' build argument 'catkin_cmake_args' from command line to 'None'
[2.322s] Level 5:colcon.colcon_core.verb:set package 'joy_tester' build argument 'catkin_skip_building_tests' from command line to 'False'
[2.322s] DEBUG:colcon.colcon_core.verb:Building package 'joy_tester' with the following arguments: {'ament_cmake_args': None, 'build_base': '/home/epsdelta/Documents/RoboticaMovil/ros2_ws_2401/build/joy_tester', 'catkin_cmake_args': None, 'catkin_skip_building_tests': False, 'cmake_args': None, 'cmake_clean_cache': False, 'cmake_clean_first': False, 'cmake_force_configure': False, 'cmake_target': None, 'cmake_target_skip_unavailable': False, 'install_base': '/home/epsdelta/Documents/RoboticaMovil/ros2_ws_2401/install/joy_tester', 'merge_install': False, 'path': '/home/epsdelta/Documents/RoboticaMovil/ros2_ws_2401/src/joy_tester', 'symlink_install': True, 'test_result_base': None}
[2.353s] Level 5:colcon.colcon_core.verb:set package 'wall_following_alpha' build argument 'cmake_args' from command line to 'None'
[2.353s] Level 5:colcon.colcon_core.verb:set package 'wall_following_alpha' build argument 'cmake_target' from command line to 'None'
[2.353s] Level 5:colcon.colcon_core.verb:set package 'wall_following_alpha' build argument 'cmake_target_skip_unavailable' from command line to 'False'
[2.353s] Level 5:colcon.colcon_core.verb:set package 'wall_following_alpha' build argument 'cmake_clean_cache' from command line to 'False'
[2.353s] Level 5:colcon.colcon_core.verb:set package 'wall_following_alpha' build argument 'cmake_clean_first' from command line to 'False'
[2.353s] Level 5:colcon.colcon_core.verb:set package 'wall_following_alpha' build argument 'cmake_force_configure' from command line to 'False'
[2.354s] Level 5:colcon.colcon_core.verb:set package 'wall_following_alpha' build argument 'ament_cmake_args' from command line to 'None'
[2.354s] Level 5:colcon.colcon_core.verb:set package 'wall_following_alpha' build argument 'catkin_cmake_args' from command line to 'None'
[2.354s] Level 5:colcon.colcon_core.verb:set package 'wall_following_alpha' build argument 'catkin_skip_building_tests' from command line to 'False'
[2.354s] DEBUG:colcon.colcon_core.verb:Building package 'wall_following_alpha' with the following arguments: {'ament_cmake_args': None, 'build_base': '/home/epsdelta/Documents/RoboticaMovil/ros2_ws_2401/build/wall_following_alpha', 'catkin_cmake_args': None, 'catkin_skip_building_tests': False, 'cmake_args': None, 'cmake_clean_cache': False, 'cmake_clean_first': False, 'cmake_force_configure': False, 'cmake_target': None, 'cmake_target_skip_unavailable': False, 'install_base': '/home/epsdelta/Documents/RoboticaMovil/ros2_ws_2401/install/wall_following_alpha', 'merge_install': False, 'path': '/home/epsdelta/Documents/RoboticaMovil/ros2_ws_2401/src/wall_following_alpha', 'symlink_install': True, 'test_result_base': None}
[2.394s] INFO:colcon.colcon_core.executor:Executing jobs using 'parallel' executor
[2.428s] DEBUG:colcon.colcon_parallel_executor.executor.parallel:run_until_complete
[2.428s] INFO:colcon.colcon_ros.task.ament_cmake.build:Building ROS package in '/home/epsdelta/Documents/RoboticaMovil/ros2_ws_2401/src/f112th_sim_2401_alpha' with build type 'ament_cmake'
[2.429s] INFO:colcon.colcon_cmake.task.cmake.build:Building CMake package in '/home/epsdelta/Documents/RoboticaMovil/ros2_ws_2401/src/f112th_sim_2401_alpha'
[2.463s] INFO:colcon.colcon_core.plugin_system:Skipping extension 'colcon_core.shell.bat': Not used on non-Windows systems
[2.463s] INFO:colcon.colcon_core.shell:Skip shell extension 'powershell' for command environment: Not usable outside of PowerShell
[2.463s] DEBUG:colcon.colcon_core.shell:Skip shell extension 'dsv' for command environment
[2.560s] INFO:colcon.colcon_ros.task.ament_python.build:Building ROS package in '/home/epsdelta/Documents/RoboticaMovil/ros2_ws_2401/src/joy_tester' with build type 'ament_python'
[2.560s] Level 1:colcon.colcon_core.shell:create_environment_hook('joy_tester', 'ament_prefix_path')
[2.592s] INFO:colcon.colcon_core.shell:Creating environment hook '/home/epsdelta/Documents/RoboticaMovil/ros2_ws_2401/install/joy_tester/share/joy_tester/hook/ament_prefix_path.ps1'
[2.594s] INFO:colcon.colcon_core.shell:Creating environment descriptor '/home/epsdelta/Documents/RoboticaMovil/ros2_ws_2401/install/joy_tester/share/joy_tester/hook/ament_prefix_path.dsv'
[2.595s] INFO:colcon.colcon_core.shell:Creating environment hook '/home/epsdelta/Documents/RoboticaMovil/ros2_ws_2401/install/joy_tester/share/joy_tester/hook/ament_prefix_path.sh'
[2.622s] INFO:colcon.colcon_core.shell:Skip shell extension 'powershell' for command environment: Not usable outside of PowerShell
[2.622s] DEBUG:colcon.colcon_core.shell:Skip shell extension 'dsv' for command environment
[2.709s] INFO:colcon.colcon_ros.task.ament_python.build:Building ROS package in '/home/epsdelta/Documents/RoboticaMovil/ros2_ws_2401/src/wall_following_alpha' with build type 'ament_python'
[2.709s] Level 1:colcon.colcon_core.shell:create_environment_hook('wall_following_alpha', 'ament_prefix_path')
[2.736s] INFO:colcon.colcon_core.shell:Creating environment hook '/home/epsdelta/Documents/RoboticaMovil/ros2_ws_2401/install/wall_following_alpha/share/wall_following_alpha/hook/ament_prefix_path.ps1'
[2.738s] INFO:colcon.colcon_core.shell:Creating environment descriptor '/home/epsdelta/Documents/RoboticaMovil/ros2_ws_2401/install/wall_following_alpha/share/wall_following_alpha/hook/ament_prefix_path.dsv'
[2.739s] INFO:colcon.colcon_core.shell:Creating environment hook '/home/epsdelta/Documents/RoboticaMovil/ros2_ws_2401/install/wall_following_alpha/share/wall_following_alpha/hook/ament_prefix_path.sh'
[2.770s] INFO:colcon.colcon_core.shell:Skip shell extension 'powershell' for command environment: Not usable outside of PowerShell
[2.770s] DEBUG:colcon.colcon_core.shell:Skip shell extension 'dsv' for command environment
[2.855s] DEBUG:colcon.colcon_core.event_handler.log_command:Invoking command in '/home/epsdelta/Documents/RoboticaMovil/ros2_ws_2401/build/f112th_sim_2401_alpha': CMAKE_PREFIX_PATH=${CMAKE_PREFIX_PATH}:/home/epsdelta/Documents/RoboticaMovil/ros2_ws_2401/install/wall_following_alpha:/home/epsdelta/Documents/RoboticaMovil/ros2_ws_2401/install/joy_tester:/opt/ros/humble /usr/bin/cmake /home/epsdelta/Documents/RoboticaMovil/ros2_ws_2401/src/f112th_sim_2401_alpha -DAMENT_CMAKE_SYMLINK_INSTALL=1 -DCMAKE_INSTALL_PREFIX=/home/epsdelta/Documents/RoboticaMovil/ros2_ws_2401/install/f112th_sim_2401_alpha
[3.466s] INFO:colcon.colcon_core.task.python.build:Building Python package in '/home/epsdelta/Documents/RoboticaMovil/ros2_ws_2401/src/joy_tester'
[3.495s] INFO:colcon.colcon_core.shell:Skip shell extension 'powershell' for command environment: Not usable outside of PowerShell
[3.495s] DEBUG:colcon.colcon_core.shell:Skip shell extension 'dsv' for command environment
[4.052s] INFO:colcon.colcon_core.task.python.build:Building Python package in '/home/epsdelta/Documents/RoboticaMovil/ros2_ws_2401/src/wall_following_alpha'
[4.083s] INFO:colcon.colcon_core.shell:Skip shell extension 'powershell' for command environment: Not usable outside of PowerShell
[4.083s] DEBUG:colcon.colcon_core.shell:Skip shell extension 'dsv' for command environment
[4.179s] DEBUG:colcon.colcon_core.event_handler.log_command:Invoked command in '/home/epsdelta/Documents/RoboticaMovil/ros2_ws_2401/build/f112th_sim_2401_alpha' returned '0': CMAKE_PREFIX_PATH=${CMAKE_PREFIX_PATH}:/home/epsdelta/Documents/RoboticaMovil/ros2_ws_2401/install/wall_following_alpha:/home/epsdelta/Documents/RoboticaMovil/ros2_ws_2401/install/joy_tester:/opt/ros/humble /usr/bin/cmake /home/epsdelta/Documents/RoboticaMovil/ros2_ws_2401/src/f112th_sim_2401_alpha -DAMENT_CMAKE_SYMLINK_INSTALL=1 -DCMAKE_INSTALL_PREFIX=/home/epsdelta/Documents/RoboticaMovil/ros2_ws_2401/install/f112th_sim_2401_alpha
[4.181s] DEBUG:colcon.colcon_core.event_handler.log_command:Invoking command in '/home/epsdelta/Documents/RoboticaMovil/ros2_ws_2401/build/f112th_sim_2401_alpha': CMAKE_PREFIX_PATH=${CMAKE_PREFIX_PATH}:/home/epsdelta/Documents/RoboticaMovil/ros2_ws_2401/install/wall_following_alpha:/home/epsdelta/Documents/RoboticaMovil/ros2_ws_2401/install/joy_tester:/opt/ros/humble /usr/bin/cmake --build /home/epsdelta/Documents/RoboticaMovil/ros2_ws_2401/build/f112th_sim_2401_alpha -- -j4 -l4
[4.258s] DEBUG:colcon.colcon_core.event_handler.log_command:Invoked command in '/home/epsdelta/Documents/RoboticaMovil/ros2_ws_2401/build/f112th_sim_2401_alpha' returned '0': CMAKE_PREFIX_PATH=${CMAKE_PREFIX_PATH}:/home/epsdelta/Documents/RoboticaMovil/ros2_ws_2401/install/wall_following_alpha:/home/epsdelta/Documents/RoboticaMovil/ros2_ws_2401/install/joy_tester:/opt/ros/humble /usr/bin/cmake --build /home/epsdelta/Documents/RoboticaMovil/ros2_ws_2401/build/f112th_sim_2401_alpha -- -j4 -l4
[4.342s] DEBUG:colcon.colcon_core.event_handler.log_command:Invoking command in '/home/epsdelta/Documents/RoboticaMovil/ros2_ws_2401/build/f112th_sim_2401_alpha': CMAKE_PREFIX_PATH=${CMAKE_PREFIX_PATH}:/home/epsdelta/Documents/RoboticaMovil/ros2_ws_2401/install/wall_following_alpha:/home/epsdelta/Documents/RoboticaMovil/ros2_ws_2401/install/joy_tester:/opt/ros/humble /usr/bin/cmake --install /home/epsdelta/Documents/RoboticaMovil/ros2_ws_2401/build/f112th_sim_2401_alpha
[4.424s] Level 1:colcon.colcon_core.environment:create_environment_scripts_only(f112th_sim_2401_alpha)
[4.435s] DEBUG:colcon.colcon_core.event_handler.log_command:Invoked command in '/home/epsdelta/Documents/RoboticaMovil/ros2_ws_2401/build/f112th_sim_2401_alpha' returned '0': CMAKE_PREFIX_PATH=${CMAKE_PREFIX_PATH}:/home/epsdelta/Documents/RoboticaMovil/ros2_ws_2401/install/wall_following_alpha:/home/epsdelta/Documents/RoboticaMovil/ros2_ws_2401/install/joy_tester:/opt/ros/humble /usr/bin/cmake --install /home/epsdelta/Documents/RoboticaMovil/ros2_ws_2401/build/f112th_sim_2401_alpha
[4.480s] Level 1:colcon.colcon_core.environment:checking '/home/epsdelta/Documents/RoboticaMovil/ros2_ws_2401/install/f112th_sim_2401_alpha' for CMake module files
[4.482s] Level 1:colcon.colcon_core.environment:checking '/home/epsdelta/Documents/RoboticaMovil/ros2_ws_2401/install/f112th_sim_2401_alpha' for CMake config files
[4.483s] Level 1:colcon.colcon_core.shell:create_environment_hook('f112th_sim_2401_alpha', 'cmake_prefix_path')
[4.540s] INFO:colcon.colcon_core.shell:Creating environment hook '/home/epsdelta/Documents/RoboticaMovil/ros2_ws_2401/install/f112th_sim_2401_alpha/share/f112th_sim_2401_alpha/hook/cmake_prefix_path.ps1'
[4.544s] INFO:colcon.colcon_core.shell:Creating environment descriptor '/home/epsdelta/Documents/RoboticaMovil/ros2_ws_2401/install/f112th_sim_2401_alpha/share/f112th_sim_2401_alpha/hook/cmake_prefix_path.dsv'
[4.546s] INFO:colcon.colcon_core.shell:Creating environment hook '/home/epsdelta/Documents/RoboticaMovil/ros2_ws_2401/install/f112th_sim_2401_alpha/share/f112th_sim_2401_alpha/hook/cmake_prefix_path.sh'
[4.548s] Level 1:colcon.colcon_core.environment:checking '/home/epsdelta/Documents/RoboticaMovil/ros2_ws_2401/install/f112th_sim_2401_alpha/bin'
[4.548s] Level 1:colcon.colcon_core.environment:checking '/home/epsdelta/Documents/RoboticaMovil/ros2_ws_2401/install/f112th_sim_2401_alpha/lib/pkgconfig/f112th_sim_2401_alpha.pc'
[4.549s] Level 1:colcon.colcon_core.environment:checking '/home/epsdelta/Documents/RoboticaMovil/ros2_ws_2401/install/f112th_sim_2401_alpha/lib/python3.10/site-packages'
[4.550s] Level 1:colcon.colcon_core.environment:checking '/home/epsdelta/Documents/RoboticaMovil/ros2_ws_2401/install/f112th_sim_2401_alpha/bin'
[4.608s] INFO:colcon.colcon_core.shell:Creating package script '/home/epsdelta/Documents/RoboticaMovil/ros2_ws_2401/install/f112th_sim_2401_alpha/share/f112th_sim_2401_alpha/package.ps1'
[4.615s] INFO:colcon.colcon_core.shell:Creating package descriptor '/home/epsdelta/Documents/RoboticaMovil/ros2_ws_2401/install/f112th_sim_2401_alpha/share/f112th_sim_2401_alpha/package.dsv'
[4.617s] INFO:colcon.colcon_core.shell:Creating package script '/home/epsdelta/Documents/RoboticaMovil/ros2_ws_2401/install/f112th_sim_2401_alpha/share/f112th_sim_2401_alpha/package.sh'
[4.620s] INFO:colcon.colcon_core.shell:Creating package script '/home/epsdelta/Documents/RoboticaMovil/ros2_ws_2401/install/f112th_sim_2401_alpha/share/f112th_sim_2401_alpha/package.bash'
[4.626s] INFO:colcon.colcon_core.shell:Creating package script '/home/epsdelta/Documents/RoboticaMovil/ros2_ws_2401/install/f112th_sim_2401_alpha/share/f112th_sim_2401_alpha/package.zsh'
[4.630s] Level 1:colcon.colcon_core.environment:create_file_with_runtime_dependencies(/home/epsdelta/Documents/RoboticaMovil/ros2_ws_2401/install/f112th_sim_2401_alpha/share/colcon-core/packages/f112th_sim_2401_alpha)
[4.759s] Level 1:colcon.colcon_core.environment:create_environment_scripts_only(f112th_sim_2401_alpha)
[4.822s] Level 1:colcon.colcon_core.environment:checking '/home/epsdelta/Documents/RoboticaMovil/ros2_ws_2401/install/f112th_sim_2401_alpha' for CMake module files
[4.823s] Level 1:colcon.colcon_core.environment:checking '/home/epsdelta/Documents/RoboticaMovil/ros2_ws_2401/install/f112th_sim_2401_alpha' for CMake config files
[4.824s] Level 1:colcon.colcon_core.shell:create_environment_hook('f112th_sim_2401_alpha', 'cmake_prefix_path')
[4.877s] INFO:colcon.colcon_core.shell:Creating environment hook '/home/epsdelta/Documents/RoboticaMovil/ros2_ws_2401/install/f112th_sim_2401_alpha/share/f112th_sim_2401_alpha/hook/cmake_prefix_path.ps1'
[4.877s] INFO:colcon.colcon_core.shell:Creating environment descriptor '/home/epsdelta/Documents/RoboticaMovil/ros2_ws_2401/install/f112th_sim_2401_alpha/share/f112th_sim_2401_alpha/hook/cmake_prefix_path.dsv'
[4.878s] INFO:colcon.colcon_core.shell:Creating environment hook '/home/epsdelta/Documents/RoboticaMovil/ros2_ws_2401/install/f112th_sim_2401_alpha/share/f112th_sim_2401_alpha/hook/cmake_prefix_path.sh'
[4.879s] Level 1:colcon.colcon_core.environment:checking '/home/epsdelta/Documents/RoboticaMovil/ros2_ws_2401/install/f112th_sim_2401_alpha/bin'
[4.879s] Level 1:colcon.colcon_core.environment:checking '/home/epsdelta/Documents/RoboticaMovil/ros2_ws_2401/install/f112th_sim_2401_alpha/lib/pkgconfig/f112th_sim_2401_alpha.pc'
[4.880s] Level 1:colcon.colcon_core.environment:checking '/home/epsdelta/Documents/RoboticaMovil/ros2_ws_2401/install/f112th_sim_2401_alpha/lib/python3.10/site-packages'
[4.880s] Level 1:colcon.colcon_core.environment:checking '/home/epsdelta/Documents/RoboticaMovil/ros2_ws_2401/install/f112th_sim_2401_alpha/bin'
[4.949s] INFO:colcon.colcon_core.shell:Creating package script '/home/epsdelta/Documents/RoboticaMovil/ros2_ws_2401/install/f112th_sim_2401_alpha/share/f112th_sim_2401_alpha/package.ps1'
[4.950s] INFO:colcon.colcon_core.shell:Creating package descriptor '/home/epsdelta/Documents/RoboticaMovil/ros2_ws_2401/install/f112th_sim_2401_alpha/share/f112th_sim_2401_alpha/package.dsv'
[4.951s] INFO:colcon.colcon_core.shell:Creating package script '/home/epsdelta/Documents/RoboticaMovil/ros2_ws_2401/install/f112th_sim_2401_alpha/share/f112th_sim_2401_alpha/package.sh'
[4.952s] INFO:colcon.colcon_core.shell:Creating package script '/home/epsdelta/Documents/RoboticaMovil/ros2_ws_2401/install/f112th_sim_2401_alpha/share/f112th_sim_2401_alpha/package.bash'
[4.953s] INFO:colcon.colcon_core.shell:Creating package script '/home/epsdelta/Documents/RoboticaMovil/ros2_ws_2401/install/f112th_sim_2401_alpha/share/f112th_sim_2401_alpha/package.zsh'
[4.954s] Level 1:colcon.colcon_core.environment:create_file_with_runtime_dependencies(/home/epsdelta/Documents/RoboticaMovil/ros2_ws_2401/install/f112th_sim_2401_alpha/share/colcon-core/packages/f112th_sim_2401_alpha)
[5.270s] DEBUG:colcon.colcon_core.task.python.build:While undoing a previous installation files outside the Python library path are being ignored: /home/epsdelta/Documents/RoboticaMovil/ros2_ws_2401/install/joy_tester/share/ament_index/resource_index/packages/joy_tester
[5.271s] DEBUG:colcon.colcon_core.task.python.build:While undoing a previous installation files outside the Python library path are being ignored: /home/epsdelta/Documents/RoboticaMovil/ros2_ws_2401/install/joy_tester/share/joy_tester/package.xml
[5.271s] DEBUG:colcon.colcon_core.task.python.build:While undoing a previous installation files outside the Python library path are being ignored: /home/epsdelta/Documents/RoboticaMovil/ros2_ws_2401/install/joy_tester/lib/joy_tester/test_joy
[5.273s] DEBUG:colcon.colcon_core.event_handler.log_command:Invoking command in '/home/epsdelta/Documents/RoboticaMovil/ros2_ws_2401/build/joy_tester': PYTHONPATH=/home/epsdelta/Documents/RoboticaMovil/ros2_ws_2401/build/joy_tester/prefix_override:/home/epsdelta/Documents/RoboticaMovil/ros2_ws_2401/install/joy_tester/lib/python3.10/site-packages:${PYTHONPATH} /usr/bin/python3 setup.py develop --editable --build-directory /home/epsdelta/Documents/RoboticaMovil/ros2_ws_2401/build/joy_tester/build --no-deps install_data
[5.308s] DEBUG:colcon.colcon_core.task.python.build:While undoing a previous installation files outside the Python library path are being ignored: /home/epsdelta/Documents/RoboticaMovil/ros2_ws_2401/install/wall_following_alpha/share/ament_index/resource_index/packages/wall_following_alpha
[5.308s] DEBUG:colcon.colcon_core.task.python.build:While undoing a previous installation files outside the Python library path are being ignored: /home/epsdelta/Documents/RoboticaMovil/ros2_ws_2401/install/wall_following_alpha/share/wall_following_alpha/package.xml
[5.308s] DEBUG:colcon.colcon_core.task.python.build:While undoing a previous installation files outside the Python library path are being ignored: /home/epsdelta/Documents/RoboticaMovil/ros2_ws_2401/install/wall_following_alpha/share/wall_following_alpha/wall_following_alpha.launch.py
[5.308s] DEBUG:colcon.colcon_core.task.python.build:While undoing a previous installation files outside the Python library path are being ignored: /home/epsdelta/Documents/RoboticaMovil/ros2_ws_2401/install/wall_following_alpha/share/wall_following_alpha/config.yaml
[5.309s] DEBUG:colcon.colcon_core.task.python.build:While undoing a previous installation files outside the Python library path are being ignored: /home/epsdelta/Documents/RoboticaMovil/ros2_ws_2401/install/wall_following_alpha/lib/wall_following_alpha/break
[5.309s] DEBUG:colcon.colcon_core.task.python.build:While undoing a previous installation files outside the Python library path are being ignored: /home/epsdelta/Documents/RoboticaMovil/ros2_ws_2401/install/wall_following_alpha/lib/wall_following_alpha/control_alpha
[5.309s] DEBUG:colcon.colcon_core.task.python.build:While undoing a previous installation files outside the Python library path are being ignored: /home/epsdelta/Documents/RoboticaMovil/ros2_ws_2401/install/wall_following_alpha/lib/wall_following_alpha/dist_finder_alpha
[5.309s] DEBUG:colcon.colcon_core.task.python.build:While undoing a previous installation files outside the Python library path are being ignored: /home/epsdelta/Documents/RoboticaMovil/ros2_ws_2401/install/wall_following_alpha/lib/wall_following_alpha/gap_control_alpha
[5.315s] DEBUG:colcon.colcon_core.event_handler.log_command:Invoking command in '/home/epsdelta/Documents/RoboticaMovil/ros2_ws_2401/build/wall_following_alpha': PYTHONPATH=/home/epsdelta/Documents/RoboticaMovil/ros2_ws_2401/build/wall_following_alpha/prefix_override:/home/epsdelta/Documents/RoboticaMovil/ros2_ws_2401/install/wall_following_alpha/lib/python3.10/site-packages:${PYTHONPATH} /usr/bin/python3 setup.py develop --editable --build-directory /home/epsdelta/Documents/RoboticaMovil/ros2_ws_2401/build/wall_following_alpha/build --no-deps install_data
[6.440s] Level 1:colcon.colcon_core.shell:create_environment_hook('joy_tester', 'pythonpath_develop')
[6.447s] DEBUG:colcon.colcon_core.event_handler.log_command:Invoked command in '/home/epsdelta/Documents/RoboticaMovil/ros2_ws_2401/build/joy_tester' returned '0': PYTHONPATH=/home/epsdelta/Documents/RoboticaMovil/ros2_ws_2401/build/joy_tester/prefix_override:/home/epsdelta/Documents/RoboticaMovil/ros2_ws_2401/install/joy_tester/lib/python3.10/site-packages:${PYTHONPATH} /usr/bin/python3 setup.py develop --editable --build-directory /home/epsdelta/Documents/RoboticaMovil/ros2_ws_2401/build/joy_tester/build --no-deps install_data
[6.492s] INFO:colcon.colcon_core.shell:Creating environment hook '/home/epsdelta/Documents/RoboticaMovil/ros2_ws_2401/build/joy_tester/share/joy_tester/hook/pythonpath_develop.ps1'
[6.495s] INFO:colcon.colcon_core.shell:Creating environment descriptor '/home/epsdelta/Documents/RoboticaMovil/ros2_ws_2401/build/joy_tester/share/joy_tester/hook/pythonpath_develop.dsv'
[6.496s] INFO:colcon.colcon_core.shell:Creating environment hook '/home/epsdelta/Documents/RoboticaMovil/ros2_ws_2401/build/joy_tester/share/joy_tester/hook/pythonpath_develop.sh'
[6.532s] Level 1:colcon.colcon_core.environment:checking '/home/epsdelta/Documents/RoboticaMovil/ros2_ws_2401/install/joy_tester' for CMake module files
[6.533s] Level 1:colcon.colcon_core.environment:checking '/home/epsdelta/Documents/RoboticaMovil/ros2_ws_2401/install/joy_tester' for CMake config files
[6.534s] Level 1:colcon.colcon_core.environment:checking '/home/epsdelta/Documents/RoboticaMovil/ros2_ws_2401/install/joy_tester/lib'
[6.534s] Level 1:colcon.colcon_core.environment:checking '/home/epsdelta/Documents/RoboticaMovil/ros2_ws_2401/install/joy_tester/bin'
[6.534s] Level 1:colcon.colcon_core.environment:checking '/home/epsdelta/Documents/RoboticaMovil/ros2_ws_2401/install/joy_tester/lib/pkgconfig/joy_tester.pc'
[6.535s] Level 1:colcon.colcon_core.environment:checking '/home/epsdelta/Documents/RoboticaMovil/ros2_ws_2401/install/joy_tester/lib/python3.10/site-packages'
[6.535s] Level 1:colcon.colcon_core.shell:create_environment_hook('joy_tester', 'pythonpath')
[6.561s] INFO:colcon.colcon_core.shell:Creating environment hook '/home/epsdelta/Documents/RoboticaMovil/ros2_ws_2401/install/joy_tester/share/joy_tester/hook/pythonpath.ps1'
[6.562s] INFO:colcon.colcon_core.shell:Creating environment descriptor '/home/epsdelta/Documents/RoboticaMovil/ros2_ws_2401/install/joy_tester/share/joy_tester/hook/pythonpath.dsv'
[6.563s] INFO:colcon.colcon_core.shell:Creating environment hook '/home/epsdelta/Documents/RoboticaMovil/ros2_ws_2401/install/joy_tester/share/joy_tester/hook/pythonpath.sh'
[6.564s] Level 1:colcon.colcon_core.environment:checking '/home/epsdelta/Documents/RoboticaMovil/ros2_ws_2401/install/joy_tester/bin'
[6.564s] Level 1:colcon.colcon_core.environment:create_environment_scripts_only(joy_tester)
[6.590s] INFO:colcon.colcon_core.shell:Creating package script '/home/epsdelta/Documents/RoboticaMovil/ros2_ws_2401/install/joy_tester/share/joy_tester/package.ps1'
[6.591s] INFO:colcon.colcon_core.shell:Creating package descriptor '/home/epsdelta/Documents/RoboticaMovil/ros2_ws_2401/install/joy_tester/share/joy_tester/package.dsv'
[6.592s] INFO:colcon.colcon_core.shell:Creating package script '/home/epsdelta/Documents/RoboticaMovil/ros2_ws_2401/install/joy_tester/share/joy_tester/package.sh'
[6.593s] INFO:colcon.colcon_core.shell:Creating package script '/home/epsdelta/Documents/RoboticaMovil/ros2_ws_2401/install/joy_tester/share/joy_tester/package.bash'
[6.593s] INFO:colcon.colcon_core.shell:Creating package script '/home/epsdelta/Documents/RoboticaMovil/ros2_ws_2401/install/joy_tester/share/joy_tester/package.zsh'
[6.594s] Level 1:colcon.colcon_core.environment:create_file_with_runtime_dependencies(/home/epsdelta/Documents/RoboticaMovil/ros2_ws_2401/install/joy_tester/share/colcon-core/packages/joy_tester)
[6.596s] Level 1:colcon.colcon_core.shell:create_environment_hook('wall_following_alpha', 'pythonpath_develop')
[6.597s] DEBUG:colcon.colcon_core.event_handler.log_command:Invoked command in '/home/epsdelta/Documents/RoboticaMovil/ros2_ws_2401/build/wall_following_alpha' returned '0': PYTHONPATH=/home/epsdelta/Documents/RoboticaMovil/ros2_ws_2401/build/wall_following_alpha/prefix_override:/home/epsdelta/Documents/RoboticaMovil/ros2_ws_2401/install/wall_following_alpha/lib/python3.10/site-packages:${PYTHONPATH} /usr/bin/python3 setup.py develop --editable --build-directory /home/epsdelta/Documents/RoboticaMovil/ros2_ws_2401/build/wall_following_alpha/build --no-deps install_data
[6.625s] INFO:colcon.colcon_core.shell:Creating environment hook '/home/epsdelta/Documents/RoboticaMovil/ros2_ws_2401/build/wall_following_alpha/share/wall_following_alpha/hook/pythonpath_develop.ps1'
[6.626s] INFO:colcon.colcon_core.shell:Creating environment descriptor '/home/epsdelta/Documents/RoboticaMovil/ros2_ws_2401/build/wall_following_alpha/share/wall_following_alpha/hook/pythonpath_develop.dsv'
[6.626s] INFO:colcon.colcon_core.shell:Creating environment hook '/home/epsdelta/Documents/RoboticaMovil/ros2_ws_2401/build/wall_following_alpha/share/wall_following_alpha/hook/pythonpath_develop.sh'
[6.651s] Level 1:colcon.colcon_core.environment:checking '/home/epsdelta/Documents/RoboticaMovil/ros2_ws_2401/install/wall_following_alpha' for CMake module files
[6.651s] Level 1:colcon.colcon_core.environment:checking '/home/epsdelta/Documents/RoboticaMovil/ros2_ws_2401/install/wall_following_alpha' for CMake config files
[6.653s] Level 1:colcon.colcon_core.environment:checking '/home/epsdelta/Documents/RoboticaMovil/ros2_ws_2401/install/wall_following_alpha/lib'
[6.653s] Level 1:colcon.colcon_core.environment:checking '/home/epsdelta/Documents/RoboticaMovil/ros2_ws_2401/install/wall_following_alpha/bin'
[6.653s] Level 1:colcon.colcon_core.environment:checking '/home/epsdelta/Documents/RoboticaMovil/ros2_ws_2401/install/wall_following_alpha/lib/pkgconfig/wall_following_alpha.pc'
[6.654s] Level 1:colcon.colcon_core.environment:checking '/home/epsdelta/Documents/RoboticaMovil/ros2_ws_2401/install/wall_following_alpha/lib/python3.10/site-packages'
[6.654s] Level 1:colcon.colcon_core.shell:create_environment_hook('wall_following_alpha', 'pythonpath')
[6.680s] INFO:colcon.colcon_core.shell:Creating environment hook '/home/epsdelta/Documents/RoboticaMovil/ros2_ws_2401/install/wall_following_alpha/share/wall_following_alpha/hook/pythonpath.ps1'
[6.681s] INFO:colcon.colcon_core.shell:Creating environment descriptor '/home/epsdelta/Documents/RoboticaMovil/ros2_ws_2401/install/wall_following_alpha/share/wall_following_alpha/hook/pythonpath.dsv'
[6.681s] INFO:colcon.colcon_core.shell:Creating environment hook '/home/epsdelta/Documents/RoboticaMovil/ros2_ws_2401/install/wall_following_alpha/share/wall_following_alpha/hook/pythonpath.sh'
[6.682s] Level 1:colcon.colcon_core.environment:checking '/home/epsdelta/Documents/RoboticaMovil/ros2_ws_2401/install/wall_following_alpha/bin'
[6.682s] Level 1:colcon.colcon_core.environment:create_environment_scripts_only(wall_following_alpha)
[6.711s] INFO:colcon.colcon_core.shell:Creating package script '/home/epsdelta/Documents/RoboticaMovil/ros2_ws_2401/install/wall_following_alpha/share/wall_following_alpha/package.ps1'
[6.711s] INFO:colcon.colcon_core.shell:Creating package descriptor '/home/epsdelta/Documents/RoboticaMovil/ros2_ws_2401/install/wall_following_alpha/share/wall_following_alpha/package.dsv'
[6.712s] INFO:colcon.colcon_core.shell:Creating package script '/home/epsdelta/Documents/RoboticaMovil/ros2_ws_2401/install/wall_following_alpha/share/wall_following_alpha/package.sh'
[6.713s] INFO:colcon.colcon_core.shell:Creating package script '/home/epsdelta/Documents/RoboticaMovil/ros2_ws_2401/install/wall_following_alpha/share/wall_following_alpha/package.bash'
[6.713s] INFO:colcon.colcon_core.shell:Creating package script '/home/epsdelta/Documents/RoboticaMovil/ros2_ws_2401/install/wall_following_alpha/share/wall_following_alpha/package.zsh'
[6.714s] Level 1:colcon.colcon_core.environment:create_file_with_runtime_dependencies(/home/epsdelta/Documents/RoboticaMovil/ros2_ws_2401/install/wall_following_alpha/share/colcon-core/packages/wall_following_alpha)
[6.714s] DEBUG:colcon.colcon_parallel_executor.executor.parallel:closing loop
[6.715s] DEBUG:colcon.colcon_parallel_executor.executor.parallel:loop closed
[6.715s] DEBUG:colcon.colcon_parallel_executor.executor.parallel:run_until_complete finished with '0'
[6.715s] DEBUG:colcon.colcon_core.event_reactor:joining thread
[6.753s] INFO:colcon.colcon_core.plugin_system:Skipping extension 'colcon_notification.desktop_notification.terminal_notifier': Not used on non-Darwin systems
[6.753s] INFO:colcon.colcon_core.plugin_system:Skipping extension 'colcon_notification.desktop_notification.win32': Not used on non-Windows systems
[6.754s] INFO:colcon.colcon_notification.desktop_notification:Sending desktop notification using 'notify2'
[6.775s] DEBUG:colcon.colcon_core.event_reactor:joined thread
[6.818s] INFO:colcon.colcon_core.shell:Creating prefix script '/home/epsdelta/Documents/RoboticaMovil/ros2_ws_2401/install/local_setup.ps1'
[6.819s] INFO:colcon.colcon_core.shell:Creating prefix util module '/home/epsdelta/Documents/RoboticaMovil/ros2_ws_2401/install/_local_setup_util_ps1.py'
[6.821s] INFO:colcon.colcon_core.shell:Creating prefix chain script '/home/epsdelta/Documents/RoboticaMovil/ros2_ws_2401/install/setup.ps1'
[6.870s] INFO:colcon.colcon_core.shell:Creating prefix script '/home/epsdelta/Documents/RoboticaMovil/ros2_ws_2401/install/local_setup.sh'
[6.871s] INFO:colcon.colcon_core.shell:Creating prefix util module '/home/epsdelta/Documents/RoboticaMovil/ros2_ws_2401/install/_local_setup_util_sh.py'
[6.871s] INFO:colcon.colcon_core.shell:Creating prefix chain script '/home/epsdelta/Documents/RoboticaMovil/ros2_ws_2401/install/setup.sh'
[6.921s] INFO:colcon.colcon_core.shell:Creating prefix script '/home/epsdelta/Documents/RoboticaMovil/ros2_ws_2401/install/local_setup.bash'
[6.922s] INFO:colcon.colcon_core.shell:Creating prefix chain script '/home/epsdelta/Documents/RoboticaMovil/ros2_ws_2401/install/setup.bash'
[6.971s] INFO:colcon.colcon_core.shell:Creating prefix script '/home/epsdelta/Documents/RoboticaMovil/ros2_ws_2401/install/local_setup.zsh'
[6.972s] INFO:colcon.colcon_core.shell:Creating prefix chain script '/home/epsdelta/Documents/RoboticaMovil/ros2_ws_2401/install/setup.zsh'
