[2.228s] DEBUG:colcon:Command line arguments: ['/usr/bin/colcon', 'build', '--symlink-install']
[2.229s] DEBUG:colcon:Parsed command line arguments: Namespace(log_base=None, log_level=None, verb_name='build', build_base='build', install_base='install', merge_install=False, symlink_install=True, test_result_base=None, continue_on_error=False, executor='parallel', parallel_workers=4, event_handlers=None, ignore_user_meta=False, metas=['./colcon.meta'], base_paths=['.'], packages_ignore=None, packages_ignore_regex=None, paths=None, packages_up_to=None, packages_up_to_regex=None, packages_above=None, packages_above_and_dependencies=None, packages_above_depth=None, packages_select_by_dep=None, packages_skip_by_dep=None, packages_skip_up_to=None, packages_select_build_failed=False, packages_skip_build_finished=False, packages_select_test_failures=False, packages_skip_test_passed=False, packages_select=None, packages_skip=None, packages_select_regex=None, packages_skip_regex=None, packages_start=None, packages_end=None, allow_overriding=[], cmake_args=None, cmake_target=None, cmake_target_skip_unavailable=False, cmake_clean_cache=False, cmake_clean_first=False, cmake_force_configure=False, ament_cmake_args=None, catkin_cmake_args=None, catkin_skip_building_tests=False, verb_parser=<colcon_defaults.argument_parser.defaults.DefaultArgumentsDecorator object at 0x7f5298be27d0>, verb_extension=<colcon_core.verb.build.BuildVerb object at 0x7f5298be2650>, main=<bound method BuildVerb.main of <colcon_core.verb.build.BuildVerb object at 0x7f5298be2650>>)
[2.340s] Level 1:colcon.colcon_core.package_discovery:discover_packages(colcon_meta) check parameters
[2.341s] Level 1:colcon.colcon_core.package_discovery:discover_packages(recursive) check parameters
[2.342s] Level 1:colcon.colcon_core.package_discovery:discover_packages(ignore) check parameters
[2.342s] Level 1:colcon.colcon_core.package_discovery:discover_packages(path) check parameters
[2.343s] Level 1:colcon.colcon_core.package_discovery:discover_packages(colcon_meta) discover
[2.343s] Level 1:colcon.colcon_core.package_discovery:discover_packages(recursive) discover
[2.343s] INFO:colcon.colcon_core.package_discovery:Crawling recursively for packages in '/home/epsdelta/Documents/RoboticaMovil/ros2_ws_2401'
[2.343s] Level 1:colcon.colcon_core.package_identification:_identify(.) by extensions ['ignore', 'ignore_ament_install']
[2.343s] Level 1:colcon.colcon_core.package_identification:_identify(.) by extension 'ignore'
[2.344s] Level 1:colcon.colcon_core.package_identification:_identify(.) by extension 'ignore_ament_install'
[2.344s] Level 1:colcon.colcon_core.package_identification:_identify(.) by extensions ['colcon_pkg']
[2.344s] Level 1:colcon.colcon_core.package_identification:_identify(.) by extension 'colcon_pkg'
[2.344s] Level 1:colcon.colcon_core.package_identification:_identify(.) by extensions ['colcon_meta']
[2.344s] Level 1:colcon.colcon_core.package_identification:_identify(.) by extension 'colcon_meta'
[2.344s] Level 1:colcon.colcon_core.package_identification:_identify(.) by extensions ['ros']
[2.344s] Level 1:colcon.colcon_core.package_identification:_identify(.) by extension 'ros'
[2.380s] Level 1:colcon.colcon_core.package_identification:_identify(.) by extensions ['cmake', 'python']
[2.380s] Level 1:colcon.colcon_core.package_identification:_identify(.) by extension 'cmake'
[2.380s] Level 1:colcon.colcon_core.package_identification:_identify(.) by extension 'python'
[2.380s] Level 1:colcon.colcon_core.package_identification:_identify(.) by extensions ['python_setup_py']
[2.380s] Level 1:colcon.colcon_core.package_identification:_identify(.) by extension 'python_setup_py'
[2.381s] Level 1:colcon.colcon_core.package_identification:_identify(build) by extensions ['ignore', 'ignore_ament_install']
[2.381s] Level 1:colcon.colcon_core.package_identification:_identify(build) by extension 'ignore'
[2.381s] Level 1:colcon.colcon_core.package_identification:_identify(build) ignored
[2.381s] Level 1:colcon.colcon_core.package_identification:_identify(install) by extensions ['ignore', 'ignore_ament_install']
[2.381s] Level 1:colcon.colcon_core.package_identification:_identify(install) by extension 'ignore'
[2.381s] Level 1:colcon.colcon_core.package_identification:_identify(install) ignored
[2.382s] Level 1:colcon.colcon_core.package_identification:_identify(log) by extensions ['ignore', 'ignore_ament_install']
[2.382s] Level 1:colcon.colcon_core.package_identification:_identify(log) by extension 'ignore'
[2.382s] Level 1:colcon.colcon_core.package_identification:_identify(log) ignored
[2.382s] Level 1:colcon.colcon_core.package_identification:_identify(src) by extensions ['ignore', 'ignore_ament_install']
[2.382s] Level 1:colcon.colcon_core.package_identification:_identify(src) by extension 'ignore'
[2.382s] Level 1:colcon.colcon_core.package_identification:_identify(src) by extension 'ignore_ament_install'
[2.382s] Level 1:colcon.colcon_core.package_identification:_identify(src) by extensions ['colcon_pkg']
[2.383s] Level 1:colcon.colcon_core.package_identification:_identify(src) by extension 'colcon_pkg'
[2.383s] Level 1:colcon.colcon_core.package_identification:_identify(src) by extensions ['colcon_meta']
[2.383s] Level 1:colcon.colcon_core.package_identification:_identify(src) by extension 'colcon_meta'
[2.383s] Level 1:colcon.colcon_core.package_identification:_identify(src) by extensions ['ros']
[2.383s] Level 1:colcon.colcon_core.package_identification:_identify(src) by extension 'ros'
[2.383s] Level 1:colcon.colcon_core.package_identification:_identify(src) by extensions ['cmake', 'python']
[2.383s] Level 1:colcon.colcon_core.package_identification:_identify(src) by extension 'cmake'
[2.383s] Level 1:colcon.colcon_core.package_identification:_identify(src) by extension 'python'
[2.383s] Level 1:colcon.colcon_core.package_identification:_identify(src) by extensions ['python_setup_py']
[2.383s] Level 1:colcon.colcon_core.package_identification:_identify(src) by extension 'python_setup_py'
[2.384s] Level 1:colcon.colcon_core.package_identification:_identify(src/f112th_sim_2401_alpha) by extensions ['ignore', 'ignore_ament_install']
[2.384s] Level 1:colcon.colcon_core.package_identification:_identify(src/f112th_sim_2401_alpha) by extension 'ignore'
[2.384s] Level 1:colcon.colcon_core.package_identification:_identify(src/f112th_sim_2401_alpha) by extension 'ignore_ament_install'
[2.384s] Level 1:colcon.colcon_core.package_identification:_identify(src/f112th_sim_2401_alpha) by extensions ['colcon_pkg']
[2.384s] Level 1:colcon.colcon_core.package_identification:_identify(src/f112th_sim_2401_alpha) by extension 'colcon_pkg'
[2.384s] Level 1:colcon.colcon_core.package_identification:_identify(src/f112th_sim_2401_alpha) by extensions ['colcon_meta']
[2.384s] Level 1:colcon.colcon_core.package_identification:_identify(src/f112th_sim_2401_alpha) by extension 'colcon_meta'
[2.384s] Level 1:colcon.colcon_core.package_identification:_identify(src/f112th_sim_2401_alpha) by extensions ['ros']
[2.384s] Level 1:colcon.colcon_core.package_identification:_identify(src/f112th_sim_2401_alpha) by extension 'ros'
[2.388s] DEBUG:colcon.colcon_core.package_identification:Package 'src/f112th_sim_2401_alpha' with type 'ros.ament_cmake' and name 'f112th_sim_2401_alpha'
[2.389s] Level 1:colcon.colcon_core.package_identification:_identify(src/joy_tester) by extensions ['ignore', 'ignore_ament_install']
[2.390s] Level 1:colcon.colcon_core.package_identification:_identify(src/joy_tester) by extension 'ignore'
[2.391s] Level 1:colcon.colcon_core.package_identification:_identify(src/joy_tester) by extension 'ignore_ament_install'
[2.392s] Level 1:colcon.colcon_core.package_identification:_identify(src/joy_tester) by extensions ['colcon_pkg']
[2.392s] Level 1:colcon.colcon_core.package_identification:_identify(src/joy_tester) by extension 'colcon_pkg'
[2.393s] Level 1:colcon.colcon_core.package_identification:_identify(src/joy_tester) by extensions ['colcon_meta']
[2.393s] Level 1:colcon.colcon_core.package_identification:_identify(src/joy_tester) by extension 'colcon_meta'
[2.393s] Level 1:colcon.colcon_core.package_identification:_identify(src/joy_tester) by extensions ['ros']
[2.394s] Level 1:colcon.colcon_core.package_identification:_identify(src/joy_tester) by extension 'ros'
[2.395s] DEBUG:colcon.colcon_core.package_identification:Package 'src/joy_tester' with type 'ros.ament_python' and name 'joy_tester'
[2.395s] Level 1:colcon.colcon_core.package_identification:_identify(src/wall_following_alpha) by extensions ['ignore', 'ignore_ament_install']
[2.396s] Level 1:colcon.colcon_core.package_identification:_identify(src/wall_following_alpha) by extension 'ignore'
[2.396s] Level 1:colcon.colcon_core.package_identification:_identify(src/wall_following_alpha) by extension 'ignore_ament_install'
[2.396s] Level 1:colcon.colcon_core.package_identification:_identify(src/wall_following_alpha) by extensions ['colcon_pkg']
[2.396s] Level 1:colcon.colcon_core.package_identification:_identify(src/wall_following_alpha) by extension 'colcon_pkg'
[2.396s] Level 1:colcon.colcon_core.package_identification:_identify(src/wall_following_alpha) by extensions ['colcon_meta']
[2.396s] Level 1:colcon.colcon_core.package_identification:_identify(src/wall_following_alpha) by extension 'colcon_meta'
[2.397s] Level 1:colcon.colcon_core.package_identification:_identify(src/wall_following_alpha) by extensions ['ros']
[2.397s] Level 1:colcon.colcon_core.package_identification:_identify(src/wall_following_alpha) by extension 'ros'
[2.398s] DEBUG:colcon.colcon_core.package_identification:Package 'src/wall_following_alpha' with type 'ros.ament_python' and name 'wall_following_alpha'
[2.398s] Level 1:colcon.colcon_core.package_discovery:discover_packages(recursive) using defaults
[2.398s] Level 1:colcon.colcon_core.package_discovery:discover_packages(ignore) discover
[2.398s] Level 1:colcon.colcon_core.package_discovery:discover_packages(ignore) using defaults
[2.398s] Level 1:colcon.colcon_core.package_discovery:discover_packages(path) discover
[2.398s] Level 1:colcon.colcon_core.package_discovery:discover_packages(path) using defaults
[2.615s] Level 1:colcon.colcon_core.package_discovery:discover_packages(prefix_path) check parameters
[2.615s] Level 1:colcon.colcon_core.package_discovery:discover_packages(prefix_path) discover
[2.681s] DEBUG:colcon.colcon_installed_package_information.package_discovery:Found 3 installed packages in /home/epsdelta/Documents/RoboticaMovil/ros2_ws_2401/install
[2.737s] DEBUG:colcon.colcon_installed_package_information.package_discovery:Found 392 installed packages in /opt/ros/humble
[2.744s] Level 1:colcon.colcon_core.package_discovery:discover_packages(prefix_path) using defaults
[3.046s] Level 5:colcon.colcon_core.verb:set package 'f112th_sim_2401_alpha' build argument 'cmake_args' from command line to 'None'
[3.047s] Level 5:colcon.colcon_core.verb:set package 'f112th_sim_2401_alpha' build argument 'cmake_target' from command line to 'None'
[3.047s] Level 5:colcon.colcon_core.verb:set package 'f112th_sim_2401_alpha' build argument 'cmake_target_skip_unavailable' from command line to 'False'
[3.048s] Level 5:colcon.colcon_core.verb:set package 'f112th_sim_2401_alpha' build argument 'cmake_clean_cache' from command line to 'False'
[3.048s] Level 5:colcon.colcon_core.verb:set package 'f112th_sim_2401_alpha' build argument 'cmake_clean_first' from command line to 'False'
[3.048s] Level 5:colcon.colcon_core.verb:set package 'f112th_sim_2401_alpha' build argument 'cmake_force_configure' from command line to 'False'
[3.048s] Level 5:colcon.colcon_core.verb:set package 'f112th_sim_2401_alpha' build argument 'ament_cmake_args' from command line to 'None'
[3.048s] Level 5:colcon.colcon_core.verb:set package 'f112th_sim_2401_alpha' build argument 'catkin_cmake_args' from command line to 'None'
[3.048s] Level 5:colcon.colcon_core.verb:set package 'f112th_sim_2401_alpha' build argument 'catkin_skip_building_tests' from command line to 'False'
[3.048s] DEBUG:colcon.colcon_core.verb:Building package 'f112th_sim_2401_alpha' with the following arguments: {'ament_cmake_args': None, 'build_base': '/home/epsdelta/Documents/RoboticaMovil/ros2_ws_2401/build/f112th_sim_2401_alpha', 'catkin_cmake_args': None, 'catkin_skip_building_tests': False, 'cmake_args': None, 'cmake_clean_cache': False, 'cmake_clean_first': False, 'cmake_force_configure': False, 'cmake_target': None, 'cmake_target_skip_unavailable': False, 'install_base': '/home/epsdelta/Documents/RoboticaMovil/ros2_ws_2401/install/f112th_sim_2401_alpha', 'merge_install': False, 'path': '/home/epsdelta/Documents/RoboticaMovil/ros2_ws_2401/src/f112th_sim_2401_alpha', 'symlink_install': True, 'test_result_base': None}
[3.083s] Level 5:colcon.colcon_core.verb:set package 'joy_tester' build argument 'cmake_args' from command line to 'None'
[3.083s] Level 5:colcon.colcon_core.verb:set package 'joy_tester' build argument 'cmake_target' from command line to 'None'
[3.083s] Level 5:colcon.colcon_core.verb:set package 'joy_tester' build argument 'cmake_target_skip_unavailable' from command line to 'False'
[3.083s] Level 5:colcon.colcon_core.verb:set package 'joy_tester' build argument 'cmake_clean_cache' from command line to 'False'
[3.083s] Level 5:colcon.colcon_core.verb:set package 'joy_tester' build argument 'cmake_clean_first' from command line to 'False'
[3.083s] Level 5:colcon.colcon_core.verb:set package 'joy_tester' build argument 'cmake_force_configure' from command line to 'False'
[3.083s] Level 5:colcon.colcon_core.verb:set package 'joy_tester' build argument 'ament_cmake_args' from command line to 'None'
[3.083s] Level 5:colcon.colcon_core.verb:set package 'joy_tester' build argument 'catkin_cmake_args' from command line to 'None'
[3.083s] Level 5:colcon.colcon_core.verb:set package 'joy_tester' build argument 'catkin_skip_building_tests' from command line to 'False'
[3.083s] DEBUG:colcon.colcon_core.verb:Building package 'joy_tester' with the following arguments: {'ament_cmake_args': None, 'build_base': '/home/epsdelta/Documents/RoboticaMovil/ros2_ws_2401/build/joy_tester', 'catkin_cmake_args': None, 'catkin_skip_building_tests': False, 'cmake_args': None, 'cmake_clean_cache': False, 'cmake_clean_first': False, 'cmake_force_configure': False, 'cmake_target': None, 'cmake_target_skip_unavailable': False, 'install_base': '/home/epsdelta/Documents/RoboticaMovil/ros2_ws_2401/install/joy_tester', 'merge_install': False, 'path': '/home/epsdelta/Documents/RoboticaMovil/ros2_ws_2401/src/joy_tester', 'symlink_install': True, 'test_result_base': None}
[3.116s] Level 5:colcon.colcon_core.verb:set package 'wall_following_alpha' build argument 'cmake_args' from command line to 'None'
[3.116s] Level 5:colcon.colcon_core.verb:set package 'wall_following_alpha' build argument 'cmake_target' from command line to 'None'
[3.116s] Level 5:colcon.colcon_core.verb:set package 'wall_following_alpha' build argument 'cmake_target_skip_unavailable' from command line to 'False'
[3.116s] Level 5:colcon.colcon_core.verb:set package 'wall_following_alpha' build argument 'cmake_clean_cache' from command line to 'False'
[3.116s] Level 5:colcon.colcon_core.verb:set package 'wall_following_alpha' build argument 'cmake_clean_first' from command line to 'False'
[3.116s] Level 5:colcon.colcon_core.verb:set package 'wall_following_alpha' build argument 'cmake_force_configure' from command line to 'False'
[3.116s] Level 5:colcon.colcon_core.verb:set package 'wall_following_alpha' build argument 'ament_cmake_args' from command line to 'None'
[3.116s] Level 5:colcon.colcon_core.verb:set package 'wall_following_alpha' build argument 'catkin_cmake_args' from command line to 'None'
[3.116s] Level 5:colcon.colcon_core.verb:set package 'wall_following_alpha' build argument 'catkin_skip_building_tests' from command line to 'False'
[3.116s] DEBUG:colcon.colcon_core.verb:Building package 'wall_following_alpha' with the following arguments: {'ament_cmake_args': None, 'build_base': '/home/epsdelta/Documents/RoboticaMovil/ros2_ws_2401/build/wall_following_alpha', 'catkin_cmake_args': None, 'catkin_skip_building_tests': False, 'cmake_args': None, 'cmake_clean_cache': False, 'cmake_clean_first': False, 'cmake_force_configure': False, 'cmake_target': None, 'cmake_target_skip_unavailable': False, 'install_base': '/home/epsdelta/Documents/RoboticaMovil/ros2_ws_2401/install/wall_following_alpha', 'merge_install': False, 'path': '/home/epsdelta/Documents/RoboticaMovil/ros2_ws_2401/src/wall_following_alpha', 'symlink_install': True, 'test_result_base': None}
[3.149s] INFO:colcon.colcon_core.executor:Executing jobs using 'parallel' executor
[3.181s] DEBUG:colcon.colcon_parallel_executor.executor.parallel:run_until_complete
[3.182s] INFO:colcon.colcon_ros.task.ament_cmake.build:Building ROS package in '/home/epsdelta/Documents/RoboticaMovil/ros2_ws_2401/src/f112th_sim_2401_alpha' with build type 'ament_cmake'
[3.182s] INFO:colcon.colcon_cmake.task.cmake.build:Building CMake package in '/home/epsdelta/Documents/RoboticaMovil/ros2_ws_2401/src/f112th_sim_2401_alpha'
[3.225s] INFO:colcon.colcon_core.plugin_system:Skipping extension 'colcon_core.shell.bat': Not used on non-Windows systems
[3.226s] INFO:colcon.colcon_core.shell:Skip shell extension 'powershell' for command environment: Not usable outside of PowerShell
[3.226s] DEBUG:colcon.colcon_core.shell:Skip shell extension 'dsv' for command environment
[3.335s] INFO:colcon.colcon_ros.task.ament_python.build:Building ROS package in '/home/epsdelta/Documents/RoboticaMovil/ros2_ws_2401/src/joy_tester' with build type 'ament_python'
[3.336s] Level 1:colcon.colcon_core.shell:create_environment_hook('joy_tester', 'ament_prefix_path')
[3.371s] INFO:colcon.colcon_core.shell:Creating environment hook '/home/epsdelta/Documents/RoboticaMovil/ros2_ws_2401/install/joy_tester/share/joy_tester/hook/ament_prefix_path.ps1'
[3.373s] INFO:colcon.colcon_core.shell:Creating environment descriptor '/home/epsdelta/Documents/RoboticaMovil/ros2_ws_2401/install/joy_tester/share/joy_tester/hook/ament_prefix_path.dsv'
[3.374s] INFO:colcon.colcon_core.shell:Creating environment hook '/home/epsdelta/Documents/RoboticaMovil/ros2_ws_2401/install/joy_tester/share/joy_tester/hook/ament_prefix_path.sh'
[3.421s] INFO:colcon.colcon_core.shell:Skip shell extension 'powershell' for command environment: Not usable outside of PowerShell
[3.422s] DEBUG:colcon.colcon_core.shell:Skip shell extension 'dsv' for command environment
[3.545s] INFO:colcon.colcon_ros.task.ament_python.build:Building ROS package in '/home/epsdelta/Documents/RoboticaMovil/ros2_ws_2401/src/wall_following_alpha' with build type 'ament_python'
[3.545s] Level 1:colcon.colcon_core.shell:create_environment_hook('wall_following_alpha', 'ament_prefix_path')
[3.584s] INFO:colcon.colcon_core.shell:Creating environment hook '/home/epsdelta/Documents/RoboticaMovil/ros2_ws_2401/install/wall_following_alpha/share/wall_following_alpha/hook/ament_prefix_path.ps1'
[3.588s] INFO:colcon.colcon_core.shell:Creating environment descriptor '/home/epsdelta/Documents/RoboticaMovil/ros2_ws_2401/install/wall_following_alpha/share/wall_following_alpha/hook/ament_prefix_path.dsv'
[3.591s] INFO:colcon.colcon_core.shell:Creating environment hook '/home/epsdelta/Documents/RoboticaMovil/ros2_ws_2401/install/wall_following_alpha/share/wall_following_alpha/hook/ament_prefix_path.sh'
[3.632s] INFO:colcon.colcon_core.shell:Skip shell extension 'powershell' for command environment: Not usable outside of PowerShell
[3.632s] DEBUG:colcon.colcon_core.shell:Skip shell extension 'dsv' for command environment
[3.756s] DEBUG:colcon.colcon_core.event_handler.log_command:Invoking command in '/home/epsdelta/Documents/RoboticaMovil/ros2_ws_2401/build/f112th_sim_2401_alpha': CMAKE_PREFIX_PATH=${CMAKE_PREFIX_PATH}:/home/epsdelta/Documents/RoboticaMovil/ros2_ws_2401/install/wall_following_alpha:/home/epsdelta/Documents/RoboticaMovil/ros2_ws_2401/install/joy_tester:/opt/ros/humble /usr/bin/cmake --build /home/epsdelta/Documents/RoboticaMovil/ros2_ws_2401/build/f112th_sim_2401_alpha -- -j4 -l4
[4.739s] INFO:colcon.colcon_core.task.python.build:Building Python package in '/home/epsdelta/Documents/RoboticaMovil/ros2_ws_2401/src/joy_tester'
[4.796s] INFO:colcon.colcon_core.shell:Skip shell extension 'powershell' for command environment: Not usable outside of PowerShell
[4.797s] DEBUG:colcon.colcon_core.shell:Skip shell extension 'dsv' for command environment
[5.535s] INFO:colcon.colcon_core.task.python.build:Building Python package in '/home/epsdelta/Documents/RoboticaMovil/ros2_ws_2401/src/wall_following_alpha'
[5.581s] INFO:colcon.colcon_core.shell:Skip shell extension 'powershell' for command environment: Not usable outside of PowerShell
[5.581s] DEBUG:colcon.colcon_core.shell:Skip shell extension 'dsv' for command environment
[5.696s] DEBUG:colcon.colcon_core.event_handler.log_command:Invoked command in '/home/epsdelta/Documents/RoboticaMovil/ros2_ws_2401/build/f112th_sim_2401_alpha' returned '0': CMAKE_PREFIX_PATH=${CMAKE_PREFIX_PATH}:/home/epsdelta/Documents/RoboticaMovil/ros2_ws_2401/install/wall_following_alpha:/home/epsdelta/Documents/RoboticaMovil/ros2_ws_2401/install/joy_tester:/opt/ros/humble /usr/bin/cmake --build /home/epsdelta/Documents/RoboticaMovil/ros2_ws_2401/build/f112th_sim_2401_alpha -- -j4 -l4
[5.806s] DEBUG:colcon.colcon_core.event_handler.log_command:Invoking command in '/home/epsdelta/Documents/RoboticaMovil/ros2_ws_2401/build/f112th_sim_2401_alpha': CMAKE_PREFIX_PATH=${CMAKE_PREFIX_PATH}:/home/epsdelta/Documents/RoboticaMovil/ros2_ws_2401/install/wall_following_alpha:/home/epsdelta/Documents/RoboticaMovil/ros2_ws_2401/install/joy_tester:/opt/ros/humble /usr/bin/cmake --install /home/epsdelta/Documents/RoboticaMovil/ros2_ws_2401/build/f112th_sim_2401_alpha
[5.905s] Level 1:colcon.colcon_core.environment:create_environment_scripts_only(f112th_sim_2401_alpha)
[5.923s] DEBUG:colcon.colcon_core.event_handler.log_command:Invoked command in '/home/epsdelta/Documents/RoboticaMovil/ros2_ws_2401/build/f112th_sim_2401_alpha' returned '0': CMAKE_PREFIX_PATH=${CMAKE_PREFIX_PATH}:/home/epsdelta/Documents/RoboticaMovil/ros2_ws_2401/install/wall_following_alpha:/home/epsdelta/Documents/RoboticaMovil/ros2_ws_2401/install/joy_tester:/opt/ros/humble /usr/bin/cmake --install /home/epsdelta/Documents/RoboticaMovil/ros2_ws_2401/build/f112th_sim_2401_alpha
[6.010s] Level 1:colcon.colcon_core.environment:checking '/home/epsdelta/Documents/RoboticaMovil/ros2_ws_2401/install/f112th_sim_2401_alpha' for CMake module files
[6.011s] Level 1:colcon.colcon_core.environment:checking '/home/epsdelta/Documents/RoboticaMovil/ros2_ws_2401/install/f112th_sim_2401_alpha' for CMake config files
[6.013s] Level 1:colcon.colcon_core.shell:create_environment_hook('f112th_sim_2401_alpha', 'cmake_prefix_path')
[6.113s] INFO:colcon.colcon_core.shell:Creating environment hook '/home/epsdelta/Documents/RoboticaMovil/ros2_ws_2401/install/f112th_sim_2401_alpha/share/f112th_sim_2401_alpha/hook/cmake_prefix_path.ps1'
[6.115s] INFO:colcon.colcon_core.shell:Creating environment descriptor '/home/epsdelta/Documents/RoboticaMovil/ros2_ws_2401/install/f112th_sim_2401_alpha/share/f112th_sim_2401_alpha/hook/cmake_prefix_path.dsv'
[6.121s] INFO:colcon.colcon_core.shell:Creating environment hook '/home/epsdelta/Documents/RoboticaMovil/ros2_ws_2401/install/f112th_sim_2401_alpha/share/f112th_sim_2401_alpha/hook/cmake_prefix_path.sh'
[6.123s] Level 1:colcon.colcon_core.environment:checking '/home/epsdelta/Documents/RoboticaMovil/ros2_ws_2401/install/f112th_sim_2401_alpha/bin'
[6.124s] Level 1:colcon.colcon_core.environment:checking '/home/epsdelta/Documents/RoboticaMovil/ros2_ws_2401/install/f112th_sim_2401_alpha/lib/pkgconfig/f112th_sim_2401_alpha.pc'
[6.125s] Level 1:colcon.colcon_core.environment:checking '/home/epsdelta/Documents/RoboticaMovil/ros2_ws_2401/install/f112th_sim_2401_alpha/lib/python3.10/site-packages'
[6.126s] Level 1:colcon.colcon_core.environment:checking '/home/epsdelta/Documents/RoboticaMovil/ros2_ws_2401/install/f112th_sim_2401_alpha/bin'
[6.204s] INFO:colcon.colcon_core.shell:Creating package script '/home/epsdelta/Documents/RoboticaMovil/ros2_ws_2401/install/f112th_sim_2401_alpha/share/f112th_sim_2401_alpha/package.ps1'
[6.208s] INFO:colcon.colcon_core.shell:Creating package descriptor '/home/epsdelta/Documents/RoboticaMovil/ros2_ws_2401/install/f112th_sim_2401_alpha/share/f112th_sim_2401_alpha/package.dsv'
[6.213s] INFO:colcon.colcon_core.shell:Creating package script '/home/epsdelta/Documents/RoboticaMovil/ros2_ws_2401/install/f112th_sim_2401_alpha/share/f112th_sim_2401_alpha/package.sh'
[6.220s] INFO:colcon.colcon_core.shell:Creating package script '/home/epsdelta/Documents/RoboticaMovil/ros2_ws_2401/install/f112th_sim_2401_alpha/share/f112th_sim_2401_alpha/package.bash'
[6.222s] INFO:colcon.colcon_core.shell:Creating package script '/home/epsdelta/Documents/RoboticaMovil/ros2_ws_2401/install/f112th_sim_2401_alpha/share/f112th_sim_2401_alpha/package.zsh'
[6.226s] Level 1:colcon.colcon_core.environment:create_file_with_runtime_dependencies(/home/epsdelta/Documents/RoboticaMovil/ros2_ws_2401/install/f112th_sim_2401_alpha/share/colcon-core/packages/f112th_sim_2401_alpha)
[6.397s] Level 1:colcon.colcon_core.environment:create_environment_scripts_only(f112th_sim_2401_alpha)
[6.490s] Level 1:colcon.colcon_core.environment:checking '/home/epsdelta/Documents/RoboticaMovil/ros2_ws_2401/install/f112th_sim_2401_alpha' for CMake module files
[6.494s] Level 1:colcon.colcon_core.environment:checking '/home/epsdelta/Documents/RoboticaMovil/ros2_ws_2401/install/f112th_sim_2401_alpha' for CMake config files
[6.495s] Level 1:colcon.colcon_core.shell:create_environment_hook('f112th_sim_2401_alpha', 'cmake_prefix_path')
[6.572s] INFO:colcon.colcon_core.shell:Creating environment hook '/home/epsdelta/Documents/RoboticaMovil/ros2_ws_2401/install/f112th_sim_2401_alpha/share/f112th_sim_2401_alpha/hook/cmake_prefix_path.ps1'
[6.573s] INFO:colcon.colcon_core.shell:Creating environment descriptor '/home/epsdelta/Documents/RoboticaMovil/ros2_ws_2401/install/f112th_sim_2401_alpha/share/f112th_sim_2401_alpha/hook/cmake_prefix_path.dsv'
[6.574s] INFO:colcon.colcon_core.shell:Creating environment hook '/home/epsdelta/Documents/RoboticaMovil/ros2_ws_2401/install/f112th_sim_2401_alpha/share/f112th_sim_2401_alpha/hook/cmake_prefix_path.sh'
[6.575s] Level 1:colcon.colcon_core.environment:checking '/home/epsdelta/Documents/RoboticaMovil/ros2_ws_2401/install/f112th_sim_2401_alpha/bin'
[6.575s] Level 1:colcon.colcon_core.environment:checking '/home/epsdelta/Documents/RoboticaMovil/ros2_ws_2401/install/f112th_sim_2401_alpha/lib/pkgconfig/f112th_sim_2401_alpha.pc'
[6.576s] Level 1:colcon.colcon_core.environment:checking '/home/epsdelta/Documents/RoboticaMovil/ros2_ws_2401/install/f112th_sim_2401_alpha/lib/python3.10/site-packages'
[6.576s] Level 1:colcon.colcon_core.environment:checking '/home/epsdelta/Documents/RoboticaMovil/ros2_ws_2401/install/f112th_sim_2401_alpha/bin'
[6.640s] INFO:colcon.colcon_core.shell:Creating package script '/home/epsdelta/Documents/RoboticaMovil/ros2_ws_2401/install/f112th_sim_2401_alpha/share/f112th_sim_2401_alpha/package.ps1'
[6.642s] INFO:colcon.colcon_core.shell:Creating package descriptor '/home/epsdelta/Documents/RoboticaMovil/ros2_ws_2401/install/f112th_sim_2401_alpha/share/f112th_sim_2401_alpha/package.dsv'
[6.645s] INFO:colcon.colcon_core.shell:Creating package script '/home/epsdelta/Documents/RoboticaMovil/ros2_ws_2401/install/f112th_sim_2401_alpha/share/f112th_sim_2401_alpha/package.sh'
[6.650s] INFO:colcon.colcon_core.shell:Creating package script '/home/epsdelta/Documents/RoboticaMovil/ros2_ws_2401/install/f112th_sim_2401_alpha/share/f112th_sim_2401_alpha/package.bash'
[6.651s] INFO:colcon.colcon_core.shell:Creating package script '/home/epsdelta/Documents/RoboticaMovil/ros2_ws_2401/install/f112th_sim_2401_alpha/share/f112th_sim_2401_alpha/package.zsh'
[6.652s] Level 1:colcon.colcon_core.environment:create_file_with_runtime_dependencies(/home/epsdelta/Documents/RoboticaMovil/ros2_ws_2401/install/f112th_sim_2401_alpha/share/colcon-core/packages/f112th_sim_2401_alpha)
[7.249s] DEBUG:colcon.colcon_core.event_handler.log_command:Invoking command in '/home/epsdelta/Documents/RoboticaMovil/ros2_ws_2401/build/wall_following_alpha': PYTHONPATH=/home/epsdelta/Documents/RoboticaMovil/ros2_ws_2401/build/wall_following_alpha/prefix_override:/home/epsdelta/Documents/RoboticaMovil/ros2_ws_2401/install/wall_following_alpha/lib/python3.10/site-packages:${PYTHONPATH} /usr/bin/python3 setup.py develop --editable --build-directory /home/epsdelta/Documents/RoboticaMovil/ros2_ws_2401/build/wall_following_alpha/build --no-deps install_data
[7.263s] DEBUG:colcon.colcon_core.event_handler.log_command:Invoking command in '/home/epsdelta/Documents/RoboticaMovil/ros2_ws_2401/build/joy_tester': PYTHONPATH=/home/epsdelta/Documents/RoboticaMovil/ros2_ws_2401/build/joy_tester/prefix_override:/home/epsdelta/Documents/RoboticaMovil/ros2_ws_2401/install/joy_tester/lib/python3.10/site-packages:${PYTHONPATH} /usr/bin/python3 setup.py develop --editable --build-directory /home/epsdelta/Documents/RoboticaMovil/ros2_ws_2401/build/joy_tester/build --no-deps install_data
[8.811s] Level 1:colcon.colcon_core.shell:create_environment_hook('wall_following_alpha', 'pythonpath_develop')
[8.814s] DEBUG:colcon.colcon_core.event_handler.log_command:Invoked command in '/home/epsdelta/Documents/RoboticaMovil/ros2_ws_2401/build/wall_following_alpha' returned '0': PYTHONPATH=/home/epsdelta/Documents/RoboticaMovil/ros2_ws_2401/build/wall_following_alpha/prefix_override:/home/epsdelta/Documents/RoboticaMovil/ros2_ws_2401/install/wall_following_alpha/lib/python3.10/site-packages:${PYTHONPATH} /usr/bin/python3 setup.py develop --editable --build-directory /home/epsdelta/Documents/RoboticaMovil/ros2_ws_2401/build/wall_following_alpha/build --no-deps install_data
[8.897s] INFO:colcon.colcon_core.shell:Creating environment hook '/home/epsdelta/Documents/RoboticaMovil/ros2_ws_2401/build/wall_following_alpha/share/wall_following_alpha/hook/pythonpath_develop.ps1'
[8.898s] INFO:colcon.colcon_core.shell:Creating environment descriptor '/home/epsdelta/Documents/RoboticaMovil/ros2_ws_2401/build/wall_following_alpha/share/wall_following_alpha/hook/pythonpath_develop.dsv'
[8.899s] INFO:colcon.colcon_core.shell:Creating environment hook '/home/epsdelta/Documents/RoboticaMovil/ros2_ws_2401/build/wall_following_alpha/share/wall_following_alpha/hook/pythonpath_develop.sh'
[8.948s] Level 1:colcon.colcon_core.environment:checking '/home/epsdelta/Documents/RoboticaMovil/ros2_ws_2401/install/wall_following_alpha' for CMake module files
[8.952s] Level 1:colcon.colcon_core.environment:checking '/home/epsdelta/Documents/RoboticaMovil/ros2_ws_2401/install/wall_following_alpha' for CMake config files
[8.953s] Level 1:colcon.colcon_core.environment:checking '/home/epsdelta/Documents/RoboticaMovil/ros2_ws_2401/install/wall_following_alpha/lib'
[8.953s] Level 1:colcon.colcon_core.environment:checking '/home/epsdelta/Documents/RoboticaMovil/ros2_ws_2401/install/wall_following_alpha/bin'
[8.953s] Level 1:colcon.colcon_core.environment:checking '/home/epsdelta/Documents/RoboticaMovil/ros2_ws_2401/install/wall_following_alpha/lib/pkgconfig/wall_following_alpha.pc'
[8.954s] Level 1:colcon.colcon_core.environment:checking '/home/epsdelta/Documents/RoboticaMovil/ros2_ws_2401/install/wall_following_alpha/lib/python3.10/site-packages'
[8.954s] Level 1:colcon.colcon_core.shell:create_environment_hook('wall_following_alpha', 'pythonpath')
[9.010s] INFO:colcon.colcon_core.shell:Creating environment hook '/home/epsdelta/Documents/RoboticaMovil/ros2_ws_2401/install/wall_following_alpha/share/wall_following_alpha/hook/pythonpath.ps1'
[9.011s] INFO:colcon.colcon_core.shell:Creating environment descriptor '/home/epsdelta/Documents/RoboticaMovil/ros2_ws_2401/install/wall_following_alpha/share/wall_following_alpha/hook/pythonpath.dsv'
[9.012s] INFO:colcon.colcon_core.shell:Creating environment hook '/home/epsdelta/Documents/RoboticaMovil/ros2_ws_2401/install/wall_following_alpha/share/wall_following_alpha/hook/pythonpath.sh'
[9.014s] Level 1:colcon.colcon_core.environment:checking '/home/epsdelta/Documents/RoboticaMovil/ros2_ws_2401/install/wall_following_alpha/bin'
[9.014s] Level 1:colcon.colcon_core.environment:create_environment_scripts_only(wall_following_alpha)
[9.055s] INFO:colcon.colcon_core.shell:Creating package script '/home/epsdelta/Documents/RoboticaMovil/ros2_ws_2401/install/wall_following_alpha/share/wall_following_alpha/package.ps1'
[9.056s] INFO:colcon.colcon_core.shell:Creating package descriptor '/home/epsdelta/Documents/RoboticaMovil/ros2_ws_2401/install/wall_following_alpha/share/wall_following_alpha/package.dsv'
[9.058s] INFO:colcon.colcon_core.shell:Creating package script '/home/epsdelta/Documents/RoboticaMovil/ros2_ws_2401/install/wall_following_alpha/share/wall_following_alpha/package.sh'
[9.059s] INFO:colcon.colcon_core.shell:Creating package script '/home/epsdelta/Documents/RoboticaMovil/ros2_ws_2401/install/wall_following_alpha/share/wall_following_alpha/package.bash'
[9.064s] INFO:colcon.colcon_core.shell:Creating package script '/home/epsdelta/Documents/RoboticaMovil/ros2_ws_2401/install/wall_following_alpha/share/wall_following_alpha/package.zsh'
[9.065s] Level 1:colcon.colcon_core.environment:create_file_with_runtime_dependencies(/home/epsdelta/Documents/RoboticaMovil/ros2_ws_2401/install/wall_following_alpha/share/colcon-core/packages/wall_following_alpha)
[9.066s] Level 1:colcon.colcon_core.shell:create_environment_hook('joy_tester', 'pythonpath_develop')
[9.067s] DEBUG:colcon.colcon_core.event_handler.log_command:Invoked command in '/home/epsdelta/Documents/RoboticaMovil/ros2_ws_2401/build/joy_tester' returned '0': PYTHONPATH=/home/epsdelta/Documents/RoboticaMovil/ros2_ws_2401/build/joy_tester/prefix_override:/home/epsdelta/Documents/RoboticaMovil/ros2_ws_2401/install/joy_tester/lib/python3.10/site-packages:${PYTHONPATH} /usr/bin/python3 setup.py develop --editable --build-directory /home/epsdelta/Documents/RoboticaMovil/ros2_ws_2401/build/joy_tester/build --no-deps install_data
[9.104s] INFO:colcon.colcon_core.shell:Creating environment hook '/home/epsdelta/Documents/RoboticaMovil/ros2_ws_2401/build/joy_tester/share/joy_tester/hook/pythonpath_develop.ps1'
[9.105s] INFO:colcon.colcon_core.shell:Creating environment descriptor '/home/epsdelta/Documents/RoboticaMovil/ros2_ws_2401/build/joy_tester/share/joy_tester/hook/pythonpath_develop.dsv'
[9.106s] INFO:colcon.colcon_core.shell:Creating environment hook '/home/epsdelta/Documents/RoboticaMovil/ros2_ws_2401/build/joy_tester/share/joy_tester/hook/pythonpath_develop.sh'
[9.146s] Level 1:colcon.colcon_core.environment:checking '/home/epsdelta/Documents/RoboticaMovil/ros2_ws_2401/install/joy_tester' for CMake module files
[9.147s] Level 1:colcon.colcon_core.environment:checking '/home/epsdelta/Documents/RoboticaMovil/ros2_ws_2401/install/joy_tester' for CMake config files
[9.148s] Level 1:colcon.colcon_core.environment:checking '/home/epsdelta/Documents/RoboticaMovil/ros2_ws_2401/install/joy_tester/lib'
[9.148s] Level 1:colcon.colcon_core.environment:checking '/home/epsdelta/Documents/RoboticaMovil/ros2_ws_2401/install/joy_tester/bin'
[9.148s] Level 1:colcon.colcon_core.environment:checking '/home/epsdelta/Documents/RoboticaMovil/ros2_ws_2401/install/joy_tester/lib/pkgconfig/joy_tester.pc'
[9.148s] Level 1:colcon.colcon_core.environment:checking '/home/epsdelta/Documents/RoboticaMovil/ros2_ws_2401/install/joy_tester/lib/python3.10/site-packages'
[9.148s] Level 1:colcon.colcon_core.shell:create_environment_hook('joy_tester', 'pythonpath')
[9.183s] INFO:colcon.colcon_core.shell:Creating environment hook '/home/epsdelta/Documents/RoboticaMovil/ros2_ws_2401/install/joy_tester/share/joy_tester/hook/pythonpath.ps1'
[9.184s] INFO:colcon.colcon_core.shell:Creating environment descriptor '/home/epsdelta/Documents/RoboticaMovil/ros2_ws_2401/install/joy_tester/share/joy_tester/hook/pythonpath.dsv'
[9.184s] INFO:colcon.colcon_core.shell:Creating environment hook '/home/epsdelta/Documents/RoboticaMovil/ros2_ws_2401/install/joy_tester/share/joy_tester/hook/pythonpath.sh'
[9.187s] Level 1:colcon.colcon_core.environment:checking '/home/epsdelta/Documents/RoboticaMovil/ros2_ws_2401/install/joy_tester/bin'
[9.189s] Level 1:colcon.colcon_core.environment:create_environment_scripts_only(joy_tester)
[9.235s] INFO:colcon.colcon_core.shell:Creating package script '/home/epsdelta/Documents/RoboticaMovil/ros2_ws_2401/install/joy_tester/share/joy_tester/package.ps1'
[9.238s] INFO:colcon.colcon_core.shell:Creating package descriptor '/home/epsdelta/Documents/RoboticaMovil/ros2_ws_2401/install/joy_tester/share/joy_tester/package.dsv'
[9.240s] INFO:colcon.colcon_core.shell:Creating package script '/home/epsdelta/Documents/RoboticaMovil/ros2_ws_2401/install/joy_tester/share/joy_tester/package.sh'
[9.240s] INFO:colcon.colcon_core.shell:Creating package script '/home/epsdelta/Documents/RoboticaMovil/ros2_ws_2401/install/joy_tester/share/joy_tester/package.bash'
[9.241s] INFO:colcon.colcon_core.shell:Creating package script '/home/epsdelta/Documents/RoboticaMovil/ros2_ws_2401/install/joy_tester/share/joy_tester/package.zsh'
[9.242s] Level 1:colcon.colcon_core.environment:create_file_with_runtime_dependencies(/home/epsdelta/Documents/RoboticaMovil/ros2_ws_2401/install/joy_tester/share/colcon-core/packages/joy_tester)
[9.243s] DEBUG:colcon.colcon_parallel_executor.executor.parallel:closing loop
[9.243s] DEBUG:colcon.colcon_parallel_executor.executor.parallel:loop closed
[9.243s] DEBUG:colcon.colcon_parallel_executor.executor.parallel:run_until_complete finished with '0'
[9.243s] DEBUG:colcon.colcon_core.event_reactor:joining thread
[9.292s] INFO:colcon.colcon_core.plugin_system:Skipping extension 'colcon_notification.desktop_notification.terminal_notifier': Not used on non-Darwin systems
[9.292s] INFO:colcon.colcon_core.plugin_system:Skipping extension 'colcon_notification.desktop_notification.win32': Not used on non-Windows systems
[9.292s] INFO:colcon.colcon_notification.desktop_notification:Sending desktop notification using 'notify2'
[9.309s] DEBUG:colcon.colcon_core.event_reactor:joined thread
[9.349s] INFO:colcon.colcon_core.shell:Creating prefix script '/home/epsdelta/Documents/RoboticaMovil/ros2_ws_2401/install/local_setup.ps1'
[9.353s] INFO:colcon.colcon_core.shell:Creating prefix util module '/home/epsdelta/Documents/RoboticaMovil/ros2_ws_2401/install/_local_setup_util_ps1.py'
[9.355s] INFO:colcon.colcon_core.shell:Creating prefix chain script '/home/epsdelta/Documents/RoboticaMovil/ros2_ws_2401/install/setup.ps1'
[9.387s] INFO:colcon.colcon_core.shell:Creating prefix script '/home/epsdelta/Documents/RoboticaMovil/ros2_ws_2401/install/local_setup.sh'
[9.388s] INFO:colcon.colcon_core.shell:Creating prefix util module '/home/epsdelta/Documents/RoboticaMovil/ros2_ws_2401/install/_local_setup_util_sh.py'
[9.388s] INFO:colcon.colcon_core.shell:Creating prefix chain script '/home/epsdelta/Documents/RoboticaMovil/ros2_ws_2401/install/setup.sh'
[9.424s] INFO:colcon.colcon_core.shell:Creating prefix script '/home/epsdelta/Documents/RoboticaMovil/ros2_ws_2401/install/local_setup.bash'
[9.426s] INFO:colcon.colcon_core.shell:Creating prefix chain script '/home/epsdelta/Documents/RoboticaMovil/ros2_ws_2401/install/setup.bash'
[9.466s] INFO:colcon.colcon_core.shell:Creating prefix script '/home/epsdelta/Documents/RoboticaMovil/ros2_ws_2401/install/local_setup.zsh'
[9.469s] INFO:colcon.colcon_core.shell:Creating prefix chain script '/home/epsdelta/Documents/RoboticaMovil/ros2_ws_2401/install/setup.zsh'
