[1.750s] DEBUG:colcon:Command line arguments: ['/usr/bin/colcon', 'build']
[1.750s] DEBUG:colcon:Parsed command line arguments: Namespace(log_base=None, log_level=None, verb_name='build', build_base='build', install_base='install', merge_install=False, symlink_install=False, test_result_base=None, continue_on_error=False, executor='parallel', parallel_workers=4, event_handlers=None, ignore_user_meta=False, metas=['./colcon.meta'], base_paths=['.'], packages_ignore=None, packages_ignore_regex=None, paths=None, packages_up_to=None, packages_up_to_regex=None, packages_above=None, packages_above_and_dependencies=None, packages_above_depth=None, packages_select_by_dep=None, packages_skip_by_dep=None, packages_skip_up_to=None, packages_select_build_failed=False, packages_skip_build_finished=False, packages_select_test_failures=False, packages_skip_test_passed=False, packages_select=None, packages_skip=None, packages_select_regex=None, packages_skip_regex=None, packages_start=None, packages_end=None, allow_overriding=[], cmake_args=None, cmake_target=None, cmake_target_skip_unavailable=False, cmake_clean_cache=False, cmake_clean_first=False, cmake_force_configure=False, ament_cmake_args=None, catkin_cmake_args=None, catkin_skip_building_tests=False, verb_parser=<colcon_defaults.argument_parser.defaults.DefaultArgumentsDecorator object at 0x7fe219dd9150>, verb_extension=<colcon_core.verb.build.BuildVerb object at 0x7fe219dda080>, main=<bound method BuildVerb.main of <colcon_core.verb.build.BuildVerb object at 0x7fe219dda080>>)
[1.833s] Level 1:colcon.colcon_core.package_discovery:discover_packages(colcon_meta) check parameters
[1.833s] Level 1:colcon.colcon_core.package_discovery:discover_packages(recursive) check parameters
[1.834s] Level 1:colcon.colcon_core.package_discovery:discover_packages(ignore) check parameters
[1.834s] Level 1:colcon.colcon_core.package_discovery:discover_packages(path) check parameters
[1.834s] Level 1:colcon.colcon_core.package_discovery:discover_packages(colcon_meta) discover
[1.834s] Level 1:colcon.colcon_core.package_discovery:discover_packages(recursive) discover
[1.835s] INFO:colcon.colcon_core.package_discovery:Crawling recursively for packages in '/home/epsdelta/Documents/RoboticaMovil/ros2_ws_2401'
[1.835s] Level 1:colcon.colcon_core.package_identification:_identify(.) by extensions ['ignore', 'ignore_ament_install']
[1.836s] Level 1:colcon.colcon_core.package_identification:_identify(.) by extension 'ignore'
[1.836s] Level 1:colcon.colcon_core.package_identification:_identify(.) by extension 'ignore_ament_install'
[1.836s] Level 1:colcon.colcon_core.package_identification:_identify(.) by extensions ['colcon_pkg']
[1.836s] Level 1:colcon.colcon_core.package_identification:_identify(.) by extension 'colcon_pkg'
[1.836s] Level 1:colcon.colcon_core.package_identification:_identify(.) by extensions ['colcon_meta']
[1.836s] Level 1:colcon.colcon_core.package_identification:_identify(.) by extension 'colcon_meta'
[1.836s] Level 1:colcon.colcon_core.package_identification:_identify(.) by extensions ['ros']
[1.836s] Level 1:colcon.colcon_core.package_identification:_identify(.) by extension 'ros'
[1.857s] Level 1:colcon.colcon_core.package_identification:_identify(.) by extensions ['cmake', 'python']
[1.857s] Level 1:colcon.colcon_core.package_identification:_identify(.) by extension 'cmake'
[1.858s] Level 1:colcon.colcon_core.package_identification:_identify(.) by extension 'python'
[1.858s] Level 1:colcon.colcon_core.package_identification:_identify(.) by extensions ['python_setup_py']
[1.858s] Level 1:colcon.colcon_core.package_identification:_identify(.) by extension 'python_setup_py'
[1.858s] Level 1:colcon.colcon_core.package_identification:_identify(build) by extensions ['ignore', 'ignore_ament_install']
[1.858s] Level 1:colcon.colcon_core.package_identification:_identify(build) by extension 'ignore'
[1.858s] Level 1:colcon.colcon_core.package_identification:_identify(build) ignored
[1.858s] Level 1:colcon.colcon_core.package_identification:_identify(install) by extensions ['ignore', 'ignore_ament_install']
[1.859s] Level 1:colcon.colcon_core.package_identification:_identify(install) by extension 'ignore'
[1.859s] Level 1:colcon.colcon_core.package_identification:_identify(install) ignored
[1.859s] Level 1:colcon.colcon_core.package_identification:_identify(log) by extensions ['ignore', 'ignore_ament_install']
[1.859s] Level 1:colcon.colcon_core.package_identification:_identify(log) by extension 'ignore'
[1.859s] Level 1:colcon.colcon_core.package_identification:_identify(log) ignored
[1.859s] Level 1:colcon.colcon_core.package_identification:_identify(src) by extensions ['ignore', 'ignore_ament_install']
[1.859s] Level 1:colcon.colcon_core.package_identification:_identify(src) by extension 'ignore'
[1.860s] Level 1:colcon.colcon_core.package_identification:_identify(src) by extension 'ignore_ament_install'
[1.860s] Level 1:colcon.colcon_core.package_identification:_identify(src) by extensions ['colcon_pkg']
[1.860s] Level 1:colcon.colcon_core.package_identification:_identify(src) by extension 'colcon_pkg'
[1.860s] Level 1:colcon.colcon_core.package_identification:_identify(src) by extensions ['colcon_meta']
[1.860s] Level 1:colcon.colcon_core.package_identification:_identify(src) by extension 'colcon_meta'
[1.860s] Level 1:colcon.colcon_core.package_identification:_identify(src) by extensions ['ros']
[1.860s] Level 1:colcon.colcon_core.package_identification:_identify(src) by extension 'ros'
[1.860s] Level 1:colcon.colcon_core.package_identification:_identify(src) by extensions ['cmake', 'python']
[1.860s] Level 1:colcon.colcon_core.package_identification:_identify(src) by extension 'cmake'
[1.860s] Level 1:colcon.colcon_core.package_identification:_identify(src) by extension 'python'
[1.860s] Level 1:colcon.colcon_core.package_identification:_identify(src) by extensions ['python_setup_py']
[1.861s] Level 1:colcon.colcon_core.package_identification:_identify(src) by extension 'python_setup_py'
[1.861s] Level 1:colcon.colcon_core.package_identification:_identify(src/f112th_sim_2401_alpha) by extensions ['ignore', 'ignore_ament_install']
[1.861s] Level 1:colcon.colcon_core.package_identification:_identify(src/f112th_sim_2401_alpha) by extension 'ignore'
[1.861s] Level 1:colcon.colcon_core.package_identification:_identify(src/f112th_sim_2401_alpha) by extension 'ignore_ament_install'
[1.861s] Level 1:colcon.colcon_core.package_identification:_identify(src/f112th_sim_2401_alpha) by extensions ['colcon_pkg']
[1.861s] Level 1:colcon.colcon_core.package_identification:_identify(src/f112th_sim_2401_alpha) by extension 'colcon_pkg'
[1.861s] Level 1:colcon.colcon_core.package_identification:_identify(src/f112th_sim_2401_alpha) by extensions ['colcon_meta']
[1.861s] Level 1:colcon.colcon_core.package_identification:_identify(src/f112th_sim_2401_alpha) by extension 'colcon_meta'
[1.861s] Level 1:colcon.colcon_core.package_identification:_identify(src/f112th_sim_2401_alpha) by extensions ['ros']
[1.862s] Level 1:colcon.colcon_core.package_identification:_identify(src/f112th_sim_2401_alpha) by extension 'ros'
[1.868s] DEBUG:colcon.colcon_core.package_identification:Package 'src/f112th_sim_2401_alpha' with type 'ros.ament_cmake' and name 'f112th_sim_2401_alpha'
[1.868s] Level 1:colcon.colcon_core.package_identification:_identify(src/joy_tester) by extensions ['ignore', 'ignore_ament_install']
[1.869s] Level 1:colcon.colcon_core.package_identification:_identify(src/joy_tester) by extension 'ignore'
[1.869s] Level 1:colcon.colcon_core.package_identification:_identify(src/joy_tester) by extension 'ignore_ament_install'
[1.869s] Level 1:colcon.colcon_core.package_identification:_identify(src/joy_tester) by extensions ['colcon_pkg']
[1.869s] Level 1:colcon.colcon_core.package_identification:_identify(src/joy_tester) by extension 'colcon_pkg'
[1.869s] Level 1:colcon.colcon_core.package_identification:_identify(src/joy_tester) by extensions ['colcon_meta']
[1.870s] Level 1:colcon.colcon_core.package_identification:_identify(src/joy_tester) by extension 'colcon_meta'
[1.870s] Level 1:colcon.colcon_core.package_identification:_identify(src/joy_tester) by extensions ['ros']
[1.870s] Level 1:colcon.colcon_core.package_identification:_identify(src/joy_tester) by extension 'ros'
[1.872s] DEBUG:colcon.colcon_core.package_identification:Package 'src/joy_tester' with type 'ros.ament_python' and name 'joy_tester'
[1.872s] Level 1:colcon.colcon_core.package_identification:_identify(src/wall_following_alpha) by extensions ['ignore', 'ignore_ament_install']
[1.872s] Level 1:colcon.colcon_core.package_identification:_identify(src/wall_following_alpha) by extension 'ignore'
[1.872s] Level 1:colcon.colcon_core.package_identification:_identify(src/wall_following_alpha) by extension 'ignore_ament_install'
[1.873s] Level 1:colcon.colcon_core.package_identification:_identify(src/wall_following_alpha) by extensions ['colcon_pkg']
[1.873s] Level 1:colcon.colcon_core.package_identification:_identify(src/wall_following_alpha) by extension 'colcon_pkg'
[1.873s] Level 1:colcon.colcon_core.package_identification:_identify(src/wall_following_alpha) by extensions ['colcon_meta']
[1.873s] Level 1:colcon.colcon_core.package_identification:_identify(src/wall_following_alpha) by extension 'colcon_meta'
[1.873s] Level 1:colcon.colcon_core.package_identification:_identify(src/wall_following_alpha) by extensions ['ros']
[1.873s] Level 1:colcon.colcon_core.package_identification:_identify(src/wall_following_alpha) by extension 'ros'
[1.874s] DEBUG:colcon.colcon_core.package_identification:Package 'src/wall_following_alpha' with type 'ros.ament_python' and name 'wall_following_alpha'
[1.874s] Level 1:colcon.colcon_core.package_discovery:discover_packages(recursive) using defaults
[1.874s] Level 1:colcon.colcon_core.package_discovery:discover_packages(ignore) discover
[1.874s] Level 1:colcon.colcon_core.package_discovery:discover_packages(ignore) using defaults
[1.875s] Level 1:colcon.colcon_core.package_discovery:discover_packages(path) discover
[1.875s] Level 1:colcon.colcon_core.package_discovery:discover_packages(path) using defaults
[2.029s] Level 1:colcon.colcon_core.package_discovery:discover_packages(prefix_path) check parameters
[2.029s] Level 1:colcon.colcon_core.package_discovery:discover_packages(prefix_path) discover
[2.080s] DEBUG:colcon.colcon_installed_package_information.package_discovery:Found 3 installed packages in /home/epsdelta/Documents/RoboticaMovil/ros2_ws_2401/install
[2.125s] DEBUG:colcon.colcon_installed_package_information.package_discovery:Found 392 installed packages in /opt/ros/humble
[2.128s] Level 1:colcon.colcon_core.package_discovery:discover_packages(prefix_path) using defaults
[2.306s] Level 5:colcon.colcon_core.verb:set package 'f112th_sim_2401_alpha' build argument 'cmake_args' from command line to 'None'
[2.307s] Level 5:colcon.colcon_core.verb:set package 'f112th_sim_2401_alpha' build argument 'cmake_target' from command line to 'None'
[2.307s] Level 5:colcon.colcon_core.verb:set package 'f112th_sim_2401_alpha' build argument 'cmake_target_skip_unavailable' from command line to 'False'
[2.307s] Level 5:colcon.colcon_core.verb:set package 'f112th_sim_2401_alpha' build argument 'cmake_clean_cache' from command line to 'False'
[2.307s] Level 5:colcon.colcon_core.verb:set package 'f112th_sim_2401_alpha' build argument 'cmake_clean_first' from command line to 'False'
[2.307s] Level 5:colcon.colcon_core.verb:set package 'f112th_sim_2401_alpha' build argument 'cmake_force_configure' from command line to 'False'
[2.307s] Level 5:colcon.colcon_core.verb:set package 'f112th_sim_2401_alpha' build argument 'ament_cmake_args' from command line to 'None'
[2.307s] Level 5:colcon.colcon_core.verb:set package 'f112th_sim_2401_alpha' build argument 'catkin_cmake_args' from command line to 'None'
[2.307s] Level 5:colcon.colcon_core.verb:set package 'f112th_sim_2401_alpha' build argument 'catkin_skip_building_tests' from command line to 'False'
[2.307s] DEBUG:colcon.colcon_core.verb:Building package 'f112th_sim_2401_alpha' with the following arguments: {'ament_cmake_args': None, 'build_base': '/home/epsdelta/Documents/RoboticaMovil/ros2_ws_2401/build/f112th_sim_2401_alpha', 'catkin_cmake_args': None, 'catkin_skip_building_tests': False, 'cmake_args': None, 'cmake_clean_cache': False, 'cmake_clean_first': False, 'cmake_force_configure': False, 'cmake_target': None, 'cmake_target_skip_unavailable': False, 'install_base': '/home/epsdelta/Documents/RoboticaMovil/ros2_ws_2401/install/f112th_sim_2401_alpha', 'merge_install': False, 'path': '/home/epsdelta/Documents/RoboticaMovil/ros2_ws_2401/src/f112th_sim_2401_alpha', 'symlink_install': False, 'test_result_base': None}
[2.332s] Level 5:colcon.colcon_core.verb:set package 'joy_tester' build argument 'cmake_args' from command line to 'None'
[2.332s] Level 5:colcon.colcon_core.verb:set package 'joy_tester' build argument 'cmake_target' from command line to 'None'
[2.332s] Level 5:colcon.colcon_core.verb:set package 'joy_tester' build argument 'cmake_target_skip_unavailable' from command line to 'False'
[2.332s] Level 5:colcon.colcon_core.verb:set package 'joy_tester' build argument 'cmake_clean_cache' from command line to 'False'
[2.332s] Level 5:colcon.colcon_core.verb:set package 'joy_tester' build argument 'cmake_clean_first' from command line to 'False'
[2.332s] Level 5:colcon.colcon_core.verb:set package 'joy_tester' build argument 'cmake_force_configure' from command line to 'False'
[2.332s] Level 5:colcon.colcon_core.verb:set package 'joy_tester' build argument 'ament_cmake_args' from command line to 'None'
[2.332s] Level 5:colcon.colcon_core.verb:set package 'joy_tester' build argument 'catkin_cmake_args' from command line to 'None'
[2.332s] Level 5:colcon.colcon_core.verb:set package 'joy_tester' build argument 'catkin_skip_building_tests' from command line to 'False'
[2.332s] DEBUG:colcon.colcon_core.verb:Building package 'joy_tester' with the following arguments: {'ament_cmake_args': None, 'build_base': '/home/epsdelta/Documents/RoboticaMovil/ros2_ws_2401/build/joy_tester', 'catkin_cmake_args': None, 'catkin_skip_building_tests': False, 'cmake_args': None, 'cmake_clean_cache': False, 'cmake_clean_first': False, 'cmake_force_configure': False, 'cmake_target': None, 'cmake_target_skip_unavailable': False, 'install_base': '/home/epsdelta/Documents/RoboticaMovil/ros2_ws_2401/install/joy_tester', 'merge_install': False, 'path': '/home/epsdelta/Documents/RoboticaMovil/ros2_ws_2401/src/joy_tester', 'symlink_install': False, 'test_result_base': None}
[2.357s] Level 5:colcon.colcon_core.verb:set package 'wall_following_alpha' build argument 'cmake_args' from command line to 'None'
[2.357s] Level 5:colcon.colcon_core.verb:set package 'wall_following_alpha' build argument 'cmake_target' from command line to 'None'
[2.357s] Level 5:colcon.colcon_core.verb:set package 'wall_following_alpha' build argument 'cmake_target_skip_unavailable' from command line to 'False'
[2.357s] Level 5:colcon.colcon_core.verb:set package 'wall_following_alpha' build argument 'cmake_clean_cache' from command line to 'False'
[2.357s] Level 5:colcon.colcon_core.verb:set package 'wall_following_alpha' build argument 'cmake_clean_first' from command line to 'False'
[2.357s] Level 5:colcon.colcon_core.verb:set package 'wall_following_alpha' build argument 'cmake_force_configure' from command line to 'False'
[2.357s] Level 5:colcon.colcon_core.verb:set package 'wall_following_alpha' build argument 'ament_cmake_args' from command line to 'None'
[2.357s] Level 5:colcon.colcon_core.verb:set package 'wall_following_alpha' build argument 'catkin_cmake_args' from command line to 'None'
[2.357s] Level 5:colcon.colcon_core.verb:set package 'wall_following_alpha' build argument 'catkin_skip_building_tests' from command line to 'False'
[2.357s] DEBUG:colcon.colcon_core.verb:Building package 'wall_following_alpha' with the following arguments: {'ament_cmake_args': None, 'build_base': '/home/epsdelta/Documents/RoboticaMovil/ros2_ws_2401/build/wall_following_alpha', 'catkin_cmake_args': None, 'catkin_skip_building_tests': False, 'cmake_args': None, 'cmake_clean_cache': False, 'cmake_clean_first': False, 'cmake_force_configure': False, 'cmake_target': None, 'cmake_target_skip_unavailable': False, 'install_base': '/home/epsdelta/Documents/RoboticaMovil/ros2_ws_2401/install/wall_following_alpha', 'merge_install': False, 'path': '/home/epsdelta/Documents/RoboticaMovil/ros2_ws_2401/src/wall_following_alpha', 'symlink_install': False, 'test_result_base': None}
[2.401s] INFO:colcon.colcon_core.executor:Executing jobs using 'parallel' executor
[2.443s] DEBUG:colcon.colcon_parallel_executor.executor.parallel:run_until_complete
[2.444s] INFO:colcon.colcon_ros.task.ament_cmake.build:Building ROS package in '/home/epsdelta/Documents/RoboticaMovil/ros2_ws_2401/src/f112th_sim_2401_alpha' with build type 'ament_cmake'
[2.445s] INFO:colcon.colcon_cmake.task.cmake.build:Building CMake package in '/home/epsdelta/Documents/RoboticaMovil/ros2_ws_2401/src/f112th_sim_2401_alpha'
[2.481s] INFO:colcon.colcon_core.plugin_system:Skipping extension 'colcon_core.shell.bat': Not used on non-Windows systems
[2.482s] INFO:colcon.colcon_core.shell:Skip shell extension 'powershell' for command environment: Not usable outside of PowerShell
[2.482s] DEBUG:colcon.colcon_core.shell:Skip shell extension 'dsv' for command environment
[2.595s] INFO:colcon.colcon_ros.task.ament_python.build:Building ROS package in '/home/epsdelta/Documents/RoboticaMovil/ros2_ws_2401/src/joy_tester' with build type 'ament_python'
[2.596s] Level 1:colcon.colcon_core.shell:create_environment_hook('joy_tester', 'ament_prefix_path')
[2.629s] INFO:colcon.colcon_core.shell:Creating environment hook '/home/epsdelta/Documents/RoboticaMovil/ros2_ws_2401/install/joy_tester/share/joy_tester/hook/ament_prefix_path.ps1'
[2.631s] INFO:colcon.colcon_core.shell:Creating environment descriptor '/home/epsdelta/Documents/RoboticaMovil/ros2_ws_2401/install/joy_tester/share/joy_tester/hook/ament_prefix_path.dsv'
[2.632s] INFO:colcon.colcon_core.shell:Creating environment hook '/home/epsdelta/Documents/RoboticaMovil/ros2_ws_2401/install/joy_tester/share/joy_tester/hook/ament_prefix_path.sh'
[2.660s] INFO:colcon.colcon_core.shell:Skip shell extension 'powershell' for command environment: Not usable outside of PowerShell
[2.660s] DEBUG:colcon.colcon_core.shell:Skip shell extension 'dsv' for command environment
[2.740s] INFO:colcon.colcon_ros.task.ament_python.build:Building ROS package in '/home/epsdelta/Documents/RoboticaMovil/ros2_ws_2401/src/wall_following_alpha' with build type 'ament_python'
[2.740s] Level 1:colcon.colcon_core.shell:create_environment_hook('wall_following_alpha', 'ament_prefix_path')
[2.770s] INFO:colcon.colcon_core.shell:Creating environment hook '/home/epsdelta/Documents/RoboticaMovil/ros2_ws_2401/install/wall_following_alpha/share/wall_following_alpha/hook/ament_prefix_path.ps1'
[2.771s] INFO:colcon.colcon_core.shell:Creating environment descriptor '/home/epsdelta/Documents/RoboticaMovil/ros2_ws_2401/install/wall_following_alpha/share/wall_following_alpha/hook/ament_prefix_path.dsv'
[2.771s] INFO:colcon.colcon_core.shell:Creating environment hook '/home/epsdelta/Documents/RoboticaMovil/ros2_ws_2401/install/wall_following_alpha/share/wall_following_alpha/hook/ament_prefix_path.sh'
[2.798s] INFO:colcon.colcon_core.shell:Skip shell extension 'powershell' for command environment: Not usable outside of PowerShell
[2.799s] DEBUG:colcon.colcon_core.shell:Skip shell extension 'dsv' for command environment
[2.892s] DEBUG:colcon.colcon_core.event_handler.log_command:Invoking command in '/home/epsdelta/Documents/RoboticaMovil/ros2_ws_2401/build/f112th_sim_2401_alpha': CMAKE_PREFIX_PATH=${CMAKE_PREFIX_PATH}:/home/epsdelta/Documents/RoboticaMovil/ros2_ws_2401/install/wall_following_alpha:/home/epsdelta/Documents/RoboticaMovil/ros2_ws_2401/install/joy_tester:/opt/ros/humble /usr/bin/cmake --build /home/epsdelta/Documents/RoboticaMovil/ros2_ws_2401/build/f112th_sim_2401_alpha -- -j4 -l4
[3.377s] INFO:colcon.colcon_core.task.python.build:Building Python package in '/home/epsdelta/Documents/RoboticaMovil/ros2_ws_2401/src/joy_tester'
[3.403s] INFO:colcon.colcon_core.shell:Skip shell extension 'powershell' for command environment: Not usable outside of PowerShell
[3.403s] DEBUG:colcon.colcon_core.shell:Skip shell extension 'dsv' for command environment
[3.956s] INFO:colcon.colcon_core.task.python.build:Building Python package in '/home/epsdelta/Documents/RoboticaMovil/ros2_ws_2401/src/wall_following_alpha'
[3.986s] INFO:colcon.colcon_core.shell:Skip shell extension 'powershell' for command environment: Not usable outside of PowerShell
[3.986s] DEBUG:colcon.colcon_core.shell:Skip shell extension 'dsv' for command environment
[4.066s] DEBUG:colcon.colcon_core.event_handler.log_command:Invoked command in '/home/epsdelta/Documents/RoboticaMovil/ros2_ws_2401/build/f112th_sim_2401_alpha' returned '0': CMAKE_PREFIX_PATH=${CMAKE_PREFIX_PATH}:/home/epsdelta/Documents/RoboticaMovil/ros2_ws_2401/install/wall_following_alpha:/home/epsdelta/Documents/RoboticaMovil/ros2_ws_2401/install/joy_tester:/opt/ros/humble /usr/bin/cmake --build /home/epsdelta/Documents/RoboticaMovil/ros2_ws_2401/build/f112th_sim_2401_alpha -- -j4 -l4
[4.141s] DEBUG:colcon.colcon_core.event_handler.log_command:Invoking command in '/home/epsdelta/Documents/RoboticaMovil/ros2_ws_2401/build/f112th_sim_2401_alpha': CMAKE_PREFIX_PATH=${CMAKE_PREFIX_PATH}:/home/epsdelta/Documents/RoboticaMovil/ros2_ws_2401/install/wall_following_alpha:/home/epsdelta/Documents/RoboticaMovil/ros2_ws_2401/install/joy_tester:/opt/ros/humble /usr/bin/cmake --install /home/epsdelta/Documents/RoboticaMovil/ros2_ws_2401/build/f112th_sim_2401_alpha
[4.217s] Level 1:colcon.colcon_core.environment:create_environment_scripts_only(f112th_sim_2401_alpha)
[4.220s] DEBUG:colcon.colcon_core.event_handler.log_command:Invoked command in '/home/epsdelta/Documents/RoboticaMovil/ros2_ws_2401/build/f112th_sim_2401_alpha' returned '0': CMAKE_PREFIX_PATH=${CMAKE_PREFIX_PATH}:/home/epsdelta/Documents/RoboticaMovil/ros2_ws_2401/install/wall_following_alpha:/home/epsdelta/Documents/RoboticaMovil/ros2_ws_2401/install/joy_tester:/opt/ros/humble /usr/bin/cmake --install /home/epsdelta/Documents/RoboticaMovil/ros2_ws_2401/build/f112th_sim_2401_alpha
[4.295s] Level 1:colcon.colcon_core.environment:checking '/home/epsdelta/Documents/RoboticaMovil/ros2_ws_2401/install/f112th_sim_2401_alpha' for CMake module files
[4.296s] Level 1:colcon.colcon_core.environment:checking '/home/epsdelta/Documents/RoboticaMovil/ros2_ws_2401/install/f112th_sim_2401_alpha' for CMake config files
[4.297s] Level 1:colcon.colcon_core.shell:create_environment_hook('f112th_sim_2401_alpha', 'cmake_prefix_path')
[4.344s] INFO:colcon.colcon_core.shell:Creating environment hook '/home/epsdelta/Documents/RoboticaMovil/ros2_ws_2401/install/f112th_sim_2401_alpha/share/f112th_sim_2401_alpha/hook/cmake_prefix_path.ps1'
[4.346s] INFO:colcon.colcon_core.shell:Creating environment descriptor '/home/epsdelta/Documents/RoboticaMovil/ros2_ws_2401/install/f112th_sim_2401_alpha/share/f112th_sim_2401_alpha/hook/cmake_prefix_path.dsv'
[4.348s] INFO:colcon.colcon_core.shell:Creating environment hook '/home/epsdelta/Documents/RoboticaMovil/ros2_ws_2401/install/f112th_sim_2401_alpha/share/f112th_sim_2401_alpha/hook/cmake_prefix_path.sh'
[4.351s] Level 1:colcon.colcon_core.environment:checking '/home/epsdelta/Documents/RoboticaMovil/ros2_ws_2401/install/f112th_sim_2401_alpha/bin'
[4.352s] Level 1:colcon.colcon_core.environment:checking '/home/epsdelta/Documents/RoboticaMovil/ros2_ws_2401/install/f112th_sim_2401_alpha/lib/pkgconfig/f112th_sim_2401_alpha.pc'
[4.353s] Level 1:colcon.colcon_core.environment:checking '/home/epsdelta/Documents/RoboticaMovil/ros2_ws_2401/install/f112th_sim_2401_alpha/lib/python3.10/site-packages'
[4.354s] Level 1:colcon.colcon_core.environment:checking '/home/epsdelta/Documents/RoboticaMovil/ros2_ws_2401/install/f112th_sim_2401_alpha/bin'
[4.420s] INFO:colcon.colcon_core.shell:Creating package script '/home/epsdelta/Documents/RoboticaMovil/ros2_ws_2401/install/f112th_sim_2401_alpha/share/f112th_sim_2401_alpha/package.ps1'
[4.422s] INFO:colcon.colcon_core.shell:Creating package descriptor '/home/epsdelta/Documents/RoboticaMovil/ros2_ws_2401/install/f112th_sim_2401_alpha/share/f112th_sim_2401_alpha/package.dsv'
[4.424s] INFO:colcon.colcon_core.shell:Creating package script '/home/epsdelta/Documents/RoboticaMovil/ros2_ws_2401/install/f112th_sim_2401_alpha/share/f112th_sim_2401_alpha/package.sh'
[4.428s] INFO:colcon.colcon_core.shell:Creating package script '/home/epsdelta/Documents/RoboticaMovil/ros2_ws_2401/install/f112th_sim_2401_alpha/share/f112th_sim_2401_alpha/package.bash'
[4.432s] INFO:colcon.colcon_core.shell:Creating package script '/home/epsdelta/Documents/RoboticaMovil/ros2_ws_2401/install/f112th_sim_2401_alpha/share/f112th_sim_2401_alpha/package.zsh'
[4.434s] Level 1:colcon.colcon_core.environment:create_file_with_runtime_dependencies(/home/epsdelta/Documents/RoboticaMovil/ros2_ws_2401/install/f112th_sim_2401_alpha/share/colcon-core/packages/f112th_sim_2401_alpha)
[4.553s] Level 1:colcon.colcon_core.environment:create_environment_scripts_only(f112th_sim_2401_alpha)
[4.598s] Level 1:colcon.colcon_core.environment:checking '/home/epsdelta/Documents/RoboticaMovil/ros2_ws_2401/install/f112th_sim_2401_alpha' for CMake module files
[4.599s] Level 1:colcon.colcon_core.environment:checking '/home/epsdelta/Documents/RoboticaMovil/ros2_ws_2401/install/f112th_sim_2401_alpha' for CMake config files
[4.600s] Level 1:colcon.colcon_core.shell:create_environment_hook('f112th_sim_2401_alpha', 'cmake_prefix_path')
[4.669s] INFO:colcon.colcon_core.shell:Creating environment hook '/home/epsdelta/Documents/RoboticaMovil/ros2_ws_2401/install/f112th_sim_2401_alpha/share/f112th_sim_2401_alpha/hook/cmake_prefix_path.ps1'
[4.670s] INFO:colcon.colcon_core.shell:Creating environment descriptor '/home/epsdelta/Documents/RoboticaMovil/ros2_ws_2401/install/f112th_sim_2401_alpha/share/f112th_sim_2401_alpha/hook/cmake_prefix_path.dsv'
[4.672s] INFO:colcon.colcon_core.shell:Creating environment hook '/home/epsdelta/Documents/RoboticaMovil/ros2_ws_2401/install/f112th_sim_2401_alpha/share/f112th_sim_2401_alpha/hook/cmake_prefix_path.sh'
[4.673s] Level 1:colcon.colcon_core.environment:checking '/home/epsdelta/Documents/RoboticaMovil/ros2_ws_2401/install/f112th_sim_2401_alpha/bin'
[4.674s] Level 1:colcon.colcon_core.environment:checking '/home/epsdelta/Documents/RoboticaMovil/ros2_ws_2401/install/f112th_sim_2401_alpha/lib/pkgconfig/f112th_sim_2401_alpha.pc'
[4.674s] Level 1:colcon.colcon_core.environment:checking '/home/epsdelta/Documents/RoboticaMovil/ros2_ws_2401/install/f112th_sim_2401_alpha/lib/python3.10/site-packages'
[4.675s] Level 1:colcon.colcon_core.environment:checking '/home/epsdelta/Documents/RoboticaMovil/ros2_ws_2401/install/f112th_sim_2401_alpha/bin'
[4.734s] INFO:colcon.colcon_core.shell:Creating package script '/home/epsdelta/Documents/RoboticaMovil/ros2_ws_2401/install/f112th_sim_2401_alpha/share/f112th_sim_2401_alpha/package.ps1'
[4.736s] INFO:colcon.colcon_core.shell:Creating package descriptor '/home/epsdelta/Documents/RoboticaMovil/ros2_ws_2401/install/f112th_sim_2401_alpha/share/f112th_sim_2401_alpha/package.dsv'
[4.738s] INFO:colcon.colcon_core.shell:Creating package script '/home/epsdelta/Documents/RoboticaMovil/ros2_ws_2401/install/f112th_sim_2401_alpha/share/f112th_sim_2401_alpha/package.sh'
[4.739s] INFO:colcon.colcon_core.shell:Creating package script '/home/epsdelta/Documents/RoboticaMovil/ros2_ws_2401/install/f112th_sim_2401_alpha/share/f112th_sim_2401_alpha/package.bash'
[4.740s] INFO:colcon.colcon_core.shell:Creating package script '/home/epsdelta/Documents/RoboticaMovil/ros2_ws_2401/install/f112th_sim_2401_alpha/share/f112th_sim_2401_alpha/package.zsh'
[4.741s] Level 1:colcon.colcon_core.environment:create_file_with_runtime_dependencies(/home/epsdelta/Documents/RoboticaMovil/ros2_ws_2401/install/f112th_sim_2401_alpha/share/colcon-core/packages/f112th_sim_2401_alpha)
[5.136s] DEBUG:colcon.colcon_core.event_handler.log_command:Invoking command in '/home/epsdelta/Documents/RoboticaMovil/ros2_ws_2401/src/wall_following_alpha': PYTHONPATH=/home/epsdelta/Documents/RoboticaMovil/ros2_ws_2401/build/wall_following_alpha/prefix_override:/home/epsdelta/Documents/RoboticaMovil/ros2_ws_2401/install/wall_following_alpha/lib/python3.10/site-packages:${PYTHONPATH} /usr/bin/python3 setup.py egg_info --egg-base ../../build/wall_following_alpha build --build-base /home/epsdelta/Documents/RoboticaMovil/ros2_ws_2401/build/wall_following_alpha/build install --record /home/epsdelta/Documents/RoboticaMovil/ros2_ws_2401/build/wall_following_alpha/install.log --single-version-externally-managed
[5.199s] DEBUG:colcon.colcon_core.event_handler.log_command:Invoking command in '/home/epsdelta/Documents/RoboticaMovil/ros2_ws_2401/src/joy_tester': PYTHONPATH=/home/epsdelta/Documents/RoboticaMovil/ros2_ws_2401/build/joy_tester/prefix_override:/home/epsdelta/Documents/RoboticaMovil/ros2_ws_2401/install/joy_tester/lib/python3.10/site-packages:${PYTHONPATH} /usr/bin/python3 setup.py egg_info --egg-base ../../build/joy_tester build --build-base /home/epsdelta/Documents/RoboticaMovil/ros2_ws_2401/build/joy_tester/build install --record /home/epsdelta/Documents/RoboticaMovil/ros2_ws_2401/build/joy_tester/install.log --single-version-externally-managed
[5.868s] DEBUG:colcon.colcon_core.event_handler.log_command:Invoked command in '/home/epsdelta/Documents/RoboticaMovil/ros2_ws_2401/src/wall_following_alpha' returned '0': PYTHONPATH=/home/epsdelta/Documents/RoboticaMovil/ros2_ws_2401/build/wall_following_alpha/prefix_override:/home/epsdelta/Documents/RoboticaMovil/ros2_ws_2401/install/wall_following_alpha/lib/python3.10/site-packages:${PYTHONPATH} /usr/bin/python3 setup.py egg_info --egg-base ../../build/wall_following_alpha build --build-base /home/epsdelta/Documents/RoboticaMovil/ros2_ws_2401/build/wall_following_alpha/build install --record /home/epsdelta/Documents/RoboticaMovil/ros2_ws_2401/build/wall_following_alpha/install.log --single-version-externally-managed
[5.908s] Level 1:colcon.colcon_core.environment:checking '/home/epsdelta/Documents/RoboticaMovil/ros2_ws_2401/install/wall_following_alpha' for CMake module files
[5.909s] Level 1:colcon.colcon_core.environment:checking '/home/epsdelta/Documents/RoboticaMovil/ros2_ws_2401/install/wall_following_alpha' for CMake config files
[5.910s] Level 1:colcon.colcon_core.environment:checking '/home/epsdelta/Documents/RoboticaMovil/ros2_ws_2401/install/wall_following_alpha/lib'
[5.910s] Level 1:colcon.colcon_core.environment:checking '/home/epsdelta/Documents/RoboticaMovil/ros2_ws_2401/install/wall_following_alpha/bin'
[5.910s] Level 1:colcon.colcon_core.environment:checking '/home/epsdelta/Documents/RoboticaMovil/ros2_ws_2401/install/wall_following_alpha/lib/pkgconfig/wall_following_alpha.pc'
[5.911s] Level 1:colcon.colcon_core.environment:checking '/home/epsdelta/Documents/RoboticaMovil/ros2_ws_2401/install/wall_following_alpha/lib/python3.10/site-packages'
[5.911s] Level 1:colcon.colcon_core.shell:create_environment_hook('wall_following_alpha', 'pythonpath')
[5.940s] INFO:colcon.colcon_core.shell:Creating environment hook '/home/epsdelta/Documents/RoboticaMovil/ros2_ws_2401/install/wall_following_alpha/share/wall_following_alpha/hook/pythonpath.ps1'
[5.941s] INFO:colcon.colcon_core.shell:Creating environment descriptor '/home/epsdelta/Documents/RoboticaMovil/ros2_ws_2401/install/wall_following_alpha/share/wall_following_alpha/hook/pythonpath.dsv'
[5.942s] INFO:colcon.colcon_core.shell:Creating environment hook '/home/epsdelta/Documents/RoboticaMovil/ros2_ws_2401/install/wall_following_alpha/share/wall_following_alpha/hook/pythonpath.sh'
[5.943s] Level 1:colcon.colcon_core.environment:checking '/home/epsdelta/Documents/RoboticaMovil/ros2_ws_2401/install/wall_following_alpha/bin'
[5.943s] Level 1:colcon.colcon_core.environment:create_environment_scripts_only(wall_following_alpha)
[5.970s] INFO:colcon.colcon_core.shell:Creating package script '/home/epsdelta/Documents/RoboticaMovil/ros2_ws_2401/install/wall_following_alpha/share/wall_following_alpha/package.ps1'
[5.970s] INFO:colcon.colcon_core.shell:Creating package descriptor '/home/epsdelta/Documents/RoboticaMovil/ros2_ws_2401/install/wall_following_alpha/share/wall_following_alpha/package.dsv'
[5.971s] INFO:colcon.colcon_core.shell:Creating package script '/home/epsdelta/Documents/RoboticaMovil/ros2_ws_2401/install/wall_following_alpha/share/wall_following_alpha/package.sh'
[5.971s] INFO:colcon.colcon_core.shell:Creating package script '/home/epsdelta/Documents/RoboticaMovil/ros2_ws_2401/install/wall_following_alpha/share/wall_following_alpha/package.bash'
[5.972s] INFO:colcon.colcon_core.shell:Creating package script '/home/epsdelta/Documents/RoboticaMovil/ros2_ws_2401/install/wall_following_alpha/share/wall_following_alpha/package.zsh'
[5.972s] Level 1:colcon.colcon_core.environment:create_file_with_runtime_dependencies(/home/epsdelta/Documents/RoboticaMovil/ros2_ws_2401/install/wall_following_alpha/share/colcon-core/packages/wall_following_alpha)
[5.975s] DEBUG:colcon.colcon_core.event_handler.log_command:Invoked command in '/home/epsdelta/Documents/RoboticaMovil/ros2_ws_2401/src/joy_tester' returned '0': PYTHONPATH=/home/epsdelta/Documents/RoboticaMovil/ros2_ws_2401/build/joy_tester/prefix_override:/home/epsdelta/Documents/RoboticaMovil/ros2_ws_2401/install/joy_tester/lib/python3.10/site-packages:${PYTHONPATH} /usr/bin/python3 setup.py egg_info --egg-base ../../build/joy_tester build --build-base /home/epsdelta/Documents/RoboticaMovil/ros2_ws_2401/build/joy_tester/build install --record /home/epsdelta/Documents/RoboticaMovil/ros2_ws_2401/build/joy_tester/install.log --single-version-externally-managed
[6.002s] Level 1:colcon.colcon_core.environment:checking '/home/epsdelta/Documents/RoboticaMovil/ros2_ws_2401/install/joy_tester' for CMake module files
[6.003s] Level 1:colcon.colcon_core.environment:checking '/home/epsdelta/Documents/RoboticaMovil/ros2_ws_2401/install/joy_tester' for CMake config files
[6.003s] Level 1:colcon.colcon_core.environment:checking '/home/epsdelta/Documents/RoboticaMovil/ros2_ws_2401/install/joy_tester/lib'
[6.003s] Level 1:colcon.colcon_core.environment:checking '/home/epsdelta/Documents/RoboticaMovil/ros2_ws_2401/install/joy_tester/bin'
[6.003s] Level 1:colcon.colcon_core.environment:checking '/home/epsdelta/Documents/RoboticaMovil/ros2_ws_2401/install/joy_tester/lib/pkgconfig/joy_tester.pc'
[6.004s] Level 1:colcon.colcon_core.environment:checking '/home/epsdelta/Documents/RoboticaMovil/ros2_ws_2401/install/joy_tester/lib/python3.10/site-packages'
[6.004s] Level 1:colcon.colcon_core.shell:create_environment_hook('joy_tester', 'pythonpath')
[6.029s] INFO:colcon.colcon_core.shell:Creating environment hook '/home/epsdelta/Documents/RoboticaMovil/ros2_ws_2401/install/joy_tester/share/joy_tester/hook/pythonpath.ps1'
[6.030s] INFO:colcon.colcon_core.shell:Creating environment descriptor '/home/epsdelta/Documents/RoboticaMovil/ros2_ws_2401/install/joy_tester/share/joy_tester/hook/pythonpath.dsv'
[6.030s] INFO:colcon.colcon_core.shell:Creating environment hook '/home/epsdelta/Documents/RoboticaMovil/ros2_ws_2401/install/joy_tester/share/joy_tester/hook/pythonpath.sh'
[6.031s] Level 1:colcon.colcon_core.environment:checking '/home/epsdelta/Documents/RoboticaMovil/ros2_ws_2401/install/joy_tester/bin'
[6.031s] Level 1:colcon.colcon_core.environment:create_environment_scripts_only(joy_tester)
[6.061s] INFO:colcon.colcon_core.shell:Creating package script '/home/epsdelta/Documents/RoboticaMovil/ros2_ws_2401/install/joy_tester/share/joy_tester/package.ps1'
[6.063s] INFO:colcon.colcon_core.shell:Creating package descriptor '/home/epsdelta/Documents/RoboticaMovil/ros2_ws_2401/install/joy_tester/share/joy_tester/package.dsv'
[6.065s] INFO:colcon.colcon_core.shell:Creating package script '/home/epsdelta/Documents/RoboticaMovil/ros2_ws_2401/install/joy_tester/share/joy_tester/package.sh'
[6.065s] INFO:colcon.colcon_core.shell:Creating package script '/home/epsdelta/Documents/RoboticaMovil/ros2_ws_2401/install/joy_tester/share/joy_tester/package.bash'
[6.066s] INFO:colcon.colcon_core.shell:Creating package script '/home/epsdelta/Documents/RoboticaMovil/ros2_ws_2401/install/joy_tester/share/joy_tester/package.zsh'
[6.067s] Level 1:colcon.colcon_core.environment:create_file_with_runtime_dependencies(/home/epsdelta/Documents/RoboticaMovil/ros2_ws_2401/install/joy_tester/share/colcon-core/packages/joy_tester)
[6.068s] DEBUG:colcon.colcon_parallel_executor.executor.parallel:closing loop
[6.068s] DEBUG:colcon.colcon_parallel_executor.executor.parallel:loop closed
[6.068s] DEBUG:colcon.colcon_parallel_executor.executor.parallel:run_until_complete finished with '0'
[6.069s] DEBUG:colcon.colcon_core.event_reactor:joining thread
[6.114s] INFO:colcon.colcon_core.plugin_system:Skipping extension 'colcon_notification.desktop_notification.terminal_notifier': Not used on non-Darwin systems
[6.114s] INFO:colcon.colcon_core.plugin_system:Skipping extension 'colcon_notification.desktop_notification.win32': Not used on non-Windows systems
[6.114s] INFO:colcon.colcon_notification.desktop_notification:Sending desktop notification using 'notify2'
[6.128s] DEBUG:colcon.colcon_core.event_reactor:joined thread
[6.155s] INFO:colcon.colcon_core.shell:Creating prefix script '/home/epsdelta/Documents/RoboticaMovil/ros2_ws_2401/install/local_setup.ps1'
[6.157s] INFO:colcon.colcon_core.shell:Creating prefix util module '/home/epsdelta/Documents/RoboticaMovil/ros2_ws_2401/install/_local_setup_util_ps1.py'
[6.159s] INFO:colcon.colcon_core.shell:Creating prefix chain script '/home/epsdelta/Documents/RoboticaMovil/ros2_ws_2401/install/setup.ps1'
[6.185s] INFO:colcon.colcon_core.shell:Creating prefix script '/home/epsdelta/Documents/RoboticaMovil/ros2_ws_2401/install/local_setup.sh'
[6.186s] INFO:colcon.colcon_core.shell:Creating prefix util module '/home/epsdelta/Documents/RoboticaMovil/ros2_ws_2401/install/_local_setup_util_sh.py'
[6.188s] INFO:colcon.colcon_core.shell:Creating prefix chain script '/home/epsdelta/Documents/RoboticaMovil/ros2_ws_2401/install/setup.sh'
[6.213s] INFO:colcon.colcon_core.shell:Creating prefix script '/home/epsdelta/Documents/RoboticaMovil/ros2_ws_2401/install/local_setup.bash'
[6.214s] INFO:colcon.colcon_core.shell:Creating prefix chain script '/home/epsdelta/Documents/RoboticaMovil/ros2_ws_2401/install/setup.bash'
[6.239s] INFO:colcon.colcon_core.shell:Creating prefix script '/home/epsdelta/Documents/RoboticaMovil/ros2_ws_2401/install/local_setup.zsh'
[6.240s] INFO:colcon.colcon_core.shell:Creating prefix chain script '/home/epsdelta/Documents/RoboticaMovil/ros2_ws_2401/install/setup.zsh'
