running egg_info
writing ../../build/wall_following_alpha/wall_following_alpha.egg-info/PKG-INFO
writing dependency_links to ../../build/wall_following_alpha/wall_following_alpha.egg-info/dependency_links.txt
writing entry points to ../../build/wall_following_alpha/wall_following_alpha.egg-info/entry_points.txt
writing requirements to ../../build/wall_following_alpha/wall_following_alpha.egg-info/requires.txt
writing top-level names to ../../build/wall_following_alpha/wall_following_alpha.egg-info/top_level.txt
reading manifest file '../../build/wall_following_alpha/wall_following_alpha.egg-info/SOURCES.txt'
writing manifest file '../../build/wall_following_alpha/wall_following_alpha.egg-info/SOURCES.txt'
running build
running build_py
running install
running install_lib
running install_data
copying launch/control.launch.py -> /home/epsdelta/Documents/RoboticaMovil/ros2_ws_2401/install/wall_following_alpha/share/wall_following_alpha
running install_egg_info
removing '/home/epsdelta/Documents/RoboticaMovil/ros2_ws_2401/install/wall_following_alpha/lib/python3.10/site-packages/wall_following_alpha-0.0.0-py3.10.egg-info' (and everything under it)
Copying ../../build/wall_following_alpha/wall_following_alpha.egg-info to /home/epsdelta/Documents/RoboticaMovil/ros2_ws_2401/install/wall_following_alpha/lib/python3.10/site-packages/wall_following_alpha-0.0.0-py3.10.egg-info
running install_scripts
Installing break script to /home/epsdelta/Documents/RoboticaMovil/ros2_ws_2401/install/wall_following_alpha/lib/wall_following_alpha
Installing param_calc script to /home/epsdelta/Documents/RoboticaMovil/ros2_ws_2401/install/wall_following_alpha/lib/wall_following_alpha
writing list of installed files to '/home/epsdelta/Documents/RoboticaMovil/ros2_ws_2401/build/wall_following_alpha/install.log'
