[3.704s] Invoking command in '/home/epsdelta/Documents/RoboticaMovil/ros2_ws_2401/build/wall_following_alpha': PYTHONPATH=/home/epsdelta/Documents/RoboticaMovil/ros2_ws_2401/build/wall_following_alpha/prefix_override:/home/epsdelta/Documents/RoboticaMovil/ros2_ws_2401/install/wall_following_alpha/lib/python3.10/site-packages:${PYTHONPATH} /usr/bin/python3 setup.py develop --editable --build-directory /home/epsdelta/Documents/RoboticaMovil/ros2_ws_2401/build/wall_following_alpha/build --no-deps install_data
[4.568s] running develop
[5.127s] running egg_info
[5.127s] writing wall_following_alpha.egg-info/PKG-INFO
[5.127s] writing dependency_links to wall_following_alpha.egg-info/dependency_links.txt
[5.132s] writing entry points to wall_following_alpha.egg-info/entry_points.txt
[5.134s] writing requirements to wall_following_alpha.egg-info/requires.txt
[5.140s] writing top-level names to wall_following_alpha.egg-info/top_level.txt
[5.143s] reading manifest file 'wall_following_alpha.egg-info/SOURCES.txt'
[5.143s] writing manifest file 'wall_following_alpha.egg-info/SOURCES.txt'
[5.143s] running build_ext
[5.145s] Creating /home/epsdelta/Documents/RoboticaMovil/ros2_ws_2401/install/wall_following_alpha/lib/python3.10/site-packages/wall-following-alpha.egg-link (link to .)
[5.145s] Installing break script to /home/epsdelta/Documents/RoboticaMovil/ros2_ws_2401/install/wall_following_alpha/lib/wall_following_alpha
[5.145s] Installing control_alpha script to /home/epsdelta/Documents/RoboticaMovil/ros2_ws_2401/install/wall_following_alpha/lib/wall_following_alpha
[5.145s] Installing dist_finder_alpha script to /home/epsdelta/Documents/RoboticaMovil/ros2_ws_2401/install/wall_following_alpha/lib/wall_following_alpha
[5.145s] Installing gap_control_alpha script to /home/epsdelta/Documents/RoboticaMovil/ros2_ws_2401/install/wall_following_alpha/lib/wall_following_alpha
[5.146s] 
[5.146s] Installed /home/epsdelta/Documents/RoboticaMovil/ros2_ws_2401/build/wall_following_alpha
[5.146s] running install_data
[5.268s] Invoked command in '/home/epsdelta/Documents/RoboticaMovil/ros2_ws_2401/build/wall_following_alpha' returned '0': PYTHONPATH=/home/epsdelta/Documents/RoboticaMovil/ros2_ws_2401/build/wall_following_alpha/prefix_override:/home/epsdelta/Documents/RoboticaMovil/ros2_ws_2401/install/wall_following_alpha/lib/python3.10/site-packages:${PYTHONPATH} /usr/bin/python3 setup.py develop --editable --build-directory /home/epsdelta/Documents/RoboticaMovil/ros2_ws_2401/build/wall_following_alpha/build --no-deps install_data
