[0.250s] Invoking command in '/home/epsdelta/Documents/RoboticaMovil/ros2_ws_2401/build/f112th_sim_2401_alpha': CMAKE_PREFIX_PATH=${CMAKE_PREFIX_PATH}:/home/epsdelta/Documents/RoboticaMovil/ros2_ws_2401/install/wall_following_alpha:/home/epsdelta/Documents/RoboticaMovil/ros2_ws_2401/install/joy_tester:/opt/ros/humble /usr/bin/cmake --build /home/epsdelta/Documents/RoboticaMovil/ros2_ws_2401/build/f112th_sim_2401_alpha -- -j4 -l4
[0.953s] Invoked command in '/home/epsdelta/Documents/RoboticaMovil/ros2_ws_2401/build/f112th_sim_2401_alpha' returned '0': CMAKE_PREFIX_PATH=${CMAKE_PREFIX_PATH}:/home/epsdelta/Documents/RoboticaMovil/ros2_ws_2401/install/wall_following_alpha:/home/epsdelta/Documents/RoboticaMovil/ros2_ws_2401/install/joy_tester:/opt/ros/humble /usr/bin/cmake --build /home/epsdelta/Documents/RoboticaMovil/ros2_ws_2401/build/f112th_sim_2401_alpha -- -j4 -l4
[0.997s] Invoking command in '/home/epsdelta/Documents/RoboticaMovil/ros2_ws_2401/build/f112th_sim_2401_alpha': CMAKE_PREFIX_PATH=${CMAKE_PREFIX_PATH}:/home/epsdelta/Documents/RoboticaMovil/ros2_ws_2401/install/wall_following_alpha:/home/epsdelta/Documents/RoboticaMovil/ros2_ws_2401/install/joy_tester:/opt/ros/humble /usr/bin/cmake --install /home/epsdelta/Documents/RoboticaMovil/ros2_ws_2401/build/f112th_sim_2401_alpha
[1.008s] -- Install configuration: ""
[1.009s] -- Execute custom install script
[1.010s] -- Up-to-date symlink: /home/epsdelta/Documents/RoboticaMovil/ros2_ws_2401/install/f112th_sim_2401_alpha/share/f112th_sim_2401_alpha/config/empty.yaml
[1.011s] -- Up-to-date symlink: /home/epsdelta/Documents/RoboticaMovil/ros2_ws_2401/install/f112th_sim_2401_alpha/share/f112th_sim_2401_alpha/config/gazebo_params.yaml
[1.011s] -- Up-to-date symlink: /home/epsdelta/Documents/RoboticaMovil/ros2_ws_2401/install/f112th_sim_2401_alpha/share/f112th_sim_2401_alpha/config/joystick.yaml
[1.011s] -- Up-to-date symlink: /home/epsdelta/Documents/RoboticaMovil/ros2_ws_2401/install/f112th_sim_2401_alpha/share/f112th_sim_2401_alpha/config/my_controllers.yaml
[1.011s] -- Up-to-date symlink: /home/epsdelta/Documents/RoboticaMovil/ros2_ws_2401/install/f112th_sim_2401_alpha/share/f112th_sim_2401_alpha/config/twist_mux.yaml
[1.011s] -- Up-to-date symlink: /home/epsdelta/Documents/RoboticaMovil/ros2_ws_2401/install/f112th_sim_2401_alpha/share/f112th_sim_2401_alpha/description/gazebo_control.xacro
[1.012s] -- Up-to-date symlink: /home/epsdelta/Documents/RoboticaMovil/ros2_ws_2401/install/f112th_sim_2401_alpha/share/f112th_sim_2401_alpha/description/inertial_macros.xacro
[1.012s] -- Up-to-date symlink: /home/epsdelta/Documents/RoboticaMovil/ros2_ws_2401/install/f112th_sim_2401_alpha/share/f112th_sim_2401_alpha/description/lidar.xacro
[1.017s] -- Up-to-date symlink: /home/epsdelta/Documents/RoboticaMovil/ros2_ws_2401/install/f112th_sim_2401_alpha/share/f112th_sim_2401_alpha/description/properties.xacro
[1.017s] -- Up-to-date symlink: /home/epsdelta/Documents/RoboticaMovil/ros2_ws_2401/install/f112th_sim_2401_alpha/share/f112th_sim_2401_alpha/description/robot.urdf.xacro
[1.018s] -- Up-to-date symlink: /home/epsdelta/Documents/RoboticaMovil/ros2_ws_2401/install/f112th_sim_2401_alpha/share/f112th_sim_2401_alpha/description/robot_core.xacro
[1.018s] -- Up-to-date symlink: /home/epsdelta/Documents/RoboticaMovil/ros2_ws_2401/install/f112th_sim_2401_alpha/share/f112th_sim_2401_alpha/description/ros2_control.xacro
[1.018s] -- Up-to-date symlink: /home/epsdelta/Documents/RoboticaMovil/ros2_ws_2401/install/f112th_sim_2401_alpha/share/f112th_sim_2401_alpha/launch/joystick.launch.py
[1.018s] -- Up-to-date symlink: /home/epsdelta/Documents/RoboticaMovil/ros2_ws_2401/install/f112th_sim_2401_alpha/share/f112th_sim_2401_alpha/launch/launch_sim.launch.py
[1.018s] -- Up-to-date symlink: /home/epsdelta/Documents/RoboticaMovil/ros2_ws_2401/install/f112th_sim_2401_alpha/share/f112th_sim_2401_alpha/launch/rsp.launch.py
[1.018s] -- Up-to-date symlink: /home/epsdelta/Documents/RoboticaMovil/ros2_ws_2401/install/f112th_sim_2401_alpha/share/f112th_sim_2401_alpha/worlds/room3_walls.world
[1.018s] -- Up-to-date symlink: /home/epsdelta/Documents/RoboticaMovil/ros2_ws_2401/install/f112th_sim_2401_alpha/share/ament_index/resource_index/package_run_dependencies/f112th_sim_2401_alpha
[1.019s] -- Up-to-date symlink: /home/epsdelta/Documents/RoboticaMovil/ros2_ws_2401/install/f112th_sim_2401_alpha/share/ament_index/resource_index/parent_prefix_path/f112th_sim_2401_alpha
[1.019s] -- Up-to-date symlink: /home/epsdelta/Documents/RoboticaMovil/ros2_ws_2401/install/f112th_sim_2401_alpha/share/f112th_sim_2401_alpha/environment/ament_prefix_path.sh
[1.019s] -- Up-to-date symlink: /home/epsdelta/Documents/RoboticaMovil/ros2_ws_2401/install/f112th_sim_2401_alpha/share/f112th_sim_2401_alpha/environment/ament_prefix_path.dsv
[1.019s] -- Up-to-date symlink: /home/epsdelta/Documents/RoboticaMovil/ros2_ws_2401/install/f112th_sim_2401_alpha/share/f112th_sim_2401_alpha/environment/path.sh
[1.019s] -- Up-to-date symlink: /home/epsdelta/Documents/RoboticaMovil/ros2_ws_2401/install/f112th_sim_2401_alpha/share/f112th_sim_2401_alpha/environment/path.dsv
[1.019s] -- Up-to-date symlink: /home/epsdelta/Documents/RoboticaMovil/ros2_ws_2401/install/f112th_sim_2401_alpha/share/f112th_sim_2401_alpha/local_setup.bash
[1.019s] -- Up-to-date symlink: /home/epsdelta/Documents/RoboticaMovil/ros2_ws_2401/install/f112th_sim_2401_alpha/share/f112th_sim_2401_alpha/local_setup.sh
[1.020s] -- Up-to-date symlink: /home/epsdelta/Documents/RoboticaMovil/ros2_ws_2401/install/f112th_sim_2401_alpha/share/f112th_sim_2401_alpha/local_setup.zsh
[1.020s] -- Up-to-date symlink: /home/epsdelta/Documents/RoboticaMovil/ros2_ws_2401/install/f112th_sim_2401_alpha/share/f112th_sim_2401_alpha/local_setup.dsv
[1.020s] -- Symlinking: /home/epsdelta/Documents/RoboticaMovil/ros2_ws_2401/install/f112th_sim_2401_alpha/share/f112th_sim_2401_alpha/package.dsv
[1.033s] -- Up-to-date symlink: /home/epsdelta/Documents/RoboticaMovil/ros2_ws_2401/install/f112th_sim_2401_alpha/share/ament_index/resource_index/packages/f112th_sim_2401_alpha
[1.033s] -- Up-to-date symlink: /home/epsdelta/Documents/RoboticaMovil/ros2_ws_2401/install/f112th_sim_2401_alpha/share/f112th_sim_2401_alpha/cmake/f112th_sim_2401_alphaConfig.cmake
[1.033s] -- Up-to-date symlink: /home/epsdelta/Documents/RoboticaMovil/ros2_ws_2401/install/f112th_sim_2401_alpha/share/f112th_sim_2401_alpha/cmake/f112th_sim_2401_alphaConfig-version.cmake
[1.034s] -- Up-to-date symlink: /home/epsdelta/Documents/RoboticaMovil/ros2_ws_2401/install/f112th_sim_2401_alpha/share/f112th_sim_2401_alpha/package.xml
[1.037s] Invoked command in '/home/epsdelta/Documents/RoboticaMovil/ros2_ws_2401/build/f112th_sim_2401_alpha' returned '0': CMAKE_PREFIX_PATH=${CMAKE_PREFIX_PATH}:/home/epsdelta/Documents/RoboticaMovil/ros2_ws_2401/install/wall_following_alpha:/home/epsdelta/Documents/RoboticaMovil/ros2_ws_2401/install/joy_tester:/opt/ros/humble /usr/bin/cmake --install /home/epsdelta/Documents/RoboticaMovil/ros2_ws_2401/build/f112th_sim_2401_alpha
