[2.865s] Invoking command in '/home/epsdelta/Documents/RoboticaMovil/ros2_ws_2401/src/wall_following_alpha': PYTHONPATH=/home/epsdelta/Documents/RoboticaMovil/ros2_ws_2401/build/wall_following_alpha/prefix_override:/home/epsdelta/Documents/RoboticaMovil/ros2_ws_2401/install/wall_following_alpha/lib/python3.10/site-packages:${PYTHONPATH} /usr/bin/python3 setup.py egg_info --egg-base ../../build/wall_following_alpha build --build-base /home/epsdelta/Documents/RoboticaMovil/ros2_ws_2401/build/wall_following_alpha/build install --record /home/epsdelta/Documents/RoboticaMovil/ros2_ws_2401/build/wall_following_alpha/install.log --single-version-externally-managed
[3.641s] running egg_info
[3.641s] writing ../../build/wall_following_alpha/wall_following_alpha.egg-info/PKG-INFO
[3.642s] writing dependency_links to ../../build/wall_following_alpha/wall_following_alpha.egg-info/dependency_links.txt
[3.648s] writing entry points to ../../build/wall_following_alpha/wall_following_alpha.egg-info/entry_points.txt
[3.653s] writing requirements to ../../build/wall_following_alpha/wall_following_alpha.egg-info/requires.txt
[3.655s] writing top-level names to ../../build/wall_following_alpha/wall_following_alpha.egg-info/top_level.txt
[3.660s] reading manifest file '../../build/wall_following_alpha/wall_following_alpha.egg-info/SOURCES.txt'
[3.662s] writing manifest file '../../build/wall_following_alpha/wall_following_alpha.egg-info/SOURCES.txt'
[3.662s] running build
[3.664s] running build_py
[3.664s] copying wall_following_alpha/params_calc.py -> /home/epsdelta/Documents/RoboticaMovil/ros2_ws_2401/build/wall_following_alpha/build/lib/wall_following_alpha
[3.664s] running install
[3.664s] running install_lib
[3.665s] copying /home/epsdelta/Documents/RoboticaMovil/ros2_ws_2401/build/wall_following_alpha/build/lib/wall_following_alpha/params_calc.py -> /home/epsdelta/Documents/RoboticaMovil/ros2_ws_2401/install/wall_following_alpha/lib/python3.10/site-packages/wall_following_alpha
[3.665s] byte-compiling /home/epsdelta/Documents/RoboticaMovil/ros2_ws_2401/install/wall_following_alpha/lib/python3.10/site-packages/wall_following_alpha/params_calc.py to params_calc.cpython-310.pyc
[3.666s] running install_data
[3.668s] running install_egg_info
[3.676s] removing '/home/epsdelta/Documents/RoboticaMovil/ros2_ws_2401/install/wall_following_alpha/lib/python3.10/site-packages/wall_following_alpha-0.0.0-py3.10.egg-info' (and everything under it)
[3.678s] Copying ../../build/wall_following_alpha/wall_following_alpha.egg-info to /home/epsdelta/Documents/RoboticaMovil/ros2_ws_2401/install/wall_following_alpha/lib/python3.10/site-packages/wall_following_alpha-0.0.0-py3.10.egg-info
[3.679s] running install_scripts
[3.736s] Installing break script to /home/epsdelta/Documents/RoboticaMovil/ros2_ws_2401/install/wall_following_alpha/lib/wall_following_alpha
[3.737s] Installing param_calc script to /home/epsdelta/Documents/RoboticaMovil/ros2_ws_2401/install/wall_following_alpha/lib/wall_following_alpha
[3.739s] writing list of installed files to '/home/epsdelta/Documents/RoboticaMovil/ros2_ws_2401/build/wall_following_alpha/install.log'
[3.827s] Invoked command in '/home/epsdelta/Documents/RoboticaMovil/ros2_ws_2401/src/wall_following_alpha' returned '0': PYTHONPATH=/home/epsdelta/Documents/RoboticaMovil/ros2_ws_2401/build/wall_following_alpha/prefix_override:/home/epsdelta/Documents/RoboticaMovil/ros2_ws_2401/install/wall_following_alpha/lib/python3.10/site-packages:${PYTHONPATH} /usr/bin/python3 setup.py egg_info --egg-base ../../build/wall_following_alpha build --build-base /home/epsdelta/Documents/RoboticaMovil/ros2_ws_2401/build/wall_following_alpha/build install --record /home/epsdelta/Documents/RoboticaMovil/ros2_ws_2401/build/wall_following_alpha/install.log --single-version-externally-managed
