[0.184s] Invoking command in '/home/epsdelta/Documents/RoboticaMovil/ros2_ws_2401/build/f112th_sim_2401_alpha': CMAKE_PREFIX_PATH=/opt/ros/humble /usr/bin/cmake /home/epsdelta/Documents/RoboticaMovil/ros2_ws_2401/src/f112th_sim_2401_alpha -DAMENT_CMAKE_SYMLINK_INSTALL=1 -DCMAKE_INSTALL_PREFIX=/home/epsdelta/Documents/RoboticaMovil/ros2_ws_2401/install/f112th_sim_2401_alpha
[0.589s] -- The C compiler identification is GNU 11.4.0
[0.589s] -- The CXX compiler identification is GNU 11.4.0
[0.589s] -- Detecting C compiler ABI info
[0.589s] -- Detecting C compiler ABI info - done
[0.589s] -- Check for working C compiler: /usr/bin/cc - skipped
[0.589s] -- Detecting C compile features
[0.589s] -- Detecting C compile features - done
[0.590s] -- Detecting CXX compiler ABI info
[0.590s] -- Detecting CXX compiler ABI info - done
[0.590s] -- Check for working CXX compiler: /usr/bin/c++ - skipped
[0.590s] -- Detecting CXX compile features
[0.590s] -- Detecting CXX compile features - done
[0.590s] -- Found ament_cmake: 1.3.7 (/opt/ros/humble/share/ament_cmake/cmake)
[0.740s] -- Found Python3: /usr/bin/python3.10 (found version "3.10.12") found components: Interpreter 
[0.836s] -- Override CMake install command with custom implementation using symlinks instead of copying resources
[0.870s] -- Found ament_lint_auto: 0.12.10 (/opt/ros/humble/share/ament_lint_auto/cmake)
[0.963s] -- Added test 'copyright' to check source files copyright and LICENSE
[0.991s] -- Added test 'flake8' to check Python code syntax and style conventions
[0.994s] -- Added test 'lint_cmake' to check CMake code style
[0.997s] -- Added test 'pep257' to check Python code against some of the docstring style conventions in PEP 257
[1.008s] -- Added test 'xmllint' to check XML markup files
[1.010s] -- Configuring done
[1.013s] -- Generating done
[1.014s] -- Build files have been written to: /home/epsdelta/Documents/RoboticaMovil/ros2_ws_2401/build/f112th_sim_2401_alpha
[1.023s] Invoked command in '/home/epsdelta/Documents/RoboticaMovil/ros2_ws_2401/build/f112th_sim_2401_alpha' returned '0': CMAKE_PREFIX_PATH=/opt/ros/humble /usr/bin/cmake /home/epsdelta/Documents/RoboticaMovil/ros2_ws_2401/src/f112th_sim_2401_alpha -DAMENT_CMAKE_SYMLINK_INSTALL=1 -DCMAKE_INSTALL_PREFIX=/home/epsdelta/Documents/RoboticaMovil/ros2_ws_2401/install/f112th_sim_2401_alpha
[1.025s] Invoking command in '/home/epsdelta/Documents/RoboticaMovil/ros2_ws_2401/build/f112th_sim_2401_alpha': CMAKE_PREFIX_PATH=/opt/ros/humble /usr/bin/cmake --build /home/epsdelta/Documents/RoboticaMovil/ros2_ws_2401/build/f112th_sim_2401_alpha -- -j4 -l4
[1.082s] Invoked command in '/home/epsdelta/Documents/RoboticaMovil/ros2_ws_2401/build/f112th_sim_2401_alpha' returned '0': CMAKE_PREFIX_PATH=/opt/ros/humble /usr/bin/cmake --build /home/epsdelta/Documents/RoboticaMovil/ros2_ws_2401/build/f112th_sim_2401_alpha -- -j4 -l4
[1.122s] Invoking command in '/home/epsdelta/Documents/RoboticaMovil/ros2_ws_2401/build/f112th_sim_2401_alpha': CMAKE_PREFIX_PATH=/opt/ros/humble /usr/bin/cmake --install /home/epsdelta/Documents/RoboticaMovil/ros2_ws_2401/build/f112th_sim_2401_alpha
[1.134s] -- Install configuration: ""
[1.135s] -- Execute custom install script
[1.135s] -- Symlinking: /home/epsdelta/Documents/RoboticaMovil/ros2_ws_2401/install/f112th_sim_2401_alpha/share/f112th_sim_2401_alpha/config/empty.yaml
[1.148s] -- Symlinking: /home/epsdelta/Documents/RoboticaMovil/ros2_ws_2401/install/f112th_sim_2401_alpha/share/f112th_sim_2401_alpha/config/gazebo_params.yaml
[1.161s] -- Symlinking: /home/epsdelta/Documents/RoboticaMovil/ros2_ws_2401/install/f112th_sim_2401_alpha/share/f112th_sim_2401_alpha/config/joystick.yaml
[1.175s] -- Symlinking: /home/epsdelta/Documents/RoboticaMovil/ros2_ws_2401/install/f112th_sim_2401_alpha/share/f112th_sim_2401_alpha/config/my_controllers.yaml
[1.191s] -- Symlinking: /home/epsdelta/Documents/RoboticaMovil/ros2_ws_2401/install/f112th_sim_2401_alpha/share/f112th_sim_2401_alpha/config/twist_mux.yaml
[1.201s] -- Symlinking: /home/epsdelta/Documents/RoboticaMovil/ros2_ws_2401/install/f112th_sim_2401_alpha/share/f112th_sim_2401_alpha/description/gazebo_control.xacro
[1.214s] -- Symlinking: /home/epsdelta/Documents/RoboticaMovil/ros2_ws_2401/install/f112th_sim_2401_alpha/share/f112th_sim_2401_alpha/description/inertial_macros.xacro
[1.227s] -- Symlinking: /home/epsdelta/Documents/RoboticaMovil/ros2_ws_2401/install/f112th_sim_2401_alpha/share/f112th_sim_2401_alpha/description/lidar.xacro
[1.240s] -- Symlinking: /home/epsdelta/Documents/RoboticaMovil/ros2_ws_2401/install/f112th_sim_2401_alpha/share/f112th_sim_2401_alpha/description/properties.xacro
[1.250s] -- Symlinking: /home/epsdelta/Documents/RoboticaMovil/ros2_ws_2401/install/f112th_sim_2401_alpha/share/f112th_sim_2401_alpha/description/robot.urdf.xacro
[1.258s] -- Symlinking: /home/epsdelta/Documents/RoboticaMovil/ros2_ws_2401/install/f112th_sim_2401_alpha/share/f112th_sim_2401_alpha/description/robot_core.xacro
[1.266s] -- Symlinking: /home/epsdelta/Documents/RoboticaMovil/ros2_ws_2401/install/f112th_sim_2401_alpha/share/f112th_sim_2401_alpha/description/ros2_control.xacro
[1.275s] -- Symlinking: /home/epsdelta/Documents/RoboticaMovil/ros2_ws_2401/install/f112th_sim_2401_alpha/share/f112th_sim_2401_alpha/launch/joystick.launch.py
[1.283s] -- Symlinking: /home/epsdelta/Documents/RoboticaMovil/ros2_ws_2401/install/f112th_sim_2401_alpha/share/f112th_sim_2401_alpha/launch/launch_sim.launch.py
[1.292s] -- Symlinking: /home/epsdelta/Documents/RoboticaMovil/ros2_ws_2401/install/f112th_sim_2401_alpha/share/f112th_sim_2401_alpha/launch/rsp.launch.py
[1.301s] -- Symlinking: /home/epsdelta/Documents/RoboticaMovil/ros2_ws_2401/install/f112th_sim_2401_alpha/share/f112th_sim_2401_alpha/worlds/room3_walls.world
[1.309s] -- Symlinking: /home/epsdelta/Documents/RoboticaMovil/ros2_ws_2401/install/f112th_sim_2401_alpha/share/ament_index/resource_index/package_run_dependencies/f112th_sim_2401_alpha
[1.318s] -- Symlinking: /home/epsdelta/Documents/RoboticaMovil/ros2_ws_2401/install/f112th_sim_2401_alpha/share/ament_index/resource_index/parent_prefix_path/f112th_sim_2401_alpha
[1.326s] -- Symlinking: /home/epsdelta/Documents/RoboticaMovil/ros2_ws_2401/install/f112th_sim_2401_alpha/share/f112th_sim_2401_alpha/environment/ament_prefix_path.sh
[1.336s] -- Symlinking: /home/epsdelta/Documents/RoboticaMovil/ros2_ws_2401/install/f112th_sim_2401_alpha/share/f112th_sim_2401_alpha/environment/ament_prefix_path.dsv
[1.345s] -- Symlinking: /home/epsdelta/Documents/RoboticaMovil/ros2_ws_2401/install/f112th_sim_2401_alpha/share/f112th_sim_2401_alpha/environment/path.sh
[1.353s] -- Symlinking: /home/epsdelta/Documents/RoboticaMovil/ros2_ws_2401/install/f112th_sim_2401_alpha/share/f112th_sim_2401_alpha/environment/path.dsv
[1.362s] -- Symlinking: /home/epsdelta/Documents/RoboticaMovil/ros2_ws_2401/install/f112th_sim_2401_alpha/share/f112th_sim_2401_alpha/local_setup.bash
[1.372s] -- Symlinking: /home/epsdelta/Documents/RoboticaMovil/ros2_ws_2401/install/f112th_sim_2401_alpha/share/f112th_sim_2401_alpha/local_setup.sh
[1.381s] -- Symlinking: /home/epsdelta/Documents/RoboticaMovil/ros2_ws_2401/install/f112th_sim_2401_alpha/share/f112th_sim_2401_alpha/local_setup.zsh
[1.389s] -- Symlinking: /home/epsdelta/Documents/RoboticaMovil/ros2_ws_2401/install/f112th_sim_2401_alpha/share/f112th_sim_2401_alpha/local_setup.dsv
[1.398s] -- Symlinking: /home/epsdelta/Documents/RoboticaMovil/ros2_ws_2401/install/f112th_sim_2401_alpha/share/f112th_sim_2401_alpha/package.dsv
[1.407s] -- Symlinking: /home/epsdelta/Documents/RoboticaMovil/ros2_ws_2401/install/f112th_sim_2401_alpha/share/ament_index/resource_index/packages/f112th_sim_2401_alpha
[1.416s] -- Symlinking: /home/epsdelta/Documents/RoboticaMovil/ros2_ws_2401/install/f112th_sim_2401_alpha/share/f112th_sim_2401_alpha/cmake/f112th_sim_2401_alphaConfig.cmake
[1.425s] -- Symlinking: /home/epsdelta/Documents/RoboticaMovil/ros2_ws_2401/install/f112th_sim_2401_alpha/share/f112th_sim_2401_alpha/cmake/f112th_sim_2401_alphaConfig-version.cmake
[1.437s] -- Symlinking: /home/epsdelta/Documents/RoboticaMovil/ros2_ws_2401/install/f112th_sim_2401_alpha/share/f112th_sim_2401_alpha/package.xml
[1.456s] Invoked command in '/home/epsdelta/Documents/RoboticaMovil/ros2_ws_2401/build/f112th_sim_2401_alpha' returned '0': CMAKE_PREFIX_PATH=/opt/ros/humble /usr/bin/cmake --install /home/epsdelta/Documents/RoboticaMovil/ros2_ws_2401/build/f112th_sim_2401_alpha
