[2.606s] Invoking command in '/home/epsdelta/Documents/RoboticaMovil/ros2_ws_2401/build/wall_following_alpha': PYTHONPATH=/home/epsdelta/Documents/RoboticaMovil/ros2_ws_2401/build/wall_following_alpha/prefix_override:/home/epsdelta/Documents/RoboticaMovil/ros2_ws_2401/install/wall_following_alpha/lib/python3.10/site-packages:${PYTHONPATH} /usr/bin/python3 setup.py develop --editable --build-directory /home/epsdelta/Documents/RoboticaMovil/ros2_ws_2401/build/wall_following_alpha/build --no-deps install_data
[3.241s] running develop
[3.715s] running egg_info
[3.715s] writing wall_following_alpha.egg-info/PKG-INFO
[3.718s] writing dependency_links to wall_following_alpha.egg-info/dependency_links.txt
[3.719s] writing entry points to wall_following_alpha.egg-info/entry_points.txt
[3.720s] writing requirements to wall_following_alpha.egg-info/requires.txt
[3.720s] writing top-level names to wall_following_alpha.egg-info/top_level.txt
[3.725s] reading manifest file 'wall_following_alpha.egg-info/SOURCES.txt'
[3.727s] writing manifest file 'wall_following_alpha.egg-info/SOURCES.txt'
[3.730s] running build_ext
[3.735s] Creating /home/epsdelta/Documents/RoboticaMovil/ros2_ws_2401/install/wall_following_alpha/lib/python3.10/site-packages/wall-following-alpha.egg-link (link to .)
[3.740s] Installing break script to /home/epsdelta/Documents/RoboticaMovil/ros2_ws_2401/install/wall_following_alpha/lib/wall_following_alpha
[3.740s] Installing control_alpha script to /home/epsdelta/Documents/RoboticaMovil/ros2_ws_2401/install/wall_following_alpha/lib/wall_following_alpha
[3.740s] Installing dist_finder_alpha script to /home/epsdelta/Documents/RoboticaMovil/ros2_ws_2401/install/wall_following_alpha/lib/wall_following_alpha
[3.740s] Installing gap_control_alpha script to /home/epsdelta/Documents/RoboticaMovil/ros2_ws_2401/install/wall_following_alpha/lib/wall_following_alpha
[3.741s] 
[3.741s] Installed /home/epsdelta/Documents/RoboticaMovil/ros2_ws_2401/build/wall_following_alpha
[3.741s] running install_data
[3.888s] Invoked command in '/home/epsdelta/Documents/RoboticaMovil/ros2_ws_2401/build/wall_following_alpha' returned '0': PYTHONPATH=/home/epsdelta/Documents/RoboticaMovil/ros2_ws_2401/build/wall_following_alpha/prefix_override:/home/epsdelta/Documents/RoboticaMovil/ros2_ws_2401/install/wall_following_alpha/lib/python3.10/site-packages:${PYTHONPATH} /usr/bin/python3 setup.py develop --editable --build-directory /home/epsdelta/Documents/RoboticaMovil/ros2_ws_2401/build/wall_following_alpha/build --no-deps install_data
