[4.490s] Invoking command in '/home/epsdelta/Documents/RoboticaMovil/ros2_ws_2401/src/wall_following_alpha': PYTHONPATH=/home/epsdelta/Documents/RoboticaMovil/ros2_ws_2401/build/wall_following_alpha/prefix_override:/home/epsdelta/Documents/RoboticaMovil/ros2_ws_2401/install/wall_following_alpha/lib/python3.10/site-packages:${PYTHONPATH} /usr/bin/python3 setup.py egg_info --egg-base ../../build/wall_following_alpha build --build-base /home/epsdelta/Documents/RoboticaMovil/ros2_ws_2401/build/wall_following_alpha/build install --record /home/epsdelta/Documents/RoboticaMovil/ros2_ws_2401/build/wall_following_alpha/install.log --single-version-externally-managed
[6.025s] running egg_info
[6.027s] writing ../../build/wall_following_alpha/wall_following_alpha.egg-info/PKG-INFO
[6.027s] writing dependency_links to ../../build/wall_following_alpha/wall_following_alpha.egg-info/dependency_links.txt
[6.027s] writing entry points to ../../build/wall_following_alpha/wall_following_alpha.egg-info/entry_points.txt
[6.032s] writing requirements to ../../build/wall_following_alpha/wall_following_alpha.egg-info/requires.txt
[6.034s] writing top-level names to ../../build/wall_following_alpha/wall_following_alpha.egg-info/top_level.txt
[6.042s] reading manifest file '../../build/wall_following_alpha/wall_following_alpha.egg-info/SOURCES.txt'
[6.042s] writing manifest file '../../build/wall_following_alpha/wall_following_alpha.egg-info/SOURCES.txt'
[6.042s] running build
[6.043s] running build_py
[6.062s] copying wall_following_alpha/break.py -> /home/epsdelta/Documents/RoboticaMovil/ros2_ws_2401/build/wall_following_alpha/build/lib/wall_following_alpha
[6.062s] running install
[6.062s] running install_lib
[6.064s] copying /home/epsdelta/Documents/RoboticaMovil/ros2_ws_2401/build/wall_following_alpha/build/lib/wall_following_alpha/break.py -> /home/epsdelta/Documents/RoboticaMovil/ros2_ws_2401/install/wall_following_alpha/lib/python3.10/site-packages/wall_following_alpha
[6.066s] byte-compiling /home/epsdelta/Documents/RoboticaMovil/ros2_ws_2401/install/wall_following_alpha/lib/python3.10/site-packages/wall_following_alpha/break.py to break.cpython-310.pyc
[6.084s] running install_data
[6.087s] copying config/config.yaml -> /home/epsdelta/Documents/RoboticaMovil/ros2_ws_2401/install/wall_following_alpha/share/wall_following_alpha
[6.089s] running install_egg_info
[6.089s] removing '/home/epsdelta/Documents/RoboticaMovil/ros2_ws_2401/install/wall_following_alpha/lib/python3.10/site-packages/wall_following_alpha-0.0.0-py3.10.egg-info' (and everything under it)
[6.089s] Copying ../../build/wall_following_alpha/wall_following_alpha.egg-info to /home/epsdelta/Documents/RoboticaMovil/ros2_ws_2401/install/wall_following_alpha/lib/python3.10/site-packages/wall_following_alpha-0.0.0-py3.10.egg-info
[6.089s] running install_scripts
[6.173s] Installing break script to /home/epsdelta/Documents/RoboticaMovil/ros2_ws_2401/install/wall_following_alpha/lib/wall_following_alpha
[6.173s] Installing param_calc script to /home/epsdelta/Documents/RoboticaMovil/ros2_ws_2401/install/wall_following_alpha/lib/wall_following_alpha
[6.181s] writing list of installed files to '/home/epsdelta/Documents/RoboticaMovil/ros2_ws_2401/build/wall_following_alpha/install.log'
[6.411s] Invoked command in '/home/epsdelta/Documents/RoboticaMovil/ros2_ws_2401/src/wall_following_alpha' returned '0': PYTHONPATH=/home/epsdelta/Documents/RoboticaMovil/ros2_ws_2401/build/wall_following_alpha/prefix_override:/home/epsdelta/Documents/RoboticaMovil/ros2_ws_2401/install/wall_following_alpha/lib/python3.10/site-packages:${PYTHONPATH} /usr/bin/python3 setup.py egg_info --egg-base ../../build/wall_following_alpha build --build-base /home/epsdelta/Documents/RoboticaMovil/ros2_ws_2401/build/wall_following_alpha/build install --record /home/epsdelta/Documents/RoboticaMovil/ros2_ws_2401/build/wall_following_alpha/install.log --single-version-externally-managed
