[0.585s] Invoking command in '/home/epsdelta/Documents/RoboticaMovil/ros2_ws_2401/build/f112th_sim_2401_alpha': CMAKE_PREFIX_PATH=${CMAKE_PREFIX_PATH}:/home/epsdelta/Documents/RoboticaMovil/ros2_ws_2401/install/wall_following_alpha:/home/epsdelta/Documents/RoboticaMovil/ros2_ws_2401/install/joy_tester:/opt/ros/humble /usr/bin/cmake --build /home/epsdelta/Documents/RoboticaMovil/ros2_ws_2401/build/f112th_sim_2401_alpha -- -j4 -l4
[2.134s] Invoked command in '/home/epsdelta/Documents/RoboticaMovil/ros2_ws_2401/build/f112th_sim_2401_alpha' returned '0': CMAKE_PREFIX_PATH=${CMAKE_PREFIX_PATH}:/home/epsdelta/Documents/RoboticaMovil/ros2_ws_2401/install/wall_following_alpha:/home/epsdelta/Documents/RoboticaMovil/ros2_ws_2401/install/joy_tester:/opt/ros/humble /usr/bin/cmake --build /home/epsdelta/Documents/RoboticaMovil/ros2_ws_2401/build/f112th_sim_2401_alpha -- -j4 -l4
[2.239s] Invoking command in '/home/epsdelta/Documents/RoboticaMovil/ros2_ws_2401/build/f112th_sim_2401_alpha': CMAKE_PREFIX_PATH=${CMAKE_PREFIX_PATH}:/home/epsdelta/Documents/RoboticaMovil/ros2_ws_2401/install/wall_following_alpha:/home/epsdelta/Documents/RoboticaMovil/ros2_ws_2401/install/joy_tester:/opt/ros/humble /usr/bin/cmake --install /home/epsdelta/Documents/RoboticaMovil/ros2_ws_2401/build/f112th_sim_2401_alpha
[2.272s] -- Install configuration: ""
[2.273s] -- Execute custom install script
[2.275s] -- Up-to-date symlink: /home/epsdelta/Documents/RoboticaMovil/ros2_ws_2401/install/f112th_sim_2401_alpha/share/f112th_sim_2401_alpha/config/empty.yaml
[2.277s] -- Up-to-date symlink: /home/epsdelta/Documents/RoboticaMovil/ros2_ws_2401/install/f112th_sim_2401_alpha/share/f112th_sim_2401_alpha/config/gazebo_params.yaml
[2.281s] -- Up-to-date symlink: /home/epsdelta/Documents/RoboticaMovil/ros2_ws_2401/install/f112th_sim_2401_alpha/share/f112th_sim_2401_alpha/config/joystick.yaml
[2.283s] -- Up-to-date symlink: /home/epsdelta/Documents/RoboticaMovil/ros2_ws_2401/install/f112th_sim_2401_alpha/share/f112th_sim_2401_alpha/config/my_controllers.yaml
[2.290s] -- Up-to-date symlink: /home/epsdelta/Documents/RoboticaMovil/ros2_ws_2401/install/f112th_sim_2401_alpha/share/f112th_sim_2401_alpha/config/twist_mux.yaml
[2.302s] -- Up-to-date symlink: /home/epsdelta/Documents/RoboticaMovil/ros2_ws_2401/install/f112th_sim_2401_alpha/share/f112th_sim_2401_alpha/description/gazebo_control.xacro
[2.304s] -- Up-to-date symlink: /home/epsdelta/Documents/RoboticaMovil/ros2_ws_2401/install/f112th_sim_2401_alpha/share/f112th_sim_2401_alpha/description/inertial_macros.xacro
[2.306s] -- Up-to-date symlink: /home/epsdelta/Documents/RoboticaMovil/ros2_ws_2401/install/f112th_sim_2401_alpha/share/f112th_sim_2401_alpha/description/lidar.xacro
[2.309s] -- Up-to-date symlink: /home/epsdelta/Documents/RoboticaMovil/ros2_ws_2401/install/f112th_sim_2401_alpha/share/f112th_sim_2401_alpha/description/properties.xacro
[2.315s] -- Up-to-date symlink: /home/epsdelta/Documents/RoboticaMovil/ros2_ws_2401/install/f112th_sim_2401_alpha/share/f112th_sim_2401_alpha/description/robot.urdf.xacro
[2.319s] -- Up-to-date symlink: /home/epsdelta/Documents/RoboticaMovil/ros2_ws_2401/install/f112th_sim_2401_alpha/share/f112th_sim_2401_alpha/description/robot_core.xacro
[2.321s] -- Up-to-date symlink: /home/epsdelta/Documents/RoboticaMovil/ros2_ws_2401/install/f112th_sim_2401_alpha/share/f112th_sim_2401_alpha/description/ros2_control.xacro
[2.324s] -- Up-to-date symlink: /home/epsdelta/Documents/RoboticaMovil/ros2_ws_2401/install/f112th_sim_2401_alpha/share/f112th_sim_2401_alpha/launch/joystick.launch.py
[2.336s] -- Up-to-date symlink: /home/epsdelta/Documents/RoboticaMovil/ros2_ws_2401/install/f112th_sim_2401_alpha/share/f112th_sim_2401_alpha/launch/launch_sim.launch.py
[2.338s] -- Up-to-date symlink: /home/epsdelta/Documents/RoboticaMovil/ros2_ws_2401/install/f112th_sim_2401_alpha/share/f112th_sim_2401_alpha/launch/rsp.launch.py
[2.339s] -- Up-to-date symlink: /home/epsdelta/Documents/RoboticaMovil/ros2_ws_2401/install/f112th_sim_2401_alpha/share/f112th_sim_2401_alpha/worlds/room3_walls.world
[2.343s] -- Up-to-date symlink: /home/epsdelta/Documents/RoboticaMovil/ros2_ws_2401/install/f112th_sim_2401_alpha/share/ament_index/resource_index/package_run_dependencies/f112th_sim_2401_alpha
[2.347s] -- Up-to-date symlink: /home/epsdelta/Documents/RoboticaMovil/ros2_ws_2401/install/f112th_sim_2401_alpha/share/ament_index/resource_index/parent_prefix_path/f112th_sim_2401_alpha
[2.351s] -- Up-to-date symlink: /home/epsdelta/Documents/RoboticaMovil/ros2_ws_2401/install/f112th_sim_2401_alpha/share/f112th_sim_2401_alpha/environment/ament_prefix_path.sh
[2.354s] -- Up-to-date symlink: /home/epsdelta/Documents/RoboticaMovil/ros2_ws_2401/install/f112th_sim_2401_alpha/share/f112th_sim_2401_alpha/environment/ament_prefix_path.dsv
[2.355s] -- Up-to-date symlink: /home/epsdelta/Documents/RoboticaMovil/ros2_ws_2401/install/f112th_sim_2401_alpha/share/f112th_sim_2401_alpha/environment/path.sh
[2.360s] -- Up-to-date symlink: /home/epsdelta/Documents/RoboticaMovil/ros2_ws_2401/install/f112th_sim_2401_alpha/share/f112th_sim_2401_alpha/environment/path.dsv
[2.362s] -- Up-to-date symlink: /home/epsdelta/Documents/RoboticaMovil/ros2_ws_2401/install/f112th_sim_2401_alpha/share/f112th_sim_2401_alpha/local_setup.bash
[2.364s] -- Up-to-date symlink: /home/epsdelta/Documents/RoboticaMovil/ros2_ws_2401/install/f112th_sim_2401_alpha/share/f112th_sim_2401_alpha/local_setup.sh
[2.366s] -- Up-to-date symlink: /home/epsdelta/Documents/RoboticaMovil/ros2_ws_2401/install/f112th_sim_2401_alpha/share/f112th_sim_2401_alpha/local_setup.zsh
[2.368s] -- Up-to-date symlink: /home/epsdelta/Documents/RoboticaMovil/ros2_ws_2401/install/f112th_sim_2401_alpha/share/f112th_sim_2401_alpha/local_setup.dsv
[2.369s] -- Symlinking: /home/epsdelta/Documents/RoboticaMovil/ros2_ws_2401/install/f112th_sim_2401_alpha/share/f112th_sim_2401_alpha/package.dsv
[2.384s] -- Up-to-date symlink: /home/epsdelta/Documents/RoboticaMovil/ros2_ws_2401/install/f112th_sim_2401_alpha/share/ament_index/resource_index/packages/f112th_sim_2401_alpha
[2.385s] -- Up-to-date symlink: /home/epsdelta/Documents/RoboticaMovil/ros2_ws_2401/install/f112th_sim_2401_alpha/share/f112th_sim_2401_alpha/cmake/f112th_sim_2401_alphaConfig.cmake
[2.386s] -- Up-to-date symlink: /home/epsdelta/Documents/RoboticaMovil/ros2_ws_2401/install/f112th_sim_2401_alpha/share/f112th_sim_2401_alpha/cmake/f112th_sim_2401_alphaConfig-version.cmake
[2.390s] -- Up-to-date symlink: /home/epsdelta/Documents/RoboticaMovil/ros2_ws_2401/install/f112th_sim_2401_alpha/share/f112th_sim_2401_alpha/package.xml
[2.399s] Invoked command in '/home/epsdelta/Documents/RoboticaMovil/ros2_ws_2401/build/f112th_sim_2401_alpha' returned '0': CMAKE_PREFIX_PATH=${CMAKE_PREFIX_PATH}:/home/epsdelta/Documents/RoboticaMovil/ros2_ws_2401/install/wall_following_alpha:/home/epsdelta/Documents/RoboticaMovil/ros2_ws_2401/install/joy_tester:/opt/ros/humble /usr/bin/cmake --install /home/epsdelta/Documents/RoboticaMovil/ros2_ws_2401/build/f112th_sim_2401_alpha
