[0.599s] Invoking command in '/home/epsdelta/Documents/RoboticaMovil/ros2_ws_2401/build/f112th_sim_2401_alpha': CMAKE_PREFIX_PATH=${CMAKE_PREFIX_PATH}:/home/epsdelta/Documents/RoboticaMovil/ros2_ws_2401/install/wall_following_alpha:/home/epsdelta/Documents/RoboticaMovil/ros2_ws_2401/install/joy_tester:/opt/ros/humble /usr/bin/cmake --build /home/epsdelta/Documents/RoboticaMovil/ros2_ws_2401/build/f112th_sim_2401_alpha -- -j4 -l4
[2.071s] Invoked command in '/home/epsdelta/Documents/RoboticaMovil/ros2_ws_2401/build/f112th_sim_2401_alpha' returned '0': CMAKE_PREFIX_PATH=${CMAKE_PREFIX_PATH}:/home/epsdelta/Documents/RoboticaMovil/ros2_ws_2401/install/wall_following_alpha:/home/epsdelta/Documents/RoboticaMovil/ros2_ws_2401/install/joy_tester:/opt/ros/humble /usr/bin/cmake --build /home/epsdelta/Documents/RoboticaMovil/ros2_ws_2401/build/f112th_sim_2401_alpha -- -j4 -l4
[2.177s] Invoking command in '/home/epsdelta/Documents/RoboticaMovil/ros2_ws_2401/build/f112th_sim_2401_alpha': CMAKE_PREFIX_PATH=${CMAKE_PREFIX_PATH}:/home/epsdelta/Documents/RoboticaMovil/ros2_ws_2401/install/wall_following_alpha:/home/epsdelta/Documents/RoboticaMovil/ros2_ws_2401/install/joy_tester:/opt/ros/humble /usr/bin/cmake --install /home/epsdelta/Documents/RoboticaMovil/ros2_ws_2401/build/f112th_sim_2401_alpha
[2.216s] -- Install configuration: ""
[2.217s] -- Execute custom install script
[2.218s] -- Up-to-date symlink: /home/epsdelta/Documents/RoboticaMovil/ros2_ws_2401/install/f112th_sim_2401_alpha/share/f112th_sim_2401_alpha/config/empty.yaml
[2.219s] -- Up-to-date symlink: /home/epsdelta/Documents/RoboticaMovil/ros2_ws_2401/install/f112th_sim_2401_alpha/share/f112th_sim_2401_alpha/config/gazebo_params.yaml
[2.221s] -- Up-to-date symlink: /home/epsdelta/Documents/RoboticaMovil/ros2_ws_2401/install/f112th_sim_2401_alpha/share/f112th_sim_2401_alpha/config/joystick.yaml
[2.223s] -- Up-to-date symlink: /home/epsdelta/Documents/RoboticaMovil/ros2_ws_2401/install/f112th_sim_2401_alpha/share/f112th_sim_2401_alpha/config/my_controllers.yaml
[2.224s] -- Up-to-date symlink: /home/epsdelta/Documents/RoboticaMovil/ros2_ws_2401/install/f112th_sim_2401_alpha/share/f112th_sim_2401_alpha/config/twist_mux.yaml
[2.226s] -- Up-to-date symlink: /home/epsdelta/Documents/RoboticaMovil/ros2_ws_2401/install/f112th_sim_2401_alpha/share/f112th_sim_2401_alpha/description/gazebo_control.xacro
[2.233s] -- Up-to-date symlink: /home/epsdelta/Documents/RoboticaMovil/ros2_ws_2401/install/f112th_sim_2401_alpha/share/f112th_sim_2401_alpha/description/inertial_macros.xacro
[2.233s] -- Up-to-date symlink: /home/epsdelta/Documents/RoboticaMovil/ros2_ws_2401/install/f112th_sim_2401_alpha/share/f112th_sim_2401_alpha/description/lidar.xacro
[2.235s] -- Up-to-date symlink: /home/epsdelta/Documents/RoboticaMovil/ros2_ws_2401/install/f112th_sim_2401_alpha/share/f112th_sim_2401_alpha/description/properties.xacro
[2.238s] -- Up-to-date symlink: /home/epsdelta/Documents/RoboticaMovil/ros2_ws_2401/install/f112th_sim_2401_alpha/share/f112th_sim_2401_alpha/description/robot.urdf.xacro
[2.239s] -- Up-to-date symlink: /home/epsdelta/Documents/RoboticaMovil/ros2_ws_2401/install/f112th_sim_2401_alpha/share/f112th_sim_2401_alpha/description/robot_core.xacro
[2.239s] -- Up-to-date symlink: /home/epsdelta/Documents/RoboticaMovil/ros2_ws_2401/install/f112th_sim_2401_alpha/share/f112th_sim_2401_alpha/description/ros2_control.xacro
[2.241s] -- Up-to-date symlink: /home/epsdelta/Documents/RoboticaMovil/ros2_ws_2401/install/f112th_sim_2401_alpha/share/f112th_sim_2401_alpha/launch/joystick.launch.py
[2.242s] -- Up-to-date symlink: /home/epsdelta/Documents/RoboticaMovil/ros2_ws_2401/install/f112th_sim_2401_alpha/share/f112th_sim_2401_alpha/launch/launch_sim.launch.py
[2.257s] -- Up-to-date symlink: /home/epsdelta/Documents/RoboticaMovil/ros2_ws_2401/install/f112th_sim_2401_alpha/share/f112th_sim_2401_alpha/launch/rsp.launch.py
[2.257s] -- Up-to-date symlink: /home/epsdelta/Documents/RoboticaMovil/ros2_ws_2401/install/f112th_sim_2401_alpha/share/f112th_sim_2401_alpha/worlds/room3_walls.world
[2.257s] -- Up-to-date symlink: /home/epsdelta/Documents/RoboticaMovil/ros2_ws_2401/install/f112th_sim_2401_alpha/share/ament_index/resource_index/package_run_dependencies/f112th_sim_2401_alpha
[2.257s] -- Up-to-date symlink: /home/epsdelta/Documents/RoboticaMovil/ros2_ws_2401/install/f112th_sim_2401_alpha/share/ament_index/resource_index/parent_prefix_path/f112th_sim_2401_alpha
[2.258s] -- Up-to-date symlink: /home/epsdelta/Documents/RoboticaMovil/ros2_ws_2401/install/f112th_sim_2401_alpha/share/f112th_sim_2401_alpha/environment/ament_prefix_path.sh
[2.258s] -- Up-to-date symlink: /home/epsdelta/Documents/RoboticaMovil/ros2_ws_2401/install/f112th_sim_2401_alpha/share/f112th_sim_2401_alpha/environment/ament_prefix_path.dsv
[2.258s] -- Up-to-date symlink: /home/epsdelta/Documents/RoboticaMovil/ros2_ws_2401/install/f112th_sim_2401_alpha/share/f112th_sim_2401_alpha/environment/path.sh
[2.258s] -- Up-to-date symlink: /home/epsdelta/Documents/RoboticaMovil/ros2_ws_2401/install/f112th_sim_2401_alpha/share/f112th_sim_2401_alpha/environment/path.dsv
[2.258s] -- Up-to-date symlink: /home/epsdelta/Documents/RoboticaMovil/ros2_ws_2401/install/f112th_sim_2401_alpha/share/f112th_sim_2401_alpha/local_setup.bash
[2.258s] -- Up-to-date symlink: /home/epsdelta/Documents/RoboticaMovil/ros2_ws_2401/install/f112th_sim_2401_alpha/share/f112th_sim_2401_alpha/local_setup.sh
[2.258s] -- Up-to-date symlink: /home/epsdelta/Documents/RoboticaMovil/ros2_ws_2401/install/f112th_sim_2401_alpha/share/f112th_sim_2401_alpha/local_setup.zsh
[2.259s] -- Up-to-date symlink: /home/epsdelta/Documents/RoboticaMovil/ros2_ws_2401/install/f112th_sim_2401_alpha/share/f112th_sim_2401_alpha/local_setup.dsv
[2.259s] -- Symlinking: /home/epsdelta/Documents/RoboticaMovil/ros2_ws_2401/install/f112th_sim_2401_alpha/share/f112th_sim_2401_alpha/package.dsv
[2.278s] -- Up-to-date symlink: /home/epsdelta/Documents/RoboticaMovil/ros2_ws_2401/install/f112th_sim_2401_alpha/share/ament_index/resource_index/packages/f112th_sim_2401_alpha
[2.280s] -- Up-to-date symlink: /home/epsdelta/Documents/RoboticaMovil/ros2_ws_2401/install/f112th_sim_2401_alpha/share/f112th_sim_2401_alpha/cmake/f112th_sim_2401_alphaConfig.cmake
[2.283s] -- Up-to-date symlink: /home/epsdelta/Documents/RoboticaMovil/ros2_ws_2401/install/f112th_sim_2401_alpha/share/f112th_sim_2401_alpha/cmake/f112th_sim_2401_alphaConfig-version.cmake
[2.283s] -- Up-to-date symlink: /home/epsdelta/Documents/RoboticaMovil/ros2_ws_2401/install/f112th_sim_2401_alpha/share/f112th_sim_2401_alpha/package.xml
[2.299s] Invoked command in '/home/epsdelta/Documents/RoboticaMovil/ros2_ws_2401/build/f112th_sim_2401_alpha' returned '0': CMAKE_PREFIX_PATH=${CMAKE_PREFIX_PATH}:/home/epsdelta/Documents/RoboticaMovil/ros2_ws_2401/install/wall_following_alpha:/home/epsdelta/Documents/RoboticaMovil/ros2_ws_2401/install/joy_tester:/opt/ros/humble /usr/bin/cmake --install /home/epsdelta/Documents/RoboticaMovil/ros2_ws_2401/build/f112th_sim_2401_alpha
