[0.121s] Invoking command in '/home/epsdelta/Documents/RoboticaMovil/ros2_ws_2401/build/f112th_sim_2401_alpha': CMAKE_PREFIX_PATH=/home/epsdelta/tresdemodelo/install/modelrobot_pkg_gYY:/home/epsdelta/nododos/install/turtle_move_pkg_gYY:/home/epsdelta/nododos/install/launch_pkg_gYY:/home/epsdelta/ros2_ws_tut/install/py_pubsub:/home/epsdelta/ros2_ws_tut/install/my_robot_controller:/opt/ros/iron /usr/bin/cmake /home/epsdelta/Documents/RoboticaMovil/ros2_ws_2401/src/f112th_sim_2401_alpha -DAMENT_CMAKE_SYMLINK_INSTALL=1 -DCMAKE_INSTALL_PREFIX=/home/epsdelta/Documents/RoboticaMovil/ros2_ws_2401/install/f112th_sim_2401_alpha
[0.351s] -- The C compiler identification is GNU 11.4.0
[0.785s] -- The CXX compiler identification is GNU 11.4.0
[0.801s] -- Detecting C compiler ABI info
[0.898s] -- Detecting C compiler ABI info - done
[0.907s] -- Check for working C compiler: /usr/bin/cc - skipped
[0.907s] -- Detecting C compile features
[0.908s] -- Detecting C compile features - done
[0.913s] -- Detecting CXX compiler ABI info
[1.046s] -- Detecting CXX compiler ABI info - done
[1.054s] -- Check for working CXX compiler: /usr/bin/c++ - skipped
[1.055s] -- Detecting CXX compile features
[1.055s] -- Detecting CXX compile features - done
[1.064s] -- Found ament_cmake: 2.0.3 (/opt/ros/iron/share/ament_cmake/cmake)
[1.255s] -- Found Python3: /usr/bin/python3.10 (found version "3.10.12") found components: Interpreter 
[1.403s] -- Override CMake install command with custom implementation using symlinks instead of copying resources
[1.467s] -- Found ament_lint_auto: 0.14.2 (/opt/ros/iron/share/ament_lint_auto/cmake)
[1.543s] [31mCMake Error at /opt/ros/iron/share/ament_cmake_core/cmake/core/ament_package_xml.cmake:53 (message):
[1.543s]   ament_package_xml() package name 'f112th_sim_2401_alpha' in '/package.xml'
[1.543s]   does not match current PROJECT_NAME 'f112th_sim_2401_NNAA'.  You must call
[1.543s]   project() with the same package name before.
[1.543s] Call Stack (most recent call first):
[1.543s]   /opt/ros/iron/share/ament_lint_auto/cmake/ament_lint_auto_find_test_dependencies.cmake:31 (ament_package_xml)
[1.543s]   CMakeLists.txt:32 (ament_lint_auto_find_test_dependencies)
[1.543s] 
[1.543s] [0m
[1.543s] -- Configuring incomplete, errors occurred!
[1.543s] See also "/home/epsdelta/Documents/RoboticaMovil/ros2_ws_2401/build/f112th_sim_2401_alpha/CMakeFiles/CMakeOutput.log".
[1.547s] Invoked command in '/home/epsdelta/Documents/RoboticaMovil/ros2_ws_2401/build/f112th_sim_2401_alpha' returned '1': CMAKE_PREFIX_PATH=/home/epsdelta/tresdemodelo/install/modelrobot_pkg_gYY:/home/epsdelta/nododos/install/turtle_move_pkg_gYY:/home/epsdelta/nododos/install/launch_pkg_gYY:/home/epsdelta/ros2_ws_tut/install/py_pubsub:/home/epsdelta/ros2_ws_tut/install/my_robot_controller:/opt/ros/iron /usr/bin/cmake /home/epsdelta/Documents/RoboticaMovil/ros2_ws_2401/src/f112th_sim_2401_alpha -DAMENT_CMAKE_SYMLINK_INSTALL=1 -DCMAKE_INSTALL_PREFIX=/home/epsdelta/Documents/RoboticaMovil/ros2_ws_2401/install/f112th_sim_2401_alpha
