[1.259s] DEBUG:colcon:Command line arguments: ['/usr/bin/colcon', 'build', '--symlink-install']
[1.259s] DEBUG:colcon:Parsed command line arguments: Namespace(log_base=None, log_level=None, verb_name='build', build_base='build', install_base='install', merge_install=False, symlink_install=True, test_result_base=None, continue_on_error=False, executor='parallel', parallel_workers=4, event_handlers=None, ignore_user_meta=False, metas=['./colcon.meta'], base_paths=['.'], packages_ignore=None, packages_ignore_regex=None, paths=None, packages_up_to=None, packages_up_to_regex=None, packages_above=None, packages_above_and_dependencies=None, packages_above_depth=None, packages_select_by_dep=None, packages_skip_by_dep=None, packages_skip_up_to=None, packages_select_build_failed=False, packages_skip_build_finished=False, packages_select_test_failures=False, packages_skip_test_passed=False, packages_select=None, packages_skip=None, packages_select_regex=None, packages_skip_regex=None, packages_start=None, packages_end=None, allow_overriding=[], cmake_args=None, cmake_target=None, cmake_target_skip_unavailable=False, cmake_clean_cache=False, cmake_clean_first=False, cmake_force_configure=False, ament_cmake_args=None, catkin_cmake_args=None, catkin_skip_building_tests=False, verb_parser=<colcon_defaults.argument_parser.defaults.DefaultArgumentsDecorator object at 0x7f8e7d5d5150>, verb_extension=<colcon_core.verb.build.BuildVerb object at 0x7f8e7d5d6080>, main=<bound method BuildVerb.main of <colcon_core.verb.build.BuildVerb object at 0x7f8e7d5d6080>>)
[1.312s] Level 1:colcon.colcon_core.package_discovery:discover_packages(colcon_meta) check parameters
[1.312s] Level 1:colcon.colcon_core.package_discovery:discover_packages(recursive) check parameters
[1.312s] Level 1:colcon.colcon_core.package_discovery:discover_packages(ignore) check parameters
[1.312s] Level 1:colcon.colcon_core.package_discovery:discover_packages(path) check parameters
[1.312s] Level 1:colcon.colcon_core.package_discovery:discover_packages(colcon_meta) discover
[1.312s] Level 1:colcon.colcon_core.package_discovery:discover_packages(recursive) discover
[1.312s] INFO:colcon.colcon_core.package_discovery:Crawling recursively for packages in '/home/epsdelta/Documents/RoboticaMovil/ros2_ws_2401'
[1.312s] Level 1:colcon.colcon_core.package_identification:_identify(.) by extensions ['ignore', 'ignore_ament_install']
[1.313s] Level 1:colcon.colcon_core.package_identification:_identify(.) by extension 'ignore'
[1.313s] Level 1:colcon.colcon_core.package_identification:_identify(.) by extension 'ignore_ament_install'
[1.313s] Level 1:colcon.colcon_core.package_identification:_identify(.) by extensions ['colcon_pkg']
[1.313s] Level 1:colcon.colcon_core.package_identification:_identify(.) by extension 'colcon_pkg'
[1.313s] Level 1:colcon.colcon_core.package_identification:_identify(.) by extensions ['colcon_meta']
[1.313s] Level 1:colcon.colcon_core.package_identification:_identify(.) by extension 'colcon_meta'
[1.313s] Level 1:colcon.colcon_core.package_identification:_identify(.) by extensions ['ros']
[1.313s] Level 1:colcon.colcon_core.package_identification:_identify(.) by extension 'ros'
[1.325s] Level 1:colcon.colcon_core.package_identification:_identify(.) by extensions ['cmake', 'python']
[1.325s] Level 1:colcon.colcon_core.package_identification:_identify(.) by extension 'cmake'
[1.325s] Level 1:colcon.colcon_core.package_identification:_identify(.) by extension 'python'
[1.325s] Level 1:colcon.colcon_core.package_identification:_identify(.) by extensions ['python_setup_py']
[1.325s] Level 1:colcon.colcon_core.package_identification:_identify(.) by extension 'python_setup_py'
[1.325s] Level 1:colcon.colcon_core.package_identification:_identify(build) by extensions ['ignore', 'ignore_ament_install']
[1.325s] Level 1:colcon.colcon_core.package_identification:_identify(build) by extension 'ignore'
[1.325s] Level 1:colcon.colcon_core.package_identification:_identify(build) ignored
[1.326s] Level 1:colcon.colcon_core.package_identification:_identify(install) by extensions ['ignore', 'ignore_ament_install']
[1.326s] Level 1:colcon.colcon_core.package_identification:_identify(install) by extension 'ignore'
[1.326s] Level 1:colcon.colcon_core.package_identification:_identify(install) ignored
[1.326s] Level 1:colcon.colcon_core.package_identification:_identify(log) by extensions ['ignore', 'ignore_ament_install']
[1.326s] Level 1:colcon.colcon_core.package_identification:_identify(log) by extension 'ignore'
[1.326s] Level 1:colcon.colcon_core.package_identification:_identify(log) ignored
[1.326s] Level 1:colcon.colcon_core.package_identification:_identify(src) by extensions ['ignore', 'ignore_ament_install']
[1.326s] Level 1:colcon.colcon_core.package_identification:_identify(src) by extension 'ignore'
[1.327s] Level 1:colcon.colcon_core.package_identification:_identify(src) by extension 'ignore_ament_install'
[1.327s] Level 1:colcon.colcon_core.package_identification:_identify(src) by extensions ['colcon_pkg']
[1.327s] Level 1:colcon.colcon_core.package_identification:_identify(src) by extension 'colcon_pkg'
[1.327s] Level 1:colcon.colcon_core.package_identification:_identify(src) by extensions ['colcon_meta']
[1.327s] Level 1:colcon.colcon_core.package_identification:_identify(src) by extension 'colcon_meta'
[1.327s] Level 1:colcon.colcon_core.package_identification:_identify(src) by extensions ['ros']
[1.327s] Level 1:colcon.colcon_core.package_identification:_identify(src) by extension 'ros'
[1.327s] Level 1:colcon.colcon_core.package_identification:_identify(src) by extensions ['cmake', 'python']
[1.327s] Level 1:colcon.colcon_core.package_identification:_identify(src) by extension 'cmake'
[1.327s] Level 1:colcon.colcon_core.package_identification:_identify(src) by extension 'python'
[1.327s] Level 1:colcon.colcon_core.package_identification:_identify(src) by extensions ['python_setup_py']
[1.327s] Level 1:colcon.colcon_core.package_identification:_identify(src) by extension 'python_setup_py'
[1.327s] Level 1:colcon.colcon_core.package_identification:_identify(src/f112th_sim_2401_alpha) by extensions ['ignore', 'ignore_ament_install']
[1.328s] Level 1:colcon.colcon_core.package_identification:_identify(src/f112th_sim_2401_alpha) by extension 'ignore'
[1.328s] Level 1:colcon.colcon_core.package_identification:_identify(src/f112th_sim_2401_alpha) by extension 'ignore_ament_install'
[1.328s] Level 1:colcon.colcon_core.package_identification:_identify(src/f112th_sim_2401_alpha) by extensions ['colcon_pkg']
[1.328s] Level 1:colcon.colcon_core.package_identification:_identify(src/f112th_sim_2401_alpha) by extension 'colcon_pkg'
[1.328s] Level 1:colcon.colcon_core.package_identification:_identify(src/f112th_sim_2401_alpha) by extensions ['colcon_meta']
[1.328s] Level 1:colcon.colcon_core.package_identification:_identify(src/f112th_sim_2401_alpha) by extension 'colcon_meta'
[1.328s] Level 1:colcon.colcon_core.package_identification:_identify(src/f112th_sim_2401_alpha) by extensions ['ros']
[1.328s] Level 1:colcon.colcon_core.package_identification:_identify(src/f112th_sim_2401_alpha) by extension 'ros'
[1.331s] DEBUG:colcon.colcon_core.package_identification:Package 'src/f112th_sim_2401_alpha' with type 'ros.ament_cmake' and name 'f112th_sim_2401_alpha'
[1.331s] Level 1:colcon.colcon_core.package_identification:_identify(src/joy_tester) by extensions ['ignore', 'ignore_ament_install']
[1.331s] Level 1:colcon.colcon_core.package_identification:_identify(src/joy_tester) by extension 'ignore'
[1.331s] Level 1:colcon.colcon_core.package_identification:_identify(src/joy_tester) by extension 'ignore_ament_install'
[1.331s] Level 1:colcon.colcon_core.package_identification:_identify(src/joy_tester) by extensions ['colcon_pkg']
[1.331s] Level 1:colcon.colcon_core.package_identification:_identify(src/joy_tester) by extension 'colcon_pkg'
[1.331s] Level 1:colcon.colcon_core.package_identification:_identify(src/joy_tester) by extensions ['colcon_meta']
[1.331s] Level 1:colcon.colcon_core.package_identification:_identify(src/joy_tester) by extension 'colcon_meta'
[1.331s] Level 1:colcon.colcon_core.package_identification:_identify(src/joy_tester) by extensions ['ros']
[1.331s] Level 1:colcon.colcon_core.package_identification:_identify(src/joy_tester) by extension 'ros'
[1.332s] DEBUG:colcon.colcon_core.package_identification:Package 'src/joy_tester' with type 'ros.ament_python' and name 'joy_tester'
[1.332s] Level 1:colcon.colcon_core.package_identification:_identify(src/wall_following_alpha) by extensions ['ignore', 'ignore_ament_install']
[1.332s] Level 1:colcon.colcon_core.package_identification:_identify(src/wall_following_alpha) by extension 'ignore'
[1.332s] Level 1:colcon.colcon_core.package_identification:_identify(src/wall_following_alpha) by extension 'ignore_ament_install'
[1.333s] Level 1:colcon.colcon_core.package_identification:_identify(src/wall_following_alpha) by extensions ['colcon_pkg']
[1.333s] Level 1:colcon.colcon_core.package_identification:_identify(src/wall_following_alpha) by extension 'colcon_pkg'
[1.333s] Level 1:colcon.colcon_core.package_identification:_identify(src/wall_following_alpha) by extensions ['colcon_meta']
[1.333s] Level 1:colcon.colcon_core.package_identification:_identify(src/wall_following_alpha) by extension 'colcon_meta'
[1.333s] Level 1:colcon.colcon_core.package_identification:_identify(src/wall_following_alpha) by extensions ['ros']
[1.333s] Level 1:colcon.colcon_core.package_identification:_identify(src/wall_following_alpha) by extension 'ros'
[1.333s] DEBUG:colcon.colcon_core.package_identification:Package 'src/wall_following_alpha' with type 'ros.ament_python' and name 'wall_following_alpha'
[1.333s] Level 1:colcon.colcon_core.package_discovery:discover_packages(recursive) using defaults
[1.334s] Level 1:colcon.colcon_core.package_discovery:discover_packages(ignore) discover
[1.334s] Level 1:colcon.colcon_core.package_discovery:discover_packages(ignore) using defaults
[1.334s] Level 1:colcon.colcon_core.package_discovery:discover_packages(path) discover
[1.334s] Level 1:colcon.colcon_core.package_discovery:discover_packages(path) using defaults
[1.442s] Level 1:colcon.colcon_core.package_discovery:discover_packages(prefix_path) check parameters
[1.442s] Level 1:colcon.colcon_core.package_discovery:discover_packages(prefix_path) discover
[1.477s] DEBUG:colcon.colcon_installed_package_information.package_discovery:Found 3 installed packages in /home/epsdelta/Documents/RoboticaMovil/ros2_ws_2401/install
[1.506s] DEBUG:colcon.colcon_installed_package_information.package_discovery:Found 392 installed packages in /opt/ros/humble
[1.508s] Level 1:colcon.colcon_core.package_discovery:discover_packages(prefix_path) using defaults
[1.626s] Level 5:colcon.colcon_core.verb:set package 'f112th_sim_2401_alpha' build argument 'cmake_args' from command line to 'None'
[1.626s] Level 5:colcon.colcon_core.verb:set package 'f112th_sim_2401_alpha' build argument 'cmake_target' from command line to 'None'
[1.627s] Level 5:colcon.colcon_core.verb:set package 'f112th_sim_2401_alpha' build argument 'cmake_target_skip_unavailable' from command line to 'False'
[1.627s] Level 5:colcon.colcon_core.verb:set package 'f112th_sim_2401_alpha' build argument 'cmake_clean_cache' from command line to 'False'
[1.627s] Level 5:colcon.colcon_core.verb:set package 'f112th_sim_2401_alpha' build argument 'cmake_clean_first' from command line to 'False'
[1.627s] Level 5:colcon.colcon_core.verb:set package 'f112th_sim_2401_alpha' build argument 'cmake_force_configure' from command line to 'False'
[1.627s] Level 5:colcon.colcon_core.verb:set package 'f112th_sim_2401_alpha' build argument 'ament_cmake_args' from command line to 'None'
[1.627s] Level 5:colcon.colcon_core.verb:set package 'f112th_sim_2401_alpha' build argument 'catkin_cmake_args' from command line to 'None'
[1.627s] Level 5:colcon.colcon_core.verb:set package 'f112th_sim_2401_alpha' build argument 'catkin_skip_building_tests' from command line to 'False'
[1.627s] DEBUG:colcon.colcon_core.verb:Building package 'f112th_sim_2401_alpha' with the following arguments: {'ament_cmake_args': None, 'build_base': '/home/epsdelta/Documents/RoboticaMovil/ros2_ws_2401/build/f112th_sim_2401_alpha', 'catkin_cmake_args': None, 'catkin_skip_building_tests': False, 'cmake_args': None, 'cmake_clean_cache': False, 'cmake_clean_first': False, 'cmake_force_configure': False, 'cmake_target': None, 'cmake_target_skip_unavailable': False, 'install_base': '/home/epsdelta/Documents/RoboticaMovil/ros2_ws_2401/install/f112th_sim_2401_alpha', 'merge_install': False, 'path': '/home/epsdelta/Documents/RoboticaMovil/ros2_ws_2401/src/f112th_sim_2401_alpha', 'symlink_install': True, 'test_result_base': None}
[1.644s] Level 5:colcon.colcon_core.verb:set package 'joy_tester' build argument 'cmake_args' from command line to 'None'
[1.644s] Level 5:colcon.colcon_core.verb:set package 'joy_tester' build argument 'cmake_target' from command line to 'None'
[1.644s] Level 5:colcon.colcon_core.verb:set package 'joy_tester' build argument 'cmake_target_skip_unavailable' from command line to 'False'
[1.644s] Level 5:colcon.colcon_core.verb:set package 'joy_tester' build argument 'cmake_clean_cache' from command line to 'False'
[1.644s] Level 5:colcon.colcon_core.verb:set package 'joy_tester' build argument 'cmake_clean_first' from command line to 'False'
[1.644s] Level 5:colcon.colcon_core.verb:set package 'joy_tester' build argument 'cmake_force_configure' from command line to 'False'
[1.644s] Level 5:colcon.colcon_core.verb:set package 'joy_tester' build argument 'ament_cmake_args' from command line to 'None'
[1.644s] Level 5:colcon.colcon_core.verb:set package 'joy_tester' build argument 'catkin_cmake_args' from command line to 'None'
[1.644s] Level 5:colcon.colcon_core.verb:set package 'joy_tester' build argument 'catkin_skip_building_tests' from command line to 'False'
[1.644s] DEBUG:colcon.colcon_core.verb:Building package 'joy_tester' with the following arguments: {'ament_cmake_args': None, 'build_base': '/home/epsdelta/Documents/RoboticaMovil/ros2_ws_2401/build/joy_tester', 'catkin_cmake_args': None, 'catkin_skip_building_tests': False, 'cmake_args': None, 'cmake_clean_cache': False, 'cmake_clean_first': False, 'cmake_force_configure': False, 'cmake_target': None, 'cmake_target_skip_unavailable': False, 'install_base': '/home/epsdelta/Documents/RoboticaMovil/ros2_ws_2401/install/joy_tester', 'merge_install': False, 'path': '/home/epsdelta/Documents/RoboticaMovil/ros2_ws_2401/src/joy_tester', 'symlink_install': True, 'test_result_base': None}
[1.661s] Level 5:colcon.colcon_core.verb:set package 'wall_following_alpha' build argument 'cmake_args' from command line to 'None'
[1.661s] Level 5:colcon.colcon_core.verb:set package 'wall_following_alpha' build argument 'cmake_target' from command line to 'None'
[1.661s] Level 5:colcon.colcon_core.verb:set package 'wall_following_alpha' build argument 'cmake_target_skip_unavailable' from command line to 'False'
[1.661s] Level 5:colcon.colcon_core.verb:set package 'wall_following_alpha' build argument 'cmake_clean_cache' from command line to 'False'
[1.661s] Level 5:colcon.colcon_core.verb:set package 'wall_following_alpha' build argument 'cmake_clean_first' from command line to 'False'
[1.661s] Level 5:colcon.colcon_core.verb:set package 'wall_following_alpha' build argument 'cmake_force_configure' from command line to 'False'
[1.661s] Level 5:colcon.colcon_core.verb:set package 'wall_following_alpha' build argument 'ament_cmake_args' from command line to 'None'
[1.661s] Level 5:colcon.colcon_core.verb:set package 'wall_following_alpha' build argument 'catkin_cmake_args' from command line to 'None'
[1.661s] Level 5:colcon.colcon_core.verb:set package 'wall_following_alpha' build argument 'catkin_skip_building_tests' from command line to 'False'
[1.661s] DEBUG:colcon.colcon_core.verb:Building package 'wall_following_alpha' with the following arguments: {'ament_cmake_args': None, 'build_base': '/home/epsdelta/Documents/RoboticaMovil/ros2_ws_2401/build/wall_following_alpha', 'catkin_cmake_args': None, 'catkin_skip_building_tests': False, 'cmake_args': None, 'cmake_clean_cache': False, 'cmake_clean_first': False, 'cmake_force_configure': False, 'cmake_target': None, 'cmake_target_skip_unavailable': False, 'install_base': '/home/epsdelta/Documents/RoboticaMovil/ros2_ws_2401/install/wall_following_alpha', 'merge_install': False, 'path': '/home/epsdelta/Documents/RoboticaMovil/ros2_ws_2401/src/wall_following_alpha', 'symlink_install': True, 'test_result_base': None}
[1.677s] INFO:colcon.colcon_core.executor:Executing jobs using 'parallel' executor
[1.694s] DEBUG:colcon.colcon_parallel_executor.executor.parallel:run_until_complete
[1.694s] INFO:colcon.colcon_ros.task.ament_cmake.build:Building ROS package in '/home/epsdelta/Documents/RoboticaMovil/ros2_ws_2401/src/f112th_sim_2401_alpha' with build type 'ament_cmake'
[1.694s] INFO:colcon.colcon_cmake.task.cmake.build:Building CMake package in '/home/epsdelta/Documents/RoboticaMovil/ros2_ws_2401/src/f112th_sim_2401_alpha'
[1.712s] INFO:colcon.colcon_core.plugin_system:Skipping extension 'colcon_core.shell.bat': Not used on non-Windows systems
[1.712s] INFO:colcon.colcon_core.shell:Skip shell extension 'powershell' for command environment: Not usable outside of PowerShell
[1.712s] DEBUG:colcon.colcon_core.shell:Skip shell extension 'dsv' for command environment
[1.765s] INFO:colcon.colcon_ros.task.ament_python.build:Building ROS package in '/home/epsdelta/Documents/RoboticaMovil/ros2_ws_2401/src/joy_tester' with build type 'ament_python'
[1.765s] Level 1:colcon.colcon_core.shell:create_environment_hook('joy_tester', 'ament_prefix_path')
[1.783s] INFO:colcon.colcon_core.shell:Creating environment hook '/home/epsdelta/Documents/RoboticaMovil/ros2_ws_2401/install/joy_tester/share/joy_tester/hook/ament_prefix_path.ps1'
[1.784s] INFO:colcon.colcon_core.shell:Creating environment descriptor '/home/epsdelta/Documents/RoboticaMovil/ros2_ws_2401/install/joy_tester/share/joy_tester/hook/ament_prefix_path.dsv'
[1.784s] INFO:colcon.colcon_core.shell:Creating environment hook '/home/epsdelta/Documents/RoboticaMovil/ros2_ws_2401/install/joy_tester/share/joy_tester/hook/ament_prefix_path.sh'
[1.803s] INFO:colcon.colcon_core.shell:Skip shell extension 'powershell' for command environment: Not usable outside of PowerShell
[1.803s] DEBUG:colcon.colcon_core.shell:Skip shell extension 'dsv' for command environment
[1.859s] INFO:colcon.colcon_ros.task.ament_python.build:Building ROS package in '/home/epsdelta/Documents/RoboticaMovil/ros2_ws_2401/src/wall_following_alpha' with build type 'ament_python'
[1.859s] Level 1:colcon.colcon_core.shell:create_environment_hook('wall_following_alpha', 'ament_prefix_path')
[1.876s] INFO:colcon.colcon_core.shell:Creating environment hook '/home/epsdelta/Documents/RoboticaMovil/ros2_ws_2401/install/wall_following_alpha/share/wall_following_alpha/hook/ament_prefix_path.ps1'
[1.876s] INFO:colcon.colcon_core.shell:Creating environment descriptor '/home/epsdelta/Documents/RoboticaMovil/ros2_ws_2401/install/wall_following_alpha/share/wall_following_alpha/hook/ament_prefix_path.dsv'
[1.876s] INFO:colcon.colcon_core.shell:Creating environment hook '/home/epsdelta/Documents/RoboticaMovil/ros2_ws_2401/install/wall_following_alpha/share/wall_following_alpha/hook/ament_prefix_path.sh'
[1.894s] INFO:colcon.colcon_core.shell:Skip shell extension 'powershell' for command environment: Not usable outside of PowerShell
[1.894s] DEBUG:colcon.colcon_core.shell:Skip shell extension 'dsv' for command environment
[1.969s] DEBUG:colcon.colcon_core.event_handler.log_command:Invoking command in '/home/epsdelta/Documents/RoboticaMovil/ros2_ws_2401/build/f112th_sim_2401_alpha': CMAKE_PREFIX_PATH=${CMAKE_PREFIX_PATH}:/home/epsdelta/Documents/RoboticaMovil/ros2_ws_2401/install/wall_following_alpha:/home/epsdelta/Documents/RoboticaMovil/ros2_ws_2401/install/joy_tester:/opt/ros/humble /usr/bin/cmake /home/epsdelta/Documents/RoboticaMovil/ros2_ws_2401/src/f112th_sim_2401_alpha -DAMENT_CMAKE_SYMLINK_INSTALL=1 -DCMAKE_INSTALL_PREFIX=/home/epsdelta/Documents/RoboticaMovil/ros2_ws_2401/install/f112th_sim_2401_alpha
[2.333s] INFO:colcon.colcon_core.task.python.build:Building Python package in '/home/epsdelta/Documents/RoboticaMovil/ros2_ws_2401/src/joy_tester'
[2.350s] INFO:colcon.colcon_core.shell:Skip shell extension 'powershell' for command environment: Not usable outside of PowerShell
[2.351s] DEBUG:colcon.colcon_core.shell:Skip shell extension 'dsv' for command environment
[2.701s] INFO:colcon.colcon_core.task.python.build:Building Python package in '/home/epsdelta/Documents/RoboticaMovil/ros2_ws_2401/src/wall_following_alpha'
[2.719s] INFO:colcon.colcon_core.shell:Skip shell extension 'powershell' for command environment: Not usable outside of PowerShell
[2.719s] DEBUG:colcon.colcon_core.shell:Skip shell extension 'dsv' for command environment
[2.773s] DEBUG:colcon.colcon_core.event_handler.log_command:Invoked command in '/home/epsdelta/Documents/RoboticaMovil/ros2_ws_2401/build/f112th_sim_2401_alpha' returned '0': CMAKE_PREFIX_PATH=${CMAKE_PREFIX_PATH}:/home/epsdelta/Documents/RoboticaMovil/ros2_ws_2401/install/wall_following_alpha:/home/epsdelta/Documents/RoboticaMovil/ros2_ws_2401/install/joy_tester:/opt/ros/humble /usr/bin/cmake /home/epsdelta/Documents/RoboticaMovil/ros2_ws_2401/src/f112th_sim_2401_alpha -DAMENT_CMAKE_SYMLINK_INSTALL=1 -DCMAKE_INSTALL_PREFIX=/home/epsdelta/Documents/RoboticaMovil/ros2_ws_2401/install/f112th_sim_2401_alpha
[2.775s] DEBUG:colcon.colcon_core.event_handler.log_command:Invoking command in '/home/epsdelta/Documents/RoboticaMovil/ros2_ws_2401/build/f112th_sim_2401_alpha': CMAKE_PREFIX_PATH=${CMAKE_PREFIX_PATH}:/home/epsdelta/Documents/RoboticaMovil/ros2_ws_2401/install/wall_following_alpha:/home/epsdelta/Documents/RoboticaMovil/ros2_ws_2401/install/joy_tester:/opt/ros/humble /usr/bin/cmake --build /home/epsdelta/Documents/RoboticaMovil/ros2_ws_2401/build/f112th_sim_2401_alpha -- -j4 -l4
[2.827s] DEBUG:colcon.colcon_core.event_handler.log_command:Invoked command in '/home/epsdelta/Documents/RoboticaMovil/ros2_ws_2401/build/f112th_sim_2401_alpha' returned '0': CMAKE_PREFIX_PATH=${CMAKE_PREFIX_PATH}:/home/epsdelta/Documents/RoboticaMovil/ros2_ws_2401/install/wall_following_alpha:/home/epsdelta/Documents/RoboticaMovil/ros2_ws_2401/install/joy_tester:/opt/ros/humble /usr/bin/cmake --build /home/epsdelta/Documents/RoboticaMovil/ros2_ws_2401/build/f112th_sim_2401_alpha -- -j4 -l4
[2.863s] DEBUG:colcon.colcon_core.event_handler.log_command:Invoking command in '/home/epsdelta/Documents/RoboticaMovil/ros2_ws_2401/build/f112th_sim_2401_alpha': CMAKE_PREFIX_PATH=${CMAKE_PREFIX_PATH}:/home/epsdelta/Documents/RoboticaMovil/ros2_ws_2401/install/wall_following_alpha:/home/epsdelta/Documents/RoboticaMovil/ros2_ws_2401/install/joy_tester:/opt/ros/humble /usr/bin/cmake --install /home/epsdelta/Documents/RoboticaMovil/ros2_ws_2401/build/f112th_sim_2401_alpha
[2.906s] Level 1:colcon.colcon_core.environment:create_environment_scripts_only(f112th_sim_2401_alpha)
[2.907s] DEBUG:colcon.colcon_core.event_handler.log_command:Invoked command in '/home/epsdelta/Documents/RoboticaMovil/ros2_ws_2401/build/f112th_sim_2401_alpha' returned '0': CMAKE_PREFIX_PATH=${CMAKE_PREFIX_PATH}:/home/epsdelta/Documents/RoboticaMovil/ros2_ws_2401/install/wall_following_alpha:/home/epsdelta/Documents/RoboticaMovil/ros2_ws_2401/install/joy_tester:/opt/ros/humble /usr/bin/cmake --install /home/epsdelta/Documents/RoboticaMovil/ros2_ws_2401/build/f112th_sim_2401_alpha
[2.929s] Level 1:colcon.colcon_core.environment:checking '/home/epsdelta/Documents/RoboticaMovil/ros2_ws_2401/install/f112th_sim_2401_alpha' for CMake module files
[2.930s] Level 1:colcon.colcon_core.environment:checking '/home/epsdelta/Documents/RoboticaMovil/ros2_ws_2401/install/f112th_sim_2401_alpha' for CMake config files
[2.930s] Level 1:colcon.colcon_core.shell:create_environment_hook('f112th_sim_2401_alpha', 'cmake_prefix_path')
[2.949s] INFO:colcon.colcon_core.shell:Creating environment hook '/home/epsdelta/Documents/RoboticaMovil/ros2_ws_2401/install/f112th_sim_2401_alpha/share/f112th_sim_2401_alpha/hook/cmake_prefix_path.ps1'
[2.949s] INFO:colcon.colcon_core.shell:Creating environment descriptor '/home/epsdelta/Documents/RoboticaMovil/ros2_ws_2401/install/f112th_sim_2401_alpha/share/f112th_sim_2401_alpha/hook/cmake_prefix_path.dsv'
[2.950s] INFO:colcon.colcon_core.shell:Creating environment hook '/home/epsdelta/Documents/RoboticaMovil/ros2_ws_2401/install/f112th_sim_2401_alpha/share/f112th_sim_2401_alpha/hook/cmake_prefix_path.sh'
[2.951s] Level 1:colcon.colcon_core.environment:checking '/home/epsdelta/Documents/RoboticaMovil/ros2_ws_2401/install/f112th_sim_2401_alpha/bin'
[2.951s] Level 1:colcon.colcon_core.environment:checking '/home/epsdelta/Documents/RoboticaMovil/ros2_ws_2401/install/f112th_sim_2401_alpha/lib/pkgconfig/f112th_sim_2401_alpha.pc'
[2.951s] Level 1:colcon.colcon_core.environment:checking '/home/epsdelta/Documents/RoboticaMovil/ros2_ws_2401/install/f112th_sim_2401_alpha/lib/python3.10/site-packages'
[2.951s] Level 1:colcon.colcon_core.environment:checking '/home/epsdelta/Documents/RoboticaMovil/ros2_ws_2401/install/f112th_sim_2401_alpha/bin'
[2.970s] INFO:colcon.colcon_core.shell:Creating package script '/home/epsdelta/Documents/RoboticaMovil/ros2_ws_2401/install/f112th_sim_2401_alpha/share/f112th_sim_2401_alpha/package.ps1'
[2.971s] INFO:colcon.colcon_core.shell:Creating package descriptor '/home/epsdelta/Documents/RoboticaMovil/ros2_ws_2401/install/f112th_sim_2401_alpha/share/f112th_sim_2401_alpha/package.dsv'
[2.971s] INFO:colcon.colcon_core.shell:Creating package script '/home/epsdelta/Documents/RoboticaMovil/ros2_ws_2401/install/f112th_sim_2401_alpha/share/f112th_sim_2401_alpha/package.sh'
[2.972s] INFO:colcon.colcon_core.shell:Creating package script '/home/epsdelta/Documents/RoboticaMovil/ros2_ws_2401/install/f112th_sim_2401_alpha/share/f112th_sim_2401_alpha/package.bash'
[2.973s] INFO:colcon.colcon_core.shell:Creating package script '/home/epsdelta/Documents/RoboticaMovil/ros2_ws_2401/install/f112th_sim_2401_alpha/share/f112th_sim_2401_alpha/package.zsh'
[2.974s] Level 1:colcon.colcon_core.environment:create_file_with_runtime_dependencies(/home/epsdelta/Documents/RoboticaMovil/ros2_ws_2401/install/f112th_sim_2401_alpha/share/colcon-core/packages/f112th_sim_2401_alpha)
[3.012s] Level 1:colcon.colcon_core.environment:create_environment_scripts_only(f112th_sim_2401_alpha)
[3.034s] Level 1:colcon.colcon_core.environment:checking '/home/epsdelta/Documents/RoboticaMovil/ros2_ws_2401/install/f112th_sim_2401_alpha' for CMake module files
[3.035s] Level 1:colcon.colcon_core.environment:checking '/home/epsdelta/Documents/RoboticaMovil/ros2_ws_2401/install/f112th_sim_2401_alpha' for CMake config files
[3.036s] Level 1:colcon.colcon_core.shell:create_environment_hook('f112th_sim_2401_alpha', 'cmake_prefix_path')
[3.054s] INFO:colcon.colcon_core.shell:Creating environment hook '/home/epsdelta/Documents/RoboticaMovil/ros2_ws_2401/install/f112th_sim_2401_alpha/share/f112th_sim_2401_alpha/hook/cmake_prefix_path.ps1'
[3.055s] INFO:colcon.colcon_core.shell:Creating environment descriptor '/home/epsdelta/Documents/RoboticaMovil/ros2_ws_2401/install/f112th_sim_2401_alpha/share/f112th_sim_2401_alpha/hook/cmake_prefix_path.dsv'
[3.055s] INFO:colcon.colcon_core.shell:Creating environment hook '/home/epsdelta/Documents/RoboticaMovil/ros2_ws_2401/install/f112th_sim_2401_alpha/share/f112th_sim_2401_alpha/hook/cmake_prefix_path.sh'
[3.056s] Level 1:colcon.colcon_core.environment:checking '/home/epsdelta/Documents/RoboticaMovil/ros2_ws_2401/install/f112th_sim_2401_alpha/bin'
[3.056s] Level 1:colcon.colcon_core.environment:checking '/home/epsdelta/Documents/RoboticaMovil/ros2_ws_2401/install/f112th_sim_2401_alpha/lib/pkgconfig/f112th_sim_2401_alpha.pc'
[3.057s] Level 1:colcon.colcon_core.environment:checking '/home/epsdelta/Documents/RoboticaMovil/ros2_ws_2401/install/f112th_sim_2401_alpha/lib/python3.10/site-packages'
[3.057s] Level 1:colcon.colcon_core.environment:checking '/home/epsdelta/Documents/RoboticaMovil/ros2_ws_2401/install/f112th_sim_2401_alpha/bin'
[3.075s] INFO:colcon.colcon_core.shell:Creating package script '/home/epsdelta/Documents/RoboticaMovil/ros2_ws_2401/install/f112th_sim_2401_alpha/share/f112th_sim_2401_alpha/package.ps1'
[3.076s] INFO:colcon.colcon_core.shell:Creating package descriptor '/home/epsdelta/Documents/RoboticaMovil/ros2_ws_2401/install/f112th_sim_2401_alpha/share/f112th_sim_2401_alpha/package.dsv'
[3.076s] INFO:colcon.colcon_core.shell:Creating package script '/home/epsdelta/Documents/RoboticaMovil/ros2_ws_2401/install/f112th_sim_2401_alpha/share/f112th_sim_2401_alpha/package.sh'
[3.077s] INFO:colcon.colcon_core.shell:Creating package script '/home/epsdelta/Documents/RoboticaMovil/ros2_ws_2401/install/f112th_sim_2401_alpha/share/f112th_sim_2401_alpha/package.bash'
[3.077s] INFO:colcon.colcon_core.shell:Creating package script '/home/epsdelta/Documents/RoboticaMovil/ros2_ws_2401/install/f112th_sim_2401_alpha/share/f112th_sim_2401_alpha/package.zsh'
[3.078s] Level 1:colcon.colcon_core.environment:create_file_with_runtime_dependencies(/home/epsdelta/Documents/RoboticaMovil/ros2_ws_2401/install/f112th_sim_2401_alpha/share/colcon-core/packages/f112th_sim_2401_alpha)
[3.343s] DEBUG:colcon.colcon_core.task.python.build:While undoing a previous installation files outside the Python library path are being ignored: /home/epsdelta/Documents/RoboticaMovil/ros2_ws_2401/install/wall_following_alpha/share/ament_index/resource_index/packages/wall_following_alpha
[3.343s] DEBUG:colcon.colcon_core.task.python.build:While undoing a previous installation files outside the Python library path are being ignored: /home/epsdelta/Documents/RoboticaMovil/ros2_ws_2401/install/wall_following_alpha/share/wall_following_alpha/package.xml
[3.343s] DEBUG:colcon.colcon_core.task.python.build:While undoing a previous installation files outside the Python library path are being ignored: /home/epsdelta/Documents/RoboticaMovil/ros2_ws_2401/install/wall_following_alpha/share/wall_following_alpha/wall_following_alpha.launch.py
[3.343s] DEBUG:colcon.colcon_core.task.python.build:While undoing a previous installation files outside the Python library path are being ignored: /home/epsdelta/Documents/RoboticaMovil/ros2_ws_2401/install/wall_following_alpha/share/wall_following_alpha/config.yaml
[3.343s] DEBUG:colcon.colcon_core.task.python.build:While undoing a previous installation files outside the Python library path are being ignored: /home/epsdelta/Documents/RoboticaMovil/ros2_ws_2401/install/wall_following_alpha/lib/wall_following_alpha/break
[3.343s] DEBUG:colcon.colcon_core.task.python.build:While undoing a previous installation files outside the Python library path are being ignored: /home/epsdelta/Documents/RoboticaMovil/ros2_ws_2401/install/wall_following_alpha/lib/wall_following_alpha/control_alpha
[3.343s] DEBUG:colcon.colcon_core.task.python.build:While undoing a previous installation files outside the Python library path are being ignored: /home/epsdelta/Documents/RoboticaMovil/ros2_ws_2401/install/wall_following_alpha/lib/wall_following_alpha/dist_finder_alpha
[3.343s] DEBUG:colcon.colcon_core.task.python.build:While undoing a previous installation files outside the Python library path are being ignored: /home/epsdelta/Documents/RoboticaMovil/ros2_ws_2401/install/wall_following_alpha/lib/wall_following_alpha/gap_control_alpha
[3.347s] DEBUG:colcon.colcon_core.event_handler.log_command:Invoking command in '/home/epsdelta/Documents/RoboticaMovil/ros2_ws_2401/build/wall_following_alpha': PYTHONPATH=/home/epsdelta/Documents/RoboticaMovil/ros2_ws_2401/build/wall_following_alpha/prefix_override:/home/epsdelta/Documents/RoboticaMovil/ros2_ws_2401/install/wall_following_alpha/lib/python3.10/site-packages:${PYTHONPATH} /usr/bin/python3 setup.py develop --editable --build-directory /home/epsdelta/Documents/RoboticaMovil/ros2_ws_2401/build/wall_following_alpha/build --no-deps install_data
[3.347s] DEBUG:colcon.colcon_core.task.python.build:While undoing a previous installation files outside the Python library path are being ignored: /home/epsdelta/Documents/RoboticaMovil/ros2_ws_2401/install/joy_tester/share/ament_index/resource_index/packages/joy_tester
[3.348s] DEBUG:colcon.colcon_core.task.python.build:While undoing a previous installation files outside the Python library path are being ignored: /home/epsdelta/Documents/RoboticaMovil/ros2_ws_2401/install/joy_tester/share/joy_tester/package.xml
[3.348s] DEBUG:colcon.colcon_core.task.python.build:While undoing a previous installation files outside the Python library path are being ignored: /home/epsdelta/Documents/RoboticaMovil/ros2_ws_2401/install/joy_tester/lib/joy_tester/test_joy
[3.351s] DEBUG:colcon.colcon_core.event_handler.log_command:Invoking command in '/home/epsdelta/Documents/RoboticaMovil/ros2_ws_2401/build/joy_tester': PYTHONPATH=/home/epsdelta/Documents/RoboticaMovil/ros2_ws_2401/build/joy_tester/prefix_override:/home/epsdelta/Documents/RoboticaMovil/ros2_ws_2401/install/joy_tester/lib/python3.10/site-packages:${PYTHONPATH} /usr/bin/python3 setup.py develop --editable --build-directory /home/epsdelta/Documents/RoboticaMovil/ros2_ws_2401/build/joy_tester/build --no-deps install_data
[3.946s] Level 1:colcon.colcon_core.shell:create_environment_hook('joy_tester', 'pythonpath_develop')
[3.947s] DEBUG:colcon.colcon_core.event_handler.log_command:Invoked command in '/home/epsdelta/Documents/RoboticaMovil/ros2_ws_2401/build/joy_tester' returned '0': PYTHONPATH=/home/epsdelta/Documents/RoboticaMovil/ros2_ws_2401/build/joy_tester/prefix_override:/home/epsdelta/Documents/RoboticaMovil/ros2_ws_2401/install/joy_tester/lib/python3.10/site-packages:${PYTHONPATH} /usr/bin/python3 setup.py develop --editable --build-directory /home/epsdelta/Documents/RoboticaMovil/ros2_ws_2401/build/joy_tester/build --no-deps install_data
[3.970s] INFO:colcon.colcon_core.shell:Creating environment hook '/home/epsdelta/Documents/RoboticaMovil/ros2_ws_2401/build/joy_tester/share/joy_tester/hook/pythonpath_develop.ps1'
[3.970s] INFO:colcon.colcon_core.shell:Creating environment descriptor '/home/epsdelta/Documents/RoboticaMovil/ros2_ws_2401/build/joy_tester/share/joy_tester/hook/pythonpath_develop.dsv'
[3.970s] INFO:colcon.colcon_core.shell:Creating environment hook '/home/epsdelta/Documents/RoboticaMovil/ros2_ws_2401/build/joy_tester/share/joy_tester/hook/pythonpath_develop.sh'
[3.988s] Level 1:colcon.colcon_core.environment:checking '/home/epsdelta/Documents/RoboticaMovil/ros2_ws_2401/install/joy_tester' for CMake module files
[3.988s] Level 1:colcon.colcon_core.environment:checking '/home/epsdelta/Documents/RoboticaMovil/ros2_ws_2401/install/joy_tester' for CMake config files
[3.989s] Level 1:colcon.colcon_core.environment:checking '/home/epsdelta/Documents/RoboticaMovil/ros2_ws_2401/install/joy_tester/lib'
[3.989s] Level 1:colcon.colcon_core.environment:checking '/home/epsdelta/Documents/RoboticaMovil/ros2_ws_2401/install/joy_tester/bin'
[3.989s] Level 1:colcon.colcon_core.environment:checking '/home/epsdelta/Documents/RoboticaMovil/ros2_ws_2401/install/joy_tester/lib/pkgconfig/joy_tester.pc'
[3.989s] Level 1:colcon.colcon_core.environment:checking '/home/epsdelta/Documents/RoboticaMovil/ros2_ws_2401/install/joy_tester/lib/python3.10/site-packages'
[3.989s] Level 1:colcon.colcon_core.shell:create_environment_hook('joy_tester', 'pythonpath')
[4.006s] INFO:colcon.colcon_core.shell:Creating environment hook '/home/epsdelta/Documents/RoboticaMovil/ros2_ws_2401/install/joy_tester/share/joy_tester/hook/pythonpath.ps1'
[4.007s] INFO:colcon.colcon_core.shell:Creating environment descriptor '/home/epsdelta/Documents/RoboticaMovil/ros2_ws_2401/install/joy_tester/share/joy_tester/hook/pythonpath.dsv'
[4.007s] INFO:colcon.colcon_core.shell:Creating environment hook '/home/epsdelta/Documents/RoboticaMovil/ros2_ws_2401/install/joy_tester/share/joy_tester/hook/pythonpath.sh'
[4.007s] Level 1:colcon.colcon_core.environment:checking '/home/epsdelta/Documents/RoboticaMovil/ros2_ws_2401/install/joy_tester/bin'
[4.008s] Level 1:colcon.colcon_core.environment:create_environment_scripts_only(joy_tester)
[4.025s] INFO:colcon.colcon_core.shell:Creating package script '/home/epsdelta/Documents/RoboticaMovil/ros2_ws_2401/install/joy_tester/share/joy_tester/package.ps1'
[4.025s] INFO:colcon.colcon_core.shell:Creating package descriptor '/home/epsdelta/Documents/RoboticaMovil/ros2_ws_2401/install/joy_tester/share/joy_tester/package.dsv'
[4.026s] INFO:colcon.colcon_core.shell:Creating package script '/home/epsdelta/Documents/RoboticaMovil/ros2_ws_2401/install/joy_tester/share/joy_tester/package.sh'
[4.026s] INFO:colcon.colcon_core.shell:Creating package script '/home/epsdelta/Documents/RoboticaMovil/ros2_ws_2401/install/joy_tester/share/joy_tester/package.bash'
[4.026s] INFO:colcon.colcon_core.shell:Creating package script '/home/epsdelta/Documents/RoboticaMovil/ros2_ws_2401/install/joy_tester/share/joy_tester/package.zsh'
[4.027s] Level 1:colcon.colcon_core.environment:create_file_with_runtime_dependencies(/home/epsdelta/Documents/RoboticaMovil/ros2_ws_2401/install/joy_tester/share/colcon-core/packages/joy_tester)
[4.028s] Level 1:colcon.colcon_core.shell:create_environment_hook('wall_following_alpha', 'pythonpath_develop')
[4.029s] DEBUG:colcon.colcon_core.event_handler.log_command:Invoked command in '/home/epsdelta/Documents/RoboticaMovil/ros2_ws_2401/build/wall_following_alpha' returned '0': PYTHONPATH=/home/epsdelta/Documents/RoboticaMovil/ros2_ws_2401/build/wall_following_alpha/prefix_override:/home/epsdelta/Documents/RoboticaMovil/ros2_ws_2401/install/wall_following_alpha/lib/python3.10/site-packages:${PYTHONPATH} /usr/bin/python3 setup.py develop --editable --build-directory /home/epsdelta/Documents/RoboticaMovil/ros2_ws_2401/build/wall_following_alpha/build --no-deps install_data
[4.047s] INFO:colcon.colcon_core.shell:Creating environment hook '/home/epsdelta/Documents/RoboticaMovil/ros2_ws_2401/build/wall_following_alpha/share/wall_following_alpha/hook/pythonpath_develop.ps1'
[4.047s] INFO:colcon.colcon_core.shell:Creating environment descriptor '/home/epsdelta/Documents/RoboticaMovil/ros2_ws_2401/build/wall_following_alpha/share/wall_following_alpha/hook/pythonpath_develop.dsv'
[4.048s] INFO:colcon.colcon_core.shell:Creating environment hook '/home/epsdelta/Documents/RoboticaMovil/ros2_ws_2401/build/wall_following_alpha/share/wall_following_alpha/hook/pythonpath_develop.sh'
[4.065s] Level 1:colcon.colcon_core.environment:checking '/home/epsdelta/Documents/RoboticaMovil/ros2_ws_2401/install/wall_following_alpha' for CMake module files
[4.065s] Level 1:colcon.colcon_core.environment:checking '/home/epsdelta/Documents/RoboticaMovil/ros2_ws_2401/install/wall_following_alpha' for CMake config files
[4.066s] Level 1:colcon.colcon_core.environment:checking '/home/epsdelta/Documents/RoboticaMovil/ros2_ws_2401/install/wall_following_alpha/lib'
[4.066s] Level 1:colcon.colcon_core.environment:checking '/home/epsdelta/Documents/RoboticaMovil/ros2_ws_2401/install/wall_following_alpha/bin'
[4.066s] Level 1:colcon.colcon_core.environment:checking '/home/epsdelta/Documents/RoboticaMovil/ros2_ws_2401/install/wall_following_alpha/lib/pkgconfig/wall_following_alpha.pc'
[4.066s] Level 1:colcon.colcon_core.environment:checking '/home/epsdelta/Documents/RoboticaMovil/ros2_ws_2401/install/wall_following_alpha/lib/python3.10/site-packages'
[4.066s] Level 1:colcon.colcon_core.shell:create_environment_hook('wall_following_alpha', 'pythonpath')
[4.083s] INFO:colcon.colcon_core.shell:Creating environment hook '/home/epsdelta/Documents/RoboticaMovil/ros2_ws_2401/install/wall_following_alpha/share/wall_following_alpha/hook/pythonpath.ps1'
[4.083s] INFO:colcon.colcon_core.shell:Creating environment descriptor '/home/epsdelta/Documents/RoboticaMovil/ros2_ws_2401/install/wall_following_alpha/share/wall_following_alpha/hook/pythonpath.dsv'
[4.083s] INFO:colcon.colcon_core.shell:Creating environment hook '/home/epsdelta/Documents/RoboticaMovil/ros2_ws_2401/install/wall_following_alpha/share/wall_following_alpha/hook/pythonpath.sh'
[4.084s] Level 1:colcon.colcon_core.environment:checking '/home/epsdelta/Documents/RoboticaMovil/ros2_ws_2401/install/wall_following_alpha/bin'
[4.084s] Level 1:colcon.colcon_core.environment:create_environment_scripts_only(wall_following_alpha)
[4.101s] INFO:colcon.colcon_core.shell:Creating package script '/home/epsdelta/Documents/RoboticaMovil/ros2_ws_2401/install/wall_following_alpha/share/wall_following_alpha/package.ps1'
[4.102s] INFO:colcon.colcon_core.shell:Creating package descriptor '/home/epsdelta/Documents/RoboticaMovil/ros2_ws_2401/install/wall_following_alpha/share/wall_following_alpha/package.dsv'
[4.102s] INFO:colcon.colcon_core.shell:Creating package script '/home/epsdelta/Documents/RoboticaMovil/ros2_ws_2401/install/wall_following_alpha/share/wall_following_alpha/package.sh'
[4.102s] INFO:colcon.colcon_core.shell:Creating package script '/home/epsdelta/Documents/RoboticaMovil/ros2_ws_2401/install/wall_following_alpha/share/wall_following_alpha/package.bash'
[4.103s] INFO:colcon.colcon_core.shell:Creating package script '/home/epsdelta/Documents/RoboticaMovil/ros2_ws_2401/install/wall_following_alpha/share/wall_following_alpha/package.zsh'
[4.103s] Level 1:colcon.colcon_core.environment:create_file_with_runtime_dependencies(/home/epsdelta/Documents/RoboticaMovil/ros2_ws_2401/install/wall_following_alpha/share/colcon-core/packages/wall_following_alpha)
[4.103s] DEBUG:colcon.colcon_parallel_executor.executor.parallel:closing loop
[4.104s] DEBUG:colcon.colcon_parallel_executor.executor.parallel:loop closed
[4.104s] DEBUG:colcon.colcon_parallel_executor.executor.parallel:run_until_complete finished with '0'
[4.104s] DEBUG:colcon.colcon_core.event_reactor:joining thread
[4.125s] INFO:colcon.colcon_core.plugin_system:Skipping extension 'colcon_notification.desktop_notification.terminal_notifier': Not used on non-Darwin systems
[4.126s] INFO:colcon.colcon_core.plugin_system:Skipping extension 'colcon_notification.desktop_notification.win32': Not used on non-Windows systems
[4.126s] INFO:colcon.colcon_notification.desktop_notification:Sending desktop notification using 'notify2'
[4.134s] DEBUG:colcon.colcon_core.event_reactor:joined thread
[4.151s] INFO:colcon.colcon_core.shell:Creating prefix script '/home/epsdelta/Documents/RoboticaMovil/ros2_ws_2401/install/local_setup.ps1'
[4.152s] INFO:colcon.colcon_core.shell:Creating prefix util module '/home/epsdelta/Documents/RoboticaMovil/ros2_ws_2401/install/_local_setup_util_ps1.py'
[4.153s] INFO:colcon.colcon_core.shell:Creating prefix chain script '/home/epsdelta/Documents/RoboticaMovil/ros2_ws_2401/install/setup.ps1'
[4.171s] INFO:colcon.colcon_core.shell:Creating prefix script '/home/epsdelta/Documents/RoboticaMovil/ros2_ws_2401/install/local_setup.sh'
[4.172s] INFO:colcon.colcon_core.shell:Creating prefix util module '/home/epsdelta/Documents/RoboticaMovil/ros2_ws_2401/install/_local_setup_util_sh.py'
[4.172s] INFO:colcon.colcon_core.shell:Creating prefix chain script '/home/epsdelta/Documents/RoboticaMovil/ros2_ws_2401/install/setup.sh'
[4.196s] INFO:colcon.colcon_core.shell:Creating prefix script '/home/epsdelta/Documents/RoboticaMovil/ros2_ws_2401/install/local_setup.bash'
[4.197s] INFO:colcon.colcon_core.shell:Creating prefix chain script '/home/epsdelta/Documents/RoboticaMovil/ros2_ws_2401/install/setup.bash'
[4.231s] INFO:colcon.colcon_core.shell:Creating prefix script '/home/epsdelta/Documents/RoboticaMovil/ros2_ws_2401/install/local_setup.zsh'
[4.231s] INFO:colcon.colcon_core.shell:Creating prefix chain script '/home/epsdelta/Documents/RoboticaMovil/ros2_ws_2401/install/setup.zsh'
