[3.033s] Invoking command in '/home/epsdelta/Documents/RoboticaMovil/ros2_ws_2401/build/wall_following_alpha': PYTHONPATH=/home/epsdelta/Documents/RoboticaMovil/ros2_ws_2401/build/wall_following_alpha/prefix_override:/home/epsdelta/Documents/RoboticaMovil/ros2_ws_2401/install/wall_following_alpha/lib/python3.10/site-packages:${PYTHONPATH} /usr/bin/python3 setup.py develop --uninstall --editable --build-directory /home/epsdelta/Documents/RoboticaMovil/ros2_ws_2401/build/wall_following_alpha/build
[3.736s] running develop
[4.244s] Removing /home/epsdelta/Documents/RoboticaMovil/ros2_ws_2401/install/wall_following_alpha/lib/python3.10/site-packages/wall-following-alpha.egg-link (link to .)
[4.331s] Invoked command in '/home/epsdelta/Documents/RoboticaMovil/ros2_ws_2401/build/wall_following_alpha' returned '0': PYTHONPATH=/home/epsdelta/Documents/RoboticaMovil/ros2_ws_2401/build/wall_following_alpha/prefix_override:/home/epsdelta/Documents/RoboticaMovil/ros2_ws_2401/install/wall_following_alpha/lib/python3.10/site-packages:${PYTHONPATH} /usr/bin/python3 setup.py develop --uninstall --editable --build-directory /home/epsdelta/Documents/RoboticaMovil/ros2_ws_2401/build/wall_following_alpha/build
[4.335s] Invoking command in '/home/epsdelta/Documents/RoboticaMovil/ros2_ws_2401/src/wall_following_alpha': PYTHONPATH=/home/epsdelta/Documents/RoboticaMovil/ros2_ws_2401/build/wall_following_alpha/prefix_override:/home/epsdelta/Documents/RoboticaMovil/ros2_ws_2401/install/wall_following_alpha/lib/python3.10/site-packages:${PYTHONPATH} /usr/bin/python3 setup.py egg_info --egg-base ../../build/wall_following_alpha build --build-base /home/epsdelta/Documents/RoboticaMovil/ros2_ws_2401/build/wall_following_alpha/build install --record /home/epsdelta/Documents/RoboticaMovil/ros2_ws_2401/build/wall_following_alpha/install.log --single-version-externally-managed
[4.985s] running egg_info
[4.986s] writing ../../build/wall_following_alpha/wall_following_alpha.egg-info/PKG-INFO
[4.986s] writing dependency_links to ../../build/wall_following_alpha/wall_following_alpha.egg-info/dependency_links.txt
[4.986s] writing entry points to ../../build/wall_following_alpha/wall_following_alpha.egg-info/entry_points.txt
[4.987s] writing requirements to ../../build/wall_following_alpha/wall_following_alpha.egg-info/requires.txt
[4.987s] writing top-level names to ../../build/wall_following_alpha/wall_following_alpha.egg-info/top_level.txt
[4.991s] reading manifest file '../../build/wall_following_alpha/wall_following_alpha.egg-info/SOURCES.txt'
[4.993s] writing manifest file '../../build/wall_following_alpha/wall_following_alpha.egg-info/SOURCES.txt'
[4.994s] running build
[4.994s] running build_py
[4.995s] copying wall_following_alpha/gap_control_alpha.py -> /home/epsdelta/Documents/RoboticaMovil/ros2_ws_2401/build/wall_following_alpha/build/lib/wall_following_alpha
[4.996s] running install
[4.997s] running install_lib
[4.999s] copying /home/epsdelta/Documents/RoboticaMovil/ros2_ws_2401/build/wall_following_alpha/build/lib/wall_following_alpha/wall_control_alpha.py -> /home/epsdelta/Documents/RoboticaMovil/ros2_ws_2401/install/wall_following_alpha/lib/python3.10/site-packages/wall_following_alpha
[5.000s] copying /home/epsdelta/Documents/RoboticaMovil/ros2_ws_2401/build/wall_following_alpha/build/lib/wall_following_alpha/gap_control_alpha.py -> /home/epsdelta/Documents/RoboticaMovil/ros2_ws_2401/install/wall_following_alpha/lib/python3.10/site-packages/wall_following_alpha
[5.001s] copying /home/epsdelta/Documents/RoboticaMovil/ros2_ws_2401/build/wall_following_alpha/build/lib/wall_following_alpha/break.py -> /home/epsdelta/Documents/RoboticaMovil/ros2_ws_2401/install/wall_following_alpha/lib/python3.10/site-packages/wall_following_alpha
[5.001s] copying /home/epsdelta/Documents/RoboticaMovil/ros2_ws_2401/build/wall_following_alpha/build/lib/wall_following_alpha/__init__.py -> /home/epsdelta/Documents/RoboticaMovil/ros2_ws_2401/install/wall_following_alpha/lib/python3.10/site-packages/wall_following_alpha
[5.001s] copying /home/epsdelta/Documents/RoboticaMovil/ros2_ws_2401/build/wall_following_alpha/build/lib/wall_following_alpha/distance_finder_alpha.py -> /home/epsdelta/Documents/RoboticaMovil/ros2_ws_2401/install/wall_following_alpha/lib/python3.10/site-packages/wall_following_alpha
[5.002s] byte-compiling /home/epsdelta/Documents/RoboticaMovil/ros2_ws_2401/install/wall_following_alpha/lib/python3.10/site-packages/wall_following_alpha/wall_control_alpha.py to wall_control_alpha.cpython-310.pyc
[5.003s] byte-compiling /home/epsdelta/Documents/RoboticaMovil/ros2_ws_2401/install/wall_following_alpha/lib/python3.10/site-packages/wall_following_alpha/gap_control_alpha.py to gap_control_alpha.cpython-310.pyc
[5.005s] byte-compiling /home/epsdelta/Documents/RoboticaMovil/ros2_ws_2401/install/wall_following_alpha/lib/python3.10/site-packages/wall_following_alpha/break.py to break.cpython-310.pyc
[5.006s] byte-compiling /home/epsdelta/Documents/RoboticaMovil/ros2_ws_2401/install/wall_following_alpha/lib/python3.10/site-packages/wall_following_alpha/__init__.py to __init__.cpython-310.pyc
[5.007s] byte-compiling /home/epsdelta/Documents/RoboticaMovil/ros2_ws_2401/install/wall_following_alpha/lib/python3.10/site-packages/wall_following_alpha/distance_finder_alpha.py to distance_finder_alpha.cpython-310.pyc
[5.008s] running install_data
[5.010s] running install_egg_info
[5.014s] Copying ../../build/wall_following_alpha/wall_following_alpha.egg-info to /home/epsdelta/Documents/RoboticaMovil/ros2_ws_2401/install/wall_following_alpha/lib/python3.10/site-packages/wall_following_alpha-0.0.0-py3.10.egg-info
[5.015s] running install_scripts
[5.055s] Installing break script to /home/epsdelta/Documents/RoboticaMovil/ros2_ws_2401/install/wall_following_alpha/lib/wall_following_alpha
[5.056s] Installing control_alpha script to /home/epsdelta/Documents/RoboticaMovil/ros2_ws_2401/install/wall_following_alpha/lib/wall_following_alpha
[5.056s] Installing dist_finder_alpha script to /home/epsdelta/Documents/RoboticaMovil/ros2_ws_2401/install/wall_following_alpha/lib/wall_following_alpha
[5.057s] Installing gap_control_alpha script to /home/epsdelta/Documents/RoboticaMovil/ros2_ws_2401/install/wall_following_alpha/lib/wall_following_alpha
[5.058s] writing list of installed files to '/home/epsdelta/Documents/RoboticaMovil/ros2_ws_2401/build/wall_following_alpha/install.log'
[5.245s] Invoked command in '/home/epsdelta/Documents/RoboticaMovil/ros2_ws_2401/src/wall_following_alpha' returned '0': PYTHONPATH=/home/epsdelta/Documents/RoboticaMovil/ros2_ws_2401/build/wall_following_alpha/prefix_override:/home/epsdelta/Documents/RoboticaMovil/ros2_ws_2401/install/wall_following_alpha/lib/python3.10/site-packages:${PYTHONPATH} /usr/bin/python3 setup.py egg_info --egg-base ../../build/wall_following_alpha build --build-base /home/epsdelta/Documents/RoboticaMovil/ros2_ws_2401/build/wall_following_alpha/build install --record /home/epsdelta/Documents/RoboticaMovil/ros2_ws_2401/build/wall_following_alpha/install.log --single-version-externally-managed
