[3.685s] Invoking command in '/home/epsdelta/Documents/RoboticaMovil/ros2_ws_2401/src/wall_following_alpha': PYTHONPATH=/home/epsdelta/Documents/RoboticaMovil/ros2_ws_2401/build/wall_following_alpha/prefix_override:/home/epsdelta/Documents/RoboticaMovil/ros2_ws_2401/install/wall_following_alpha/lib/python3.10/site-packages:${PYTHONPATH} /usr/bin/python3 setup.py egg_info --egg-base ../../build/wall_following_alpha build --build-base /home/epsdelta/Documents/RoboticaMovil/ros2_ws_2401/build/wall_following_alpha/build install --record /home/epsdelta/Documents/RoboticaMovil/ros2_ws_2401/build/wall_following_alpha/install.log --single-version-externally-managed
[4.602s] running egg_info
[4.609s] writing ../../build/wall_following_alpha/wall_following_alpha.egg-info/PKG-INFO
[4.612s] writing dependency_links to ../../build/wall_following_alpha/wall_following_alpha.egg-info/dependency_links.txt
[4.613s] writing entry points to ../../build/wall_following_alpha/wall_following_alpha.egg-info/entry_points.txt
[4.613s] writing requirements to ../../build/wall_following_alpha/wall_following_alpha.egg-info/requires.txt
[4.615s] writing top-level names to ../../build/wall_following_alpha/wall_following_alpha.egg-info/top_level.txt
[4.617s] reading manifest file '../../build/wall_following_alpha/wall_following_alpha.egg-info/SOURCES.txt'
[4.618s] writing manifest file '../../build/wall_following_alpha/wall_following_alpha.egg-info/SOURCES.txt'
[4.619s] running build
[4.619s] running build_py
[4.619s] copying wall_following_alpha/break.py -> /home/epsdelta/Documents/RoboticaMovil/ros2_ws_2401/build/wall_following_alpha/build/lib/wall_following_alpha
[4.619s] running install
[4.621s] running install_lib
[4.637s] copying /home/epsdelta/Documents/RoboticaMovil/ros2_ws_2401/build/wall_following_alpha/build/lib/wall_following_alpha/break.py -> /home/epsdelta/Documents/RoboticaMovil/ros2_ws_2401/install/wall_following_alpha/lib/python3.10/site-packages/wall_following_alpha
[4.638s] byte-compiling /home/epsdelta/Documents/RoboticaMovil/ros2_ws_2401/install/wall_following_alpha/lib/python3.10/site-packages/wall_following_alpha/break.py to break.cpython-310.pyc
[4.639s] running install_data
[4.640s] running install_egg_info
[4.647s] removing '/home/epsdelta/Documents/RoboticaMovil/ros2_ws_2401/install/wall_following_alpha/lib/python3.10/site-packages/wall_following_alpha-0.0.0-py3.10.egg-info' (and everything under it)
[4.648s] Copying ../../build/wall_following_alpha/wall_following_alpha.egg-info to /home/epsdelta/Documents/RoboticaMovil/ros2_ws_2401/install/wall_following_alpha/lib/python3.10/site-packages/wall_following_alpha-0.0.0-py3.10.egg-info
[4.653s] running install_scripts
[4.713s] Installing break script to /home/epsdelta/Documents/RoboticaMovil/ros2_ws_2401/install/wall_following_alpha/lib/wall_following_alpha
[4.714s] Installing param_calc script to /home/epsdelta/Documents/RoboticaMovil/ros2_ws_2401/install/wall_following_alpha/lib/wall_following_alpha
[4.715s] writing list of installed files to '/home/epsdelta/Documents/RoboticaMovil/ros2_ws_2401/build/wall_following_alpha/install.log'
[4.998s] Invoked command in '/home/epsdelta/Documents/RoboticaMovil/ros2_ws_2401/src/wall_following_alpha' returned '0': PYTHONPATH=/home/epsdelta/Documents/RoboticaMovil/ros2_ws_2401/build/wall_following_alpha/prefix_override:/home/epsdelta/Documents/RoboticaMovil/ros2_ws_2401/install/wall_following_alpha/lib/python3.10/site-packages:${PYTHONPATH} /usr/bin/python3 setup.py egg_info --egg-base ../../build/wall_following_alpha build --build-base /home/epsdelta/Documents/RoboticaMovil/ros2_ws_2401/build/wall_following_alpha/build install --record /home/epsdelta/Documents/RoboticaMovil/ros2_ws_2401/build/wall_following_alpha/install.log --single-version-externally-managed
